[I] 2008-12-29 17:07:12.248 (0x0B38):ErrorCode[0]_Visual IVR Editor Started...,Version:6.9.6
[I] 2008-12-29 17:07:13.720 (0x0B38):ErrorCode[0]_Connect to Database successful! ,ConnectionString:Provider=SQLOLEDB;Integrated Security=SSPI;Data Source=127.0.0.1;Initial Catalog=dbCallcenter
[I] 2008-12-29 17:07:30.920 (0x0B38):ErrorCode[0]_Open CallFlow and Nodes Record...,Callflow ID:125 Callflow Name:大众主流程
[E] 2008-12-29 17:07:30.952 (0x0B38):ErrorCode[94]_Show Call flow on Screen got error, Callflow ID: 125,使用 Null 无效
[I] 2008-12-29 17:07:31.032 (0x0B38):ErrorCode[0]_Open Resource Record...,Project ID:12
[E] 2008-12-29 17:07:31.032 (0x0B38):ErrorCode[94]_Show Call flow on Screen got error, Callflow ID: 125,使用 Null 无效
[E] 2008-12-29 17:07:31.032 (0x0B38):ErrorCode[94]_Show Call flow on Screen got error, Callflow ID: 125,使用 Null 无效
[E] 2008-12-29 17:07:31.048 (0x0B38):ErrorCode[94]_Show Call flow on Screen got error, Callflow ID: 125,使用 Null 无效
[E] 2008-12-29 17:07:31.048 (0x0B38):ErrorCode[94]_Show Call flow on Screen got error, Callflow ID: 125,使用 Null 无效
[E] 2008-12-29 17:07:31.048 (0x0B38):ErrorCode[94]_Show Call flow on Screen got error, Callflow ID: 125,使用 Null 无效
[E] 2008-12-29 17:07:31.064 (0x0B38):ErrorCode[94]_Show Call flow on Screen got error, Callflow ID: 125,使用 Null 无效
[E] 2008-12-29 17:07:31.064 (0x0B38):ErrorCode[94]_Show Call flow on Screen got error, Callflow ID: 125,使用 Null 无效
[E] 2008-12-29 17:07:31.080 (0x0B38):ErrorCode[94]_Show Call flow on Screen got error, Callflow ID: 125,使用 Null 无效
[E] 2008-12-29 17:07:31.080 (0x0B38):ErrorCode[94]_Show Call flow on Screen got error, Callflow ID: 125,使用 Null 无效
[E] 2008-12-29 17:07:31.080 (0x0B38):ErrorCode[94]_Show Call flow on Screen got error, Callflow ID: 125,使用 Null 无效
[E] 2008-12-29 17:07:31.092 (0x0B38):ErrorCode[94]_Show Call flow on Screen got error, Callflow ID: 125,使用 Null 无效
[E] 2008-12-29 17:07:31.092 (0x0B38):ErrorCode[94]_Show Call flow on Screen got error, Callflow ID: 125,使用 Null 无效
[E] 2008-12-29 17:07:31.108 (0x0B38):ErrorCode[94]_Show Call flow on Screen got error, Callflow ID: 125,使用 Null 无效
[E] 2008-12-29 17:07:31.108 (0x0B38):ErrorCode[94]_Show Call flow on Screen got error, Callflow ID: 125,使用 Null 无效
[E] 2008-12-29 17:07:31.108 (0x0B38):ErrorCode[94]_Show Call flow on Screen got error, Callflow ID: 125,使用 Null 无效
[E] 2008-12-29 17:07:31.124 (0x0B38):ErrorCode[94]_Show Call flow on Screen got error, Callflow ID: 125,使用 Null 无效
[E] 2008-12-29 17:07:31.140 (0x0B38):ErrorCode[94]_Show Call flow on Screen got error, Callflow ID: 125,使用 Null 无效
[E] 2008-12-29 17:07:31.140 (0x0B38):ErrorCode[94]_Show Call flow on Screen got error, Callflow ID: 125,使用 Null 无效
[E] 2008-12-29 17:07:31.140 (0x0B38):ErrorCode[94]_Show Call flow on Screen got error, Callflow ID: 125,使用 Null 无效
[E] 2008-12-29 17:07:31.140 (0x0B38):ErrorCode[94]_Show Call flow on Screen got error, Callflow ID: 125,使用 Null 无效
[E] 2008-12-29 17:07:31.140 (0x0B38):ErrorCode[94]_Show Call flow on Screen got error, Callflow ID: 125,使用 Null 无效
[E] 2008-12-29 17:07:31.156 (0x0B38):ErrorCode[94]_Show Call flow on Screen got error, Callflow ID: 125,使用 Null 无效
[E] 2008-12-29 17:07:31.156 (0x0B38):ErrorCode[94]_Show Call flow on Screen got error, Callflow ID: 125,使用 Null 无效
[E] 2008-12-29 17:07:31.156 (0x0B38):ErrorCode[94]_Show Call flow on Screen got error, Callflow ID: 125,使用 Null 无效
[E] 2008-12-29 17:07:31.156 (0x0B38):ErrorCode[94]_Show Call flow on Screen got error, Callflow ID: 125,使用 Null 无效
[E] 2008-12-29 17:07:31.156 (0x0B38):ErrorCode[94]_Show Call flow on Screen got error, Callflow ID: 125,使用 Null 无效
[E] 2008-12-29 17:07:31.172 (0x0B38):ErrorCode[94]_Show Call flow on Screen got error, Callflow ID: 125,使用 Null 无效
[E] 2008-12-29 17:07:31.172 (0x0B38):ErrorCode[94]_Show Call flow on Screen got error, Callflow ID: 125,使用 Null 无效
[E] 2008-12-29 17:07:31.172 (0x0B38):ErrorCode[94]_Show Call flow on Screen got error, Callflow ID: 125,使用 Null 无效
[E] 2008-12-29 17:07:31.172 (0x0B38):ErrorCode[94]_Show Call flow on Screen got error, Callflow ID: 125,使用 Null 无效
[E] 2008-12-29 17:07:31.172 (0x0B38):ErrorCode[94]_Show Call flow on Screen got error, Callflow ID: 125,使用 Null 无效
[E] 2008-12-29 17:07:31.188 (0x0B38):ErrorCode[94]_Show Call flow on Screen got error, Callflow ID: 125,使用 Null 无效
[E] 2008-12-29 17:07:31.188 (0x0B38):ErrorCode[94]_Show Call flow on Screen got error, Callflow ID: 125,使用 Null 无效
[E] 2008-12-29 17:07:31.188 (0x0B38):ErrorCode[94]_Show Call flow on Screen got error, Callflow ID: 125,使用 Null 无效
[E] 2008-12-29 17:07:31.188 (0x0B38):ErrorCode[94]_Show Call flow on Screen got error, Callflow ID: 125,使用 Null 无效
[E] 2008-12-29 17:07:31.204 (0x0B38):ErrorCode[94]_Show Call flow on Screen got error, Callflow ID: 125,使用 Null 无效
[E] 2008-12-29 17:07:31.204 (0x0B38):ErrorCode[94]_Show Call flow on Screen got error, Callflow ID: 125,使用 Null 无效
[E] 2008-12-29 17:07:31.204 (0x0B38):ErrorCode[94]_Show Call flow on Screen got error, Callflow ID: 125,使用 Null 无效
[E] 2008-12-29 17:07:31.204 (0x0B38):ErrorCode[94]_Show Call flow on Screen got error, Callflow ID: 125,使用 Null 无效
[E] 2008-12-29 17:07:31.204 (0x0B38):ErrorCode[94]_Show Call flow on Screen got error, Callflow ID: 125,使用 Null 无效
[E] 2008-12-29 17:07:31.216 (0x0B38):ErrorCode[94]_Show Call flow on Screen got error, Callflow ID: 125,使用 Null 无效
[E] 2008-12-29 17:07:31.232 (0x0B38):ErrorCode[94]_Show Call flow on Screen got error, Callflow ID: 125,使用 Null 无效
[E] 2008-12-29 17:07:31.232 (0x0B38):ErrorCode[94]_Show Call flow on Screen got error, Callflow ID: 125,使用 Null 无效
[E] 2008-12-29 17:07:31.232 (0x0B38):ErrorCode[94]_Show Call flow on Screen got error, Callflow ID: 125,使用 Null 无效
[E] 2008-12-29 17:07:31.232 (0x0B38):ErrorCode[94]_Show Call flow on Screen got error, Callflow ID: 125,使用 Null 无效
[E] 2008-12-29 17:07:31.248 (0x0B38):ErrorCode[94]_Show Call flow on Screen got error, Callflow ID: 125,使用 Null 无效
[E] 2008-12-29 17:07:31.248 (0x0B38):ErrorCode[94]_Show Call flow on Screen got error, Callflow ID: 125,使用 Null 无效
[E] 2008-12-29 17:07:31.248 (0x0B38):ErrorCode[94]_Show Call flow on Screen got error, Callflow ID: 125,使用 Null 无效
[E] 2008-12-29 17:07:31.248 (0x0B38):ErrorCode[94]_Show Call flow on Screen got error, Callflow ID: 125,使用 Null 无效
[E] 2008-12-29 17:07:31.248 (0x0B38):ErrorCode[94]_Show Call flow on Screen got error, Callflow ID: 125,使用 Null 无效
[E] 2008-12-29 17:07:31.264 (0x0B38):ErrorCode[94]_Show Call flow on Screen got error, Callflow ID: 125,使用 Null 无效
[E] 2008-12-29 17:07:31.264 (0x0B38):ErrorCode[94]_Show Call flow on Screen got error, Callflow ID: 125,使用 Null 无效
[E] 2008-12-29 17:07:31.264 (0x0B38):ErrorCode[94]_Show Call flow on Screen got error, Callflow ID: 125,使用 Null 无效
[E] 2008-12-29 17:07:31.264 (0x0B38):ErrorCode[94]_Show Call flow on Screen got error, Callflow ID: 125,使用 Null 无效
[E] 2008-12-29 17:07:31.264 (0x0B38):ErrorCode[94]_Show Call flow on Screen got error, Callflow ID: 125,使用 Null 无效
[E] 2008-12-29 17:07:31.280 (0x0B38):ErrorCode[94]_Show Call flow on Screen got error, Callflow ID: 125,使用 Null 无效
[E] 2008-12-29 17:07:31.280 (0x0B38):ErrorCode[94]_Show Call flow on Screen got error, Callflow ID: 125,使用 Null 无效
[E] 2008-12-29 17:07:31.280 (0x0B38):ErrorCode[94]_Show Call flow on Screen got error, Callflow ID: 125,使用 Null 无效
[E] 2008-12-29 17:07:31.280 (0x0B38):ErrorCode[94]_Show Call flow on Screen got error, Callflow ID: 125,使用 Null 无效
[E] 2008-12-29 17:07:31.296 (0x0B38):ErrorCode[94]_Show Call flow on Screen got error, Callflow ID: 125,使用 Null 无效
[E] 2008-12-29 17:07:31.296 (0x0B38):ErrorCode[94]_Show Call flow on Screen got error, Callflow ID: 125,使用 Null 无效
[E] 2008-12-29 17:07:31.296 (0x0B38):ErrorCode[94]_Show Call flow on Screen got error, Callflow ID: 125,使用 Null 无效
[E] 2008-12-29 17:07:31.296 (0x0B38):ErrorCode[94]_Show Call flow on Screen got error, Callflow ID: 125,使用 Null 无效
[E] 2008-12-29 17:07:31.296 (0x0B38):ErrorCode[94]_Show Call flow on Screen got error, Callflow ID: 125,使用 Null 无效
[E] 2008-12-29 17:07:31.312 (0x0B38):ErrorCode[94]_Show Call flow on Screen got error, Callflow ID: 125,使用 Null 无效
[E] 2008-12-29 17:07:31.312 (0x0B38):ErrorCode[94]_Show Call flow on Screen got error, Callflow ID: 125,使用 Null 无效
[E] 2008-12-29 17:07:31.312 (0x0B38):ErrorCode[94]_Show Call flow on Screen got error, Callflow ID: 125,使用 Null 无效
[E] 2008-12-29 17:07:31.312 (0x0B38):ErrorCode[94]_Show Call flow on Screen got error, Callflow ID: 125,使用 Null 无效
[E] 2008-12-29 17:07:31.312 (0x0B38):ErrorCode[94]_Show Call flow on Screen got error, Callflow ID: 125,使用 Null 无效
[E] 2008-12-29 17:07:31.328 (0x0B38):ErrorCode[94]_Show Call flow on Screen got error, Callflow ID: 125,使用 Null 无效
[E] 2008-12-29 17:07:31.328 (0x0B38):ErrorCode[94]_Show Call flow on Screen got error, Callflow ID: 125,使用 Null 无效
[E] 2008-12-29 17:07:31.328 (0x0B38):ErrorCode[94]_Show Call flow on Screen got error, Callflow ID: 125,使用 Null 无效
[E] 2008-12-29 17:07:31.328 (0x0B38):ErrorCode[94]_Show Call flow on Screen got error, Callflow ID: 125,使用 Null 无效
[E] 2008-12-29 17:07:31.344 (0x0B38):ErrorCode[94]_Show Call flow on Screen got error, Callflow ID: 125,使用 Null 无效
[E] 2008-12-29 17:07:31.344 (0x0B38):ErrorCode[94]_Show Call flow on Screen got error, Callflow ID: 125,使用 Null 无效
[E] 2008-12-29 17:07:31.344 (0x0B38):ErrorCode[94]_Show Call flow on Screen got error, Callflow ID: 125,使用 Null 无效
[E] 2008-12-29 17:07:31.344 (0x0B38):ErrorCode[94]_Show Call flow on Screen got error, Callflow ID: 125,使用 Null 无效
[E] 2008-12-29 17:07:31.360 (0x0B38):ErrorCode[94]_Show Call flow on Screen got error, Callflow ID: 125,使用 Null 无效
[E] 2008-12-29 17:07:31.360 (0x0B38):ErrorCode[94]_Show Call flow on Screen got error, Callflow ID: 125,使用 Null 无效
[E] 2008-12-29 17:07:31.360 (0x0B38):ErrorCode[94]_Show Call flow on Screen got error, Callflow ID: 125,使用 Null 无效
[E] 2008-12-29 17:07:31.360 (0x0B38):ErrorCode[94]_Show Call flow on Screen got error, Callflow ID: 125,使用 Null 无效
[E] 2008-12-29 17:07:31.376 (0x0B38):ErrorCode[94]_Show Call flow on Screen got error, Callflow ID: 125,使用 Null 无效
[E] 2008-12-29 17:07:31.376 (0x0B38):ErrorCode[94]_Show Call flow on Screen got error, Callflow ID: 125,使用 Null 无效
[E] 2008-12-29 17:07:31.376 (0x0B38):ErrorCode[94]_Show Call flow on Screen got error, Callflow ID: 125,使用 Null 无效
[E] 2008-12-29 17:07:31.376 (0x0B38):ErrorCode[94]_Show Call flow on Screen got error, Callflow ID: 125,使用 Null 无效
[E] 2008-12-29 17:07:31.392 (0x0B38):ErrorCode[94]_Show Call flow on Screen got error, Callflow ID: 125,使用 Null 无效
[E] 2008-12-29 17:07:31.392 (0x0B38):ErrorCode[94]_Show Call flow on Screen got error, Callflow ID: 125,使用 Null 无效
[E] 2008-12-29 17:07:31.392 (0x0B38):ErrorCode[94]_Show Call flow on Screen got error, Callflow ID: 125,使用 Null 无效
[E] 2008-12-29 17:07:31.392 (0x0B38):ErrorCode[94]_Show Call flow on Screen got error, Callflow ID: 125,使用 Null 无效
[E] 2008-12-29 17:07:31.392 (0x0B38):ErrorCode[94]_Show Call flow on Screen got error, Callflow ID: 125,使用 Null 无效
[E] 2008-12-29 17:07:31.408 (0x0B38):ErrorCode[94]_Show Call flow on Screen got error, Callflow ID: 125,使用 Null 无效
[E] 2008-12-29 17:07:31.408 (0x0B38):ErrorCode[94]_Show Call flow on Screen got error, Callflow ID: 125,使用 Null 无效
[E] 2008-12-29 17:07:31.408 (0x0B38):ErrorCode[94]_Show Call flow on Screen got error, Callflow ID: 125,使用 Null 无效
[E] 2008-12-29 17:07:31.408 (0x0B38):ErrorCode[94]_Show Call flow on Screen got error, Callflow ID: 125,使用 Null 无效
[E] 2008-12-29 17:07:31.420 (0x0B38):ErrorCode[94]_Show Call flow on Screen got error, Callflow ID: 125,使用 Null 无效
[E] 2008-12-29 17:07:31.420 (0x0B38):ErrorCode[94]_Show Call flow on Screen got error, Callflow ID: 125,使用 Null 无效
[E] 2008-12-29 17:07:31.420 (0x0B38):ErrorCode[94]_Show Call flow on Screen got error, Callflow ID: 125,使用 Null 无效
[E] 2008-12-29 17:07:31.420 (0x0B38):ErrorCode[94]_Show Call flow on Screen got error, Callflow ID: 125,使用 Null 无效
[E] 2008-12-29 17:07:31.420 (0x0B38):ErrorCode[94]_Show Call flow on Screen got error, Callflow ID: 125,使用 Null 无效
[E] 2008-12-29 17:07:31.436 (0x0B38):ErrorCode[94]_Show Call flow on Screen got error, Callflow ID: 125,使用 Null 无效
[E] 2008-12-29 17:07:31.436 (0x0B38):ErrorCode[94]_Show Call flow on Screen got error, Callflow ID: 125,使用 Null 无效
[E] 2008-12-29 17:07:31.436 (0x0B38):ErrorCode[94]_Show Call flow on Screen got error, Callflow ID: 125,使用 Null 无效
[E] 2008-12-29 17:07:31.436 (0x0B38):ErrorCode[94]_Show Call flow on Screen got error, Callflow ID: 125,使用 Null 无效
[E] 2008-12-29 17:07:31.436 (0x0B38):ErrorCode[94]_Show Call flow on Screen got error, Callflow ID: 125,使用 Null 无效
[E] 2008-12-29 17:07:31.452 (0x0B38):ErrorCode[94]_Show Call flow on Screen got error, Callflow ID: 125,使用 Null 无效
[E] 2008-12-29 17:07:31.452 (0x0B38):ErrorCode[94]_Show Call flow on Screen got error, Callflow ID: 125,使用 Null 无效
[E] 2008-12-29 17:07:31.452 (0x0B38):ErrorCode[94]_Show Call flow on Screen got error, Callflow ID: 125,使用 Null 无效
[E] 2008-12-29 17:07:31.452 (0x0B38):ErrorCode[94]_Show Call flow on Screen got error, Callflow ID: 125,使用 Null 无效
[E] 2008-12-29 17:07:31.468 (0x0B38):ErrorCode[94]_Show Call flow on Screen got error, Callflow ID: 125,使用 Null 无效
[E] 2008-12-29 17:07:31.468 (0x0B38):ErrorCode[94]_Show Call flow on Screen got error, Callflow ID: 125,使用 Null 无效
[E] 2008-12-29 17:07:31.468 (0x0B38):ErrorCode[94]_Show Call flow on Screen got error, Callflow ID: 125,使用 Null 无效
[E] 2008-12-29 17:07:31.468 (0x0B38):ErrorCode[94]_Show Call flow on Screen got error, Callflow ID: 125,使用 Null 无效
[E] 2008-12-29 17:07:31.468 (0x0B38):ErrorCode[94]_Show Call flow on Screen got error, Callflow ID: 125,使用 Null 无效
[E] 2008-12-29 17:07:31.484 (0x0B38):ErrorCode[94]_Show Call flow on Screen got error, Callflow ID: 125,使用 Null 无效
[E] 2008-12-29 17:07:31.484 (0x0B38):ErrorCode[94]_Show Call flow on Screen got error, Callflow ID: 125,使用 Null 无效
[E] 2008-12-29 17:07:31.484 (0x0B38):ErrorCode[94]_Show Call flow on Screen got error, Callflow ID: 125,使用 Null 无效
[E] 2008-12-29 17:07:31.484 (0x0B38):ErrorCode[94]_Show Call flow on Screen got error, Callflow ID: 125,使用 Null 无效
[E] 2008-12-29 17:07:31.484 (0x0B38):ErrorCode[94]_Show Call flow on Screen got error, Callflow ID: 125,使用 Null 无效
[E] 2008-12-29 17:07:31.500 (0x0B38):ErrorCode[94]_Show Call flow on Screen got error, Callflow ID: 125,使用 Null 无效
[E] 2008-12-29 17:07:31.500 (0x0B38):ErrorCode[94]_Show Call flow on Screen got error, Callflow ID: 125,使用 Null 无效
[E] 2008-12-29 17:07:31.500 (0x0B38):ErrorCode[94]_Show Call flow on Screen got error, Callflow ID: 125,使用 Null 无效
[E] 2008-12-29 17:07:31.500 (0x0B38):ErrorCode[94]_Show Call flow on Screen got error, Callflow ID: 125,使用 Null 无效
[E] 2008-12-29 17:07:31.500 (0x0B38):ErrorCode[94]_Show Call flow on Screen got error, Callflow ID: 125,使用 Null 无效
[E] 2008-12-29 17:07:31.516 (0x0B38):ErrorCode[94]_Show Call flow on Screen got error, Callflow ID: 125,使用 Null 无效
[E] 2008-12-29 17:07:31.516 (0x0B38):ErrorCode[94]_Show Call flow on Screen got error, Callflow ID: 125,使用 Null 无效
[E] 2008-12-29 17:07:31.516 (0x0B38):ErrorCode[94]_Show Call flow on Screen got error, Callflow ID: 125,使用 Null 无效
[E] 2008-12-29 17:07:31.516 (0x0B38):ErrorCode[94]_Show Call flow on Screen got error, Callflow ID: 125,使用 Null 无效
[E] 2008-12-29 17:07:31.516 (0x0B38):ErrorCode[94]_Show Call flow on Screen got error, Callflow ID: 125,使用 Null 无效
[E] 2008-12-29 17:07:31.532 (0x0B38):ErrorCode[94]_Show Call flow on Screen got error, Callflow ID: 125,使用 Null 无效
[E] 2008-12-29 17:07:31.532 (0x0B38):ErrorCode[94]_Show Call flow on Screen got error, Callflow ID: 125,使用 Null 无效
[E] 2008-12-29 17:07:31.532 (0x0B38):ErrorCode[94]_Show Call flow on Screen got error, Callflow ID: 125,使用 Null 无效
[E] 2008-12-29 17:07:31.532 (0x0B38):ErrorCode[94]_Show Call flow on Screen got error, Callflow ID: 125,使用 Null 无效
[E] 2008-12-29 17:07:31.544 (0x0B38):ErrorCode[94]_Show Call flow on Screen got error, Callflow ID: 125,使用 Null 无效
[E] 2008-12-29 17:07:31.544 (0x0B38):ErrorCode[94]_Show Call flow on Screen got error, Callflow ID: 125,使用 Null 无效
[E] 2008-12-29 17:07:31.544 (0x0B38):ErrorCode[94]_Show Call flow on Screen got error, Callflow ID: 125,使用 Null 无效
[E] 2008-12-29 17:07:31.544 (0x0B38):ErrorCode[94]_Show Call flow on Screen got error, Callflow ID: 125,使用 Null 无效
[E] 2008-12-29 17:07:31.544 (0x0B38):ErrorCode[94]_Show Call flow on Screen got error, Callflow ID: 125,使用 Null 无效
[E] 2008-12-29 17:07:31.560 (0x0B38):ErrorCode[94]_Show Call flow on Screen got error, Callflow ID: 125,使用 Null 无效
[E] 2008-12-29 17:07:31.560 (0x0B38):ErrorCode[94]_Show Call flow on Screen got error, Callflow ID: 125,使用 Null 无效
[E] 2008-12-29 17:07:31.560 (0x0B38):ErrorCode[94]_Show Call flow on Screen got error, Callflow ID: 125,使用 Null 无效
[E] 2008-12-29 17:07:31.560 (0x0B38):ErrorCode[94]_Show Call flow on Screen got error, Callflow ID: 125,使用 Null 无效
[E] 2008-12-29 17:07:31.560 (0x0B38):ErrorCode[94]_Show Call flow on Screen got error, Callflow ID: 125,使用 Null 无效
[E] 2008-12-29 17:07:31.576 (0x0B38):ErrorCode[94]_Show Call flow on Screen got error, Callflow ID: 125,使用 Null 无效
[E] 2008-12-29 17:07:31.576 (0x0B38):ErrorCode[94]_Show Call flow on Screen got error, Callflow ID: 125,使用 Null 无效
[E] 2008-12-29 17:07:31.576 (0x0B38):ErrorCode[94]_Show Call flow on Screen got error, Callflow ID: 125,使用 Null 无效
[E] 2008-12-29 17:07:31.576 (0x0B38):ErrorCode[94]_Show Call flow on Screen got error, Callflow ID: 125,使用 Null 无效
[E] 2008-12-29 17:07:31.576 (0x0B38):ErrorCode[94]_Show Call flow on Screen got error, Callflow ID: 125,使用 Null 无效
[E] 2008-12-29 17:07:31.592 (0x0B38):ErrorCode[94]_Show Call flow on Screen got error, Callflow ID: 125,使用 Null 无效
[E] 2008-12-29 17:07:31.592 (0x0B38):ErrorCode[94]_Show Call flow on Screen got error, Callflow ID: 125,使用 Null 无效
[I] 2008-12-29 17:07:44.280 (0x0B38):ErrorCode[0]_Connect to Database successful! ,ConnectionString:Provider=SQLOLEDB;Integrated Security=SSPI;Data Source=127.0.0.1;Initial Catalog=dbCallcenter
[I] 2008-12-29 17:07:44.468 (0x0B38):ErrorCode[0]_Open CallFlow and Nodes Record...,Callflow ID:51 Callflow Name:锦江主流程
[E] 2008-12-29 17:07:44.468 (0x0B38):ErrorCode[94]_Show Call flow on Screen got error, Callflow ID: 51,使用 Null 无效
[I] 2008-12-29 17:07:44.484 (0x0B38):ErrorCode[0]_Open Resource Record...,Project ID:51
[E] 2008-12-29 17:07:44.484 (0x0B38):ErrorCode[94]_Show Call flow on Screen got error, Callflow ID: 51,使用 Null 无效
[E] 2008-12-29 17:07:44.484 (0x0B38):ErrorCode[94]_Show Call flow on Screen got error, Callflow ID: 51,使用 Null 无效
[E] 2008-12-29 17:07:44.484 (0x0B38):ErrorCode[94]_Show Call flow on Screen got error, Callflow ID: 51,使用 Null 无效
[E] 2008-12-29 17:07:44.484 (0x0B38):ErrorCode[94]_Show Call flow on Screen got error, Callflow ID: 51,使用 Null 无效
[E] 2008-12-29 17:07:44.484 (0x0B38):ErrorCode[94]_Show Call flow on Screen got error, Callflow ID: 51,使用 Null 无效
[E] 2008-12-29 17:07:44.500 (0x0B38):ErrorCode[94]_Show Call flow on Screen got error, Callflow ID: 51,使用 Null 无效
[E] 2008-12-29 17:07:44.500 (0x0B38):ErrorCode[94]_Show Call flow on Screen got error, Callflow ID: 51,使用 Null 无效
[E] 2008-12-29 17:07:44.500 (0x0B38):ErrorCode[94]_Show Call flow on Screen got error, Callflow ID: 51,使用 Null 无效
[E] 2008-12-29 17:07:44.500 (0x0B38):ErrorCode[94]_Show Call flow on Screen got error, Callflow ID: 51,使用 Null 无效
[E] 2008-12-29 17:07:44.500 (0x0B38):ErrorCode[94]_Show Call flow on Screen got error, Callflow ID: 51,使用 Null 无效
[E] 2008-12-29 17:07:44.516 (0x0B38):ErrorCode[94]_Show Call flow on Screen got error, Callflow ID: 51,使用 Null 无效
[E] 2008-12-29 17:07:44.516 (0x0B38):ErrorCode[94]_Show Call flow on Screen got error, Callflow ID: 51,使用 Null 无效
[E] 2008-12-29 17:07:44.516 (0x0B38):ErrorCode[94]_Show Call flow on Screen got error, Callflow ID: 51,使用 Null 无效
[E] 2008-12-29 17:07:44.516 (0x0B38):ErrorCode[94]_Show Call flow on Screen got error, Callflow ID: 51,使用 Null 无效
[E] 2008-12-29 17:07:44.516 (0x0B38):ErrorCode[94]_Show Call flow on Screen got error, Callflow ID: 51,使用 Null 无效
[E] 2008-12-29 17:07:44.532 (0x0B38):ErrorCode[94]_Show Call flow on Screen got error, Callflow ID: 51,使用 Null 无效
[E] 2008-12-29 17:07:44.532 (0x0B38):ErrorCode[94]_Show Call flow on Screen got error, Callflow ID: 51,使用 Null 无效
[E] 2008-12-29 17:07:44.532 (0x0B38):ErrorCode[94]_Show Call flow on Screen got error, Callflow ID: 51,使用 Null 无效
[E] 2008-12-29 17:07:44.532 (0x0B38):ErrorCode[94]_Show Call flow on Screen got error, Callflow ID: 51,使用 Null 无效
[E] 2008-12-29 17:07:44.544 (0x0B38):ErrorCode[94]_Show Call flow on Screen got error, Callflow ID: 51,使用 Null 无效
[E] 2008-12-29 17:07:44.544 (0x0B38):ErrorCode[94]_Show Call flow on Screen got error, Callflow ID: 51,使用 Null 无效
[E] 2008-12-29 17:07:44.544 (0x0B38):ErrorCode[94]_Show Call flow on Screen got error, Callflow ID: 51,使用 Null 无效
[E] 2008-12-29 17:07:44.544 (0x0B38):ErrorCode[94]_Show Call flow on Screen got error, Callflow ID: 51,使用 Null 无效
[E] 2008-12-29 17:07:44.544 (0x0B38):ErrorCode[94]_Show Call flow on Screen got error, Callflow ID: 51,使用 Null 无效
[E] 2008-12-29 17:07:44.560 (0x0B38):ErrorCode[94]_Show Call flow on Screen got error, Callflow ID: 51,使用 Null 无效
[E] 2008-12-29 17:07:44.560 (0x0B38):ErrorCode[94]_Show Call flow on Screen got error, Callflow ID: 51,使用 Null 无效
[E] 2008-12-29 17:07:44.560 (0x0B38):ErrorCode[94]_Show Call flow on Screen got error, Callflow ID: 51,使用 Null 无效
[E] 2008-12-29 17:07:44.560 (0x0B38):ErrorCode[94]_Show Call flow on Screen got error, Callflow ID: 51,使用 Null 无效
[E] 2008-12-29 17:07:44.560 (0x0B38):ErrorCode[94]_Show Call flow on Screen got error, Callflow ID: 51,使用 Null 无效
[E] 2008-12-29 17:07:44.560 (0x0B38):ErrorCode[94]_Show Call flow on Screen got error, Callflow ID: 51,使用 Null 无效
[E] 2008-12-29 17:07:44.576 (0x0B38):ErrorCode[94]_Show Call flow on Screen got error, Callflow ID: 51,使用 Null 无效
[E] 2008-12-29 17:07:44.576 (0x0B38):ErrorCode[94]_Show Call flow on Screen got error, Callflow ID: 51,使用 Null 无效
[E] 2008-12-29 17:07:44.576 (0x0B38):ErrorCode[94]_Show Call flow on Screen got error, Callflow ID: 51,使用 Null 无效
[E] 2008-12-29 17:07:44.576 (0x0B38):ErrorCode[94]_Show Call flow on Screen got error, Callflow ID: 51,使用 Null 无效
[E] 2008-12-29 17:07:44.592 (0x0B38):ErrorCode[94]_Show Call flow on Screen got error, Callflow ID: 51,使用 Null 无效
[E] 2008-12-29 17:07:44.592 (0x0B38):ErrorCode[94]_Show Call flow on Screen got error, Callflow ID: 51,使用 Null 无效
[E] 2008-12-29 17:07:44.592 (0x0B38):ErrorCode[94]_Show Call flow on Screen got error, Callflow ID: 51,使用 Null 无效
[E] 2008-12-29 17:07:44.592 (0x0B38):ErrorCode[94]_Show Call flow on Screen got error, Callflow ID: 51,使用 Null 无效
[E] 2008-12-29 17:07:44.608 (0x0B38):ErrorCode[94]_Show Call flow on Screen got error, Callflow ID: 51,使用 Null 无效
[E] 2008-12-29 17:07:44.608 (0x0B38):ErrorCode[94]_Show Call flow on Screen got error, Callflow ID: 51,使用 Null 无效
[E] 2008-12-29 17:07:44.608 (0x0B38):ErrorCode[94]_Show Call flow on Screen got error, Callflow ID: 51,使用 Null 无效
[E] 2008-12-29 17:07:44.608 (0x0B38):ErrorCode[94]_Show Call flow on Screen got error, Callflow ID: 51,使用 Null 无效
[E] 2008-12-29 17:07:44.608 (0x0B38):ErrorCode[94]_Show Call flow on Screen got error, Callflow ID: 51,使用 Null 无效
[E] 2008-12-29 17:07:44.624 (0x0B38):ErrorCode[94]_Show Call flow on Screen got error, Callflow ID: 51,使用 Null 无效
[E] 2008-12-29 17:07:44.624 (0x0B38):ErrorCode[94]_Show Call flow on Screen got error, Callflow ID: 51,使用 Null 无效
[E] 2008-12-29 17:07:44.624 (0x0B38):ErrorCode[94]_Show Call flow on Screen got error, Callflow ID: 51,使用 Null 无效
[E] 2008-12-29 17:07:44.624 (0x0B38):ErrorCode[94]_Show Call flow on Screen got error, Callflow ID: 51,使用 Null 无效
[E] 2008-12-29 17:07:44.624 (0x0B38):ErrorCode[94]_Show Call flow on Screen got error, Callflow ID: 51,使用 Null 无效
[E] 2008-12-29 17:07:44.640 (0x0B38):ErrorCode[94]_Show Call flow on Screen got error, Callflow ID: 51,使用 Null 无效
[E] 2008-12-29 17:07:44.640 (0x0B38):ErrorCode[94]_Show Call flow on Screen got error, Callflow ID: 51,使用 Null 无效
[E] 2008-12-29 17:07:44.640 (0x0B38):ErrorCode[94]_Show Call flow on Screen got error, Callflow ID: 51,使用 Null 无效
[E] 2008-12-29 17:07:44.640 (0x0B38):ErrorCode[94]_Show Call flow on Screen got error, Callflow ID: 51,使用 Null 无效
[E] 2008-12-29 17:07:44.640 (0x0B38):ErrorCode[94]_Show Call flow on Screen got error, Callflow ID: 51,使用 Null 无效
[E] 2008-12-29 17:07:44.656 (0x0B38):ErrorCode[94]_Show Call flow on Screen got error, Callflow ID: 51,使用 Null 无效
[E] 2008-12-29 17:07:44.656 (0x0B38):ErrorCode[94]_Show Call flow on Screen got error, Callflow ID: 51,使用 Null 无效
[E] 2008-12-29 17:07:44.656 (0x0B38):ErrorCode[94]_Show Call flow on Screen got error, Callflow ID: 51,使用 Null 无效
[E] 2008-12-29 17:07:44.656 (0x0B38):ErrorCode[94]_Show Call flow on Screen got error, Callflow ID: 51,使用 Null 无效
[E] 2008-12-29 17:07:44.672 (0x0B38):ErrorCode[94]_Show Call flow on Screen got error, Callflow ID: 51,使用 Null 无效
[E] 2008-12-29 17:07:44.672 (0x0B38):ErrorCode[94]_Show Call flow on Screen got error, Callflow ID: 51,使用 Null 无效
[E] 2008-12-29 17:07:44.672 (0x0B38):ErrorCode[94]_Show Call flow on Screen got error, Callflow ID: 51,使用 Null 无效
[E] 2008-12-29 17:07:44.672 (0x0B38):ErrorCode[94]_Show Call flow on Screen got error, Callflow ID: 51,使用 Null 无效
[E] 2008-12-29 17:07:44.672 (0x0B38):ErrorCode[94]_Show Call flow on Screen got error, Callflow ID: 51,使用 Null 无效
[E] 2008-12-29 17:07:44.688 (0x0B38):ErrorCode[94]_Show Call flow on Screen got error, Callflow ID: 51,使用 Null 无效
[E] 2008-12-29 17:07:44.688 (0x0B38):ErrorCode[94]_Show Call flow on Screen got error, Callflow ID: 51,使用 Null 无效
[E] 2008-12-29 17:07:44.688 (0x0B38):ErrorCode[94]_Show Call flow on Screen got error, Callflow ID: 51,使用 Null 无效
[E] 2008-12-29 17:07:44.688 (0x0B38):ErrorCode[94]_Show Call flow on Screen got error, Callflow ID: 51,使用 Null 无效
[E] 2008-12-29 17:07:44.688 (0x0B38):ErrorCode[94]_Show Call flow on Screen got error, Callflow ID: 51,使用 Null 无效
[E] 2008-12-29 17:07:44.704 (0x0B38):ErrorCode[94]_Show Call flow on Screen got error, Callflow ID: 51,使用 Null 无效
[E] 2008-12-29 17:07:44.704 (0x0B38):ErrorCode[94]_Show Call flow on Screen got error, Callflow ID: 51,使用 Null 无效
[E] 2008-12-29 17:07:44.704 (0x0B38):ErrorCode[94]_Show Call flow on Screen got error, Callflow ID: 51,使用 Null 无效
[E] 2008-12-29 17:07:44.704 (0x0B38):ErrorCode[94]_Show Call flow on Screen got error, Callflow ID: 51,使用 Null 无效
[E] 2008-12-29 17:07:44.704 (0x0B38):ErrorCode[94]_Show Call flow on Screen got error, Callflow ID: 51,使用 Null 无效
[E] 2008-12-29 17:07:44.704 (0x0B38):ErrorCode[94]_Show Call flow on Screen got error, Callflow ID: 51,使用 Null 无效
[E] 2008-12-29 17:07:44.720 (0x0B38):ErrorCode[94]_Show Call flow on Screen got error, Callflow ID: 51,使用 Null 无效
[E] 2008-12-29 17:07:44.720 (0x0B38):ErrorCode[94]_Show Call flow on Screen got error, Callflow ID: 51,使用 Null 无效
[E] 2008-12-29 17:07:44.720 (0x0B38):ErrorCode[94]_Show Call flow on Screen got error, Callflow ID: 51,使用 Null 无效
[E] 2008-12-29 17:07:44.720 (0x0B38):ErrorCode[94]_Show Call flow on Screen got error, Callflow ID: 51,使用 Null 无效
[E] 2008-12-29 17:07:44.736 (0x0B38):ErrorCode[94]_Show Call flow on Screen got error, Callflow ID: 51,使用 Null 无效
[E] 2008-12-29 17:07:44.736 (0x0B38):ErrorCode[94]_Show Call flow on Screen got error, Callflow ID: 51,使用 Null 无效
[I] 2008-12-29 17:07:57.516 (0x0B38):ErrorCode[0]_Connect to Database successful! ,ConnectionString:Provider=SQLOLEDB;Integrated Security=SSPI;Data Source=127.0.0.1;Initial Catalog=dbCallcenter
[I] 2008-12-29 17:07:57.704 (0x0B38):ErrorCode[0]_Open CallFlow and Nodes Record...,Callflow ID:221 Callflow Name:宁波数字电视主流程
[E] 2008-12-29 17:07:57.704 (0x0B38):ErrorCode[94]_Show Call flow on Screen got error, Callflow ID: 221,使用 Null 无效
[I] 2008-12-29 17:07:57.720 (0x0B38):ErrorCode[0]_Open Resource Record...,Project ID:221
[E] 2008-12-29 17:07:57.720 (0x0B38):ErrorCode[94]_Show Call flow on Screen got error, Callflow ID: 221,使用 Null 无效
[E] 2008-12-29 17:07:57.720 (0x0B38):ErrorCode[94]_Show Call flow on Screen got error, Callflow ID: 221,使用 Null 无效
[E] 2008-12-29 17:07:57.720 (0x0B38):ErrorCode[94]_Show Call flow on Screen got error, Callflow ID: 221,使用 Null 无效
[E] 2008-12-29 17:07:57.720 (0x0B38):ErrorCode[94]_Show Call flow on Screen got error, Callflow ID: 221,使用 Null 无效
[E] 2008-12-29 17:07:57.720 (0x0B38):ErrorCode[94]_Show Call flow on Screen got error, Callflow ID: 221,使用 Null 无效
[E] 2008-12-29 17:07:57.736 (0x0B38):ErrorCode[94]_Show Call flow on Screen got error, Callflow ID: 221,使用 Null 无效
[E] 2008-12-29 17:07:57.736 (0x0B38):ErrorCode[94]_Show Call flow on Screen got error, Callflow ID: 221,使用 Null 无效
[E] 2008-12-29 17:07:57.736 (0x0B38):ErrorCode[94]_Show Call flow on Screen got error, Callflow ID: 221,使用 Null 无效
[E] 2008-12-29 17:07:57.736 (0x0B38):ErrorCode[94]_Show Call flow on Screen got error, Callflow ID: 221,使用 Null 无效
[E] 2008-12-29 17:07:57.736 (0x0B38):ErrorCode[94]_Show Call flow on Screen got error, Callflow ID: 221,使用 Null 无效
[E] 2008-12-29 17:07:57.752 (0x0B38):ErrorCode[94]_Show Call flow on Screen got error, Callflow ID: 221,使用 Null 无效
[E] 2008-12-29 17:07:57.752 (0x0B38):ErrorCode[94]_Show Call flow on Screen got error, Callflow ID: 221,使用 Null 无效
[E] 2008-12-29 17:07:57.752 (0x0B38):ErrorCode[94]_Show Call flow on Screen got error, Callflow ID: 221,使用 Null 无效
[E] 2008-12-29 17:07:57.752 (0x0B38):ErrorCode[94]_Show Call flow on Screen got error, Callflow ID: 221,使用 Null 无效
[E] 2008-12-29 17:07:57.752 (0x0B38):ErrorCode[94]_Show Call flow on Screen got error, Callflow ID: 221,使用 Null 无效
[E] 2008-12-29 17:07:57.764 (0x0B38):ErrorCode[94]_Show Call flow on Screen got error, Callflow ID: 221,使用 Null 无效
[E] 2008-12-29 17:07:57.764 (0x0B38):ErrorCode[94]_Show Call flow on Screen got error, Callflow ID: 221,使用 Null 无效
[E] 2008-12-29 17:07:57.764 (0x0B38):ErrorCode[94]_Show Call flow on Screen got error, Callflow ID: 221,使用 Null 无效
[E] 2008-12-29 17:07:57.764 (0x0B38):ErrorCode[94]_Show Call flow on Screen got error, Callflow ID: 221,使用 Null 无效
[E] 2008-12-29 17:07:57.780 (0x0B38):ErrorCode[94]_Show Call flow on Screen got error, Callflow ID: 221,使用 Null 无效
[E] 2008-12-29 17:07:57.780 (0x0B38):ErrorCode[94]_Show Call flow on Screen got error, Callflow ID: 221,使用 Null 无效
[E] 2008-12-29 17:07:57.780 (0x0B38):ErrorCode[94]_Show Call flow on Screen got error, Callflow ID: 221,使用 Null 无效
[E] 2008-12-29 17:07:57.780 (0x0B38):ErrorCode[94]_Show Call flow on Screen got error, Callflow ID: 221,使用 Null 无效
[E] 2008-12-29 17:07:57.780 (0x0B38):ErrorCode[94]_Show Call flow on Screen got error, Callflow ID: 221,使用 Null 无效
[E] 2008-12-29 17:07:57.796 (0x0B38):ErrorCode[94]_Show Call flow on Screen got error, Callflow ID: 221,使用 Null 无效
[E] 2008-12-29 17:07:57.796 (0x0B38):ErrorCode[94]_Show Call flow on Screen got error, Callflow ID: 221,使用 Null 无效
[E] 2008-12-29 17:07:57.796 (0x0B38):ErrorCode[94]_Show Call flow on Screen got error, Callflow ID: 221,使用 Null 无效
[E] 2008-12-29 17:07:57.796 (0x0B38):ErrorCode[94]_Show Call flow on Screen got error, Callflow ID: 221,使用 Null 无效
[E] 2008-12-29 17:07:57.796 (0x0B38):ErrorCode[94]_Show Call flow on Screen got error, Callflow ID: 221,使用 Null 无效
[E] 2008-12-29 17:07:57.812 (0x0B38):ErrorCode[94]_Show Call flow on Screen got error, Callflow ID: 221,使用 Null 无效
[E] 2008-12-29 17:07:57.812 (0x0B38):ErrorCode[94]_Show Call flow on Screen got error, Callflow ID: 221,使用 Null 无效
[E] 2008-12-29 17:07:57.812 (0x0B38):ErrorCode[94]_Show Call flow on Screen got error, Callflow ID: 221,使用 Null 无效
[E] 2008-12-29 17:07:57.812 (0x0B38):ErrorCode[94]_Show Call flow on Screen got error, Callflow ID: 221,使用 Null 无效
[E] 2008-12-29 17:07:57.828 (0x0B38):ErrorCode[94]_Show Call flow on Screen got error, Callflow ID: 221,使用 Null 无效
[E] 2008-12-29 17:07:57.828 (0x0B38):ErrorCode[94]_Show Call flow on Screen got error, Callflow ID: 221,使用 Null 无效
[E] 2008-12-29 17:07:57.828 (0x0B38):ErrorCode[94]_Show Call flow on Screen got error, Callflow ID: 221,使用 Null 无效
[E] 2008-12-29 17:07:57.828 (0x0B38):ErrorCode[94]_Show Call flow on Screen got error, Callflow ID: 221,使用 Null 无效
[E] 2008-12-29 17:07:57.844 (0x0B38):ErrorCode[94]_Show Call flow on Screen got error, Callflow ID: 221,使用 Null 无效
[E] 2008-12-29 17:07:57.844 (0x0B38):ErrorCode[94]_Show Call flow on Screen got error, Callflow ID: 221,使用 Null 无效
[E] 2008-12-29 17:07:57.844 (0x0B38):ErrorCode[94]_Show Call flow on Screen got error, Callflow ID: 221,使用 Null 无效
[E] 2008-12-29 17:07:57.844 (0x0B38):ErrorCode[94]_Show Call flow on Screen got error, Callflow ID: 221,使用 Null 无效
[E] 2008-12-29 17:07:57.844 (0x0B38):ErrorCode[94]_Show Call flow on Screen got error, Callflow ID: 221,使用 Null 无效
[E] 2008-12-29 17:07:57.860 (0x0B38):ErrorCode[94]_Show Call flow on Screen got error, Callflow ID: 221,使用 Null 无效
[E] 2008-12-29 17:07:57.860 (0x0B38):ErrorCode[94]_Show Call flow on Screen got error, Callflow ID: 221,使用 Null 无效
[E] 2008-12-29 17:07:57.860 (0x0B38):ErrorCode[94]_Show Call flow on Screen got error, Callflow ID: 221,使用 Null 无效
[E] 2008-12-29 17:07:57.860 (0x0B38):ErrorCode[94]_Show Call flow on Screen got error, Callflow ID: 221,使用 Null 无效
[E] 2008-12-29 17:07:57.860 (0x0B38):ErrorCode[94]_Show Call flow on Screen got error, Callflow ID: 221,使用 Null 无效
[E] 2008-12-29 17:07:57.876 (0x0B38):ErrorCode[94]_Show Call flow on Screen got error, Callflow ID: 221,使用 Null 无效
[E] 2008-12-29 17:07:57.876 (0x0B38):ErrorCode[94]_Show Call flow on Screen got error, Callflow ID: 221,使用 Null 无效
[E] 2008-12-29 17:07:57.876 (0x0B38):ErrorCode[94]_Show Call flow on Screen got error, Callflow ID: 221,使用 Null 无效
[E] 2008-12-29 17:07:57.876 (0x0B38):ErrorCode[94]_Show Call flow on Screen got error, Callflow ID: 221,使用 Null 无效
[E] 2008-12-29 17:07:57.876 (0x0B38):ErrorCode[94]_Show Call flow on Screen got error, Callflow ID: 221,使用 Null 无效
[E] 2008-12-29 17:07:57.888 (0x0B38):ErrorCode[94]_Show Call flow on Screen got error, Callflow ID: 221,使用 Null 无效
[E] 2008-12-29 17:07:57.888 (0x0B38):ErrorCode[94]_Show Call flow on Screen got error, Callflow ID: 221,使用 Null 无效
[E] 2008-12-29 17:07:57.888 (0x0B38):ErrorCode[94]_Show Call flow on Screen got error, Callflow ID: 221,使用 Null 无效
[E] 2008-12-29 17:07:57.888 (0x0B38):ErrorCode[94]_Show Call flow on Screen got error, Callflow ID: 221,使用 Null 无效
[E] 2008-12-29 17:07:57.904 (0x0B38):ErrorCode[94]_Show Call flow on Screen got error, Callflow ID: 221,使用 Null 无效
[E] 2008-12-29 17:07:57.904 (0x0B38):ErrorCode[94]_Show Call flow on Screen got error, Callflow ID: 221,使用 Null 无效
[E] 2008-12-29 17:07:57.904 (0x0B38):ErrorCode[94]_Show Call flow on Screen got error, Callflow ID: 221,使用 Null 无效
[E] 2008-12-29 17:07:57.904 (0x0B38):ErrorCode[94]_Show Call flow on Screen got error, Callflow ID: 221,使用 Null 无效
[E] 2008-12-29 17:07:57.904 (0x0B38):ErrorCode[94]_Show Call flow on Screen got error, Callflow ID: 221,使用 Null 无效
[E] 2008-12-29 17:07:57.920 (0x0B38):ErrorCode[94]_Show Call flow on Screen got error, Callflow ID: 221,使用 Null 无效
[E] 2008-12-29 17:07:57.920 (0x0B38):ErrorCode[94]_Show Call flow on Screen got error, Callflow ID: 221,使用 Null 无效
[E] 2008-12-29 17:07:57.920 (0x0B38):ErrorCode[94]_Show Call flow on Screen got error, Callflow ID: 221,使用 Null 无效
[E] 2008-12-29 17:07:57.920 (0x0B38):ErrorCode[94]_Show Call flow on Screen got error, Callflow ID: 221,使用 Null 无效
[E] 2008-12-29 17:07:57.920 (0x0B38):ErrorCode[94]_Show Call flow on Screen got error, Callflow ID: 221,使用 Null 无效
[E] 2008-12-29 17:07:57.936 (0x0B38):ErrorCode[94]_Show Call flow on Screen got error, Callflow ID: 221,使用 Null 无效
[E] 2008-12-29 17:07:57.936 (0x0B38):ErrorCode[94]_Show Call flow on Screen got error, Callflow ID: 221,使用 Null 无效
[E] 2008-12-29 17:07:57.936 (0x0B38):ErrorCode[94]_Show Call flow on Screen got error, Callflow ID: 221,使用 Null 无效
[E] 2008-12-29 17:07:57.936 (0x0B38):ErrorCode[94]_Show Call flow on Screen got error, Callflow ID: 221,使用 Null 无效
[E] 2008-12-29 17:07:57.936 (0x0B38):ErrorCode[94]_Show Call flow on Screen got error, Callflow ID: 221,使用 Null 无效
[E] 2008-12-29 17:07:57.952 (0x0B38):ErrorCode[94]_Show Call flow on Screen got error, Callflow ID: 221,使用 Null 无效
[E] 2008-12-29 17:07:57.952 (0x0B38):ErrorCode[94]_Show Call flow on Screen got error, Callflow ID: 221,使用 Null 无效
[E] 2008-12-29 17:07:57.952 (0x0B38):ErrorCode[94]_Show Call flow on Screen got error, Callflow ID: 221,使用 Null 无效
[E] 2008-12-29 17:07:57.952 (0x0B38):ErrorCode[94]_Show Call flow on Screen got error, Callflow ID: 221,使用 Null 无效
[E] 2008-12-29 17:07:57.952 (0x0B38):ErrorCode[94]_Show Call flow on Screen got error, Callflow ID: 221,使用 Null 无效
[E] 2008-12-29 17:07:57.968 (0x0B38):ErrorCode[94]_Show Call flow on Screen got error, Callflow ID: 221,使用 Null 无效
[E] 2008-12-29 17:07:57.968 (0x0B38):ErrorCode[94]_Show Call flow on Screen got error, Callflow ID: 221,使用 Null 无效
[E] 2008-12-29 17:07:57.968 (0x0B38):ErrorCode[94]_Show Call flow on Screen got error, Callflow ID: 221,使用 Null 无效
[E] 2008-12-29 17:07:57.968 (0x0B38):ErrorCode[94]_Show Call flow on Screen got error, Callflow ID: 221,使用 Null 无效
[E] 2008-12-29 17:07:57.968 (0x0B38):ErrorCode[94]_Show Call flow on Screen got error, Callflow ID: 221,使用 Null 无效
[E] 2008-12-29 17:07:57.984 (0x0B38):ErrorCode[94]_Show Call flow on Screen got error, Callflow ID: 221,使用 Null 无效
[E] 2008-12-29 17:07:57.984 (0x0B38):ErrorCode[94]_Show Call flow on Screen got error, Callflow ID: 221,使用 Null 无效
[E] 2008-12-29 17:07:57.984 (0x0B38):ErrorCode[94]_Show Call flow on Screen got error, Callflow ID: 221,使用 Null 无效
[E] 2008-12-29 17:07:57.984 (0x0B38):ErrorCode[94]_Show Call flow on Screen got error, Callflow ID: 221,使用 Null 无效
[E] 2008-12-29 17:07:57.984 (0x0B38):ErrorCode[94]_Show Call flow on Screen got error, Callflow ID: 221,使用 Null 无效
[E] 2008-12-29 17:07:57.984 (0x0B38):ErrorCode[94]_Show Call flow on Screen got error, Callflow ID: 221,使用 Null 无效
[E] 2008-12-29 17:07:58.000 (0x0B38):ErrorCode[94]_Show Call flow on Screen got error, Callflow ID: 221,使用 Null 无效
[E] 2008-12-29 17:07:58.000 (0x0B38):ErrorCode[94]_Show Call flow on Screen got error, Callflow ID: 221,使用 Null 无效
[E] 2008-12-29 17:07:58.000 (0x0B38):ErrorCode[94]_Show Call flow on Screen got error, Callflow ID: 221,使用 Null 无效
[E] 2008-12-29 17:07:58.000 (0x0B38):ErrorCode[94]_Show Call flow on Screen got error, Callflow ID: 221,使用 Null 无效
[E] 2008-12-29 17:07:58.016 (0x0B38):ErrorCode[94]_Show Call flow on Screen got error, Callflow ID: 221,使用 Null 无效
[E] 2008-12-29 17:07:58.016 (0x0B38):ErrorCode[94]_Show Call flow on Screen got error, Callflow ID: 221,使用 Null 无效
[E] 2008-12-29 17:07:58.016 (0x0B38):ErrorCode[94]_Show Call flow on Screen got error, Callflow ID: 221,使用 Null 无效
[E] 2008-12-29 17:07:58.016 (0x0B38):ErrorCode[94]_Show Call flow on Screen got error, Callflow ID: 221,使用 Null 无效
[E] 2008-12-29 17:07:58.032 (0x0B38):ErrorCode[94]_Show Call flow on Screen got error, Callflow ID: 221,使用 Null 无效
[E] 2008-12-29 17:07:58.032 (0x0B38):ErrorCode[94]_Show Call flow on Screen got error, Callflow ID: 221,使用 Null 无效
[E] 2008-12-29 17:07:58.032 (0x0B38):ErrorCode[94]_Show Call flow on Screen got error, Callflow ID: 221,使用 Null 无效
[E] 2008-12-29 17:07:58.032 (0x0B38):ErrorCode[94]_Show Call flow on Screen got error, Callflow ID: 221,使用 Null 无效
[E] 2008-12-29 17:07:58.032 (0x0B38):ErrorCode[94]_Show Call flow on Screen got error, Callflow ID: 221,使用 Null 无效
[E] 2008-12-29 17:07:58.048 (0x0B38):ErrorCode[94]_Show Call flow on Screen got error, Callflow ID: 221,使用 Null 无效
[E] 2008-12-29 17:07:58.048 (0x0B38):ErrorCode[94]_Show Call flow on Screen got error, Callflow ID: 221,使用 Null 无效
[E] 2008-12-29 17:07:58.048 (0x0B38):ErrorCode[94]_Show Call flow on Screen got error, Callflow ID: 221,使用 Null 无效
[E] 2008-12-29 17:07:58.048 (0x0B38):ErrorCode[94]_Show Call flow on Screen got error, Callflow ID: 221,使用 Null 无效
[E] 2008-12-29 17:07:58.048 (0x0B38):ErrorCode[94]_Show Call flow on Screen got error, Callflow ID: 221,使用 Null 无效
[E] 2008-12-29 17:07:58.064 (0x0B38):ErrorCode[94]_Show Call flow on Screen got error, Callflow ID: 221,使用 Null 无效
[E] 2008-12-29 17:07:58.064 (0x0B38):ErrorCode[94]_Show Call flow on Screen got error, Callflow ID: 221,使用 Null 无效
[E] 2008-12-29 17:07:58.064 (0x0B38):ErrorCode[94]_Show Call flow on Screen got error, Callflow ID: 221,使用 Null 无效
[E] 2008-12-29 17:07:58.064 (0x0B38):ErrorCode[94]_Show Call flow on Screen got error, Callflow ID: 221,使用 Null 无效
[E] 2008-12-29 17:07:58.064 (0x0B38):ErrorCode[94]_Show Call flow on Screen got error, Callflow ID: 221,使用 Null 无效
[E] 2008-12-29 17:07:58.080 (0x0B38):ErrorCode[94]_Show Call flow on Screen got error, Callflow ID: 221,使用 Null 无效
[E] 2008-12-29 17:07:58.080 (0x0B38):ErrorCode[94]_Show Call flow on Screen got error, Callflow ID: 221,使用 Null 无效
[E] 2008-12-29 17:07:58.080 (0x0B38):ErrorCode[94]_Show Call flow on Screen got error, Callflow ID: 221,使用 Null 无效
[E] 2008-12-29 17:07:58.080 (0x0B38):ErrorCode[94]_Show Call flow on Screen got error, Callflow ID: 221,使用 Null 无效
[E] 2008-12-29 17:07:58.080 (0x0B38):ErrorCode[94]_Show Call flow on Screen got error, Callflow ID: 221,使用 Null 无效
[E] 2008-12-29 17:07:58.092 (0x0B38):ErrorCode[94]_Show Call flow on Screen got error, Callflow ID: 221,使用 Null 无效
[E] 2008-12-29 17:07:58.092 (0x0B38):ErrorCode[94]_Show Call flow on Screen got error, Callflow ID: 221,使用 Null 无效
[E] 2008-12-29 17:07:58.092 (0x0B38):ErrorCode[94]_Show Call flow on Screen got error, Callflow ID: 221,使用 Null 无效
[E] 2008-12-29 17:07:58.092 (0x0B38):ErrorCode[94]_Show Call flow on Screen got error, Callflow ID: 221,使用 Null 无效
[E] 2008-12-29 17:07:58.092 (0x0B38):ErrorCode[94]_Show Call flow on Screen got error, Callflow ID: 221,使用 Null 无效
[E] 2008-12-29 17:07:58.108 (0x0B38):ErrorCode[94]_Show Call flow on Screen got error, Callflow ID: 221,使用 Null 无效
[E] 2008-12-29 17:07:58.108 (0x0B38):ErrorCode[94]_Show Call flow on Screen got error, Callflow ID: 221,使用 Null 无效
[E] 2008-12-29 17:07:58.108 (0x0B38):ErrorCode[94]_Show Call flow on Screen got error, Callflow ID: 221,使用 Null 无效
[E] 2008-12-29 17:07:58.108 (0x0B38):ErrorCode[94]_Show Call flow on Screen got error, Callflow ID: 221,使用 Null 无效
[E] 2008-12-29 17:07:58.124 (0x0B38):ErrorCode[94]_Show Call flow on Screen got error, Callflow ID: 221,使用 Null 无效
[E] 2008-12-29 17:07:58.124 (0x0B38):ErrorCode[94]_Show Call flow on Screen got error, Callflow ID: 221,使用 Null 无效
[E] 2008-12-29 17:07:58.124 (0x0B38):ErrorCode[94]_Show Call flow on Screen got error, Callflow ID: 221,使用 Null 无效
[E] 2008-12-29 17:07:58.124 (0x0B38):ErrorCode[94]_Show Call flow on Screen got error, Callflow ID: 221,使用 Null 无效
[E] 2008-12-29 17:07:58.140 (0x0B38):ErrorCode[94]_Show Call flow on Screen got error, Callflow ID: 221,使用 Null 无效
[E] 2008-12-29 17:07:58.140 (0x0B38):ErrorCode[94]_Show Call flow on Screen got error, Callflow ID: 221,使用 Null 无效
[E] 2008-12-29 17:07:58.140 (0x0B38):ErrorCode[94]_Show Call flow on Screen got error, Callflow ID: 221,使用 Null 无效
[E] 2008-12-29 17:07:58.140 (0x0B38):ErrorCode[94]_Show Call flow on Screen got error, Callflow ID: 221,使用 Null 无效
[E] 2008-12-29 17:07:58.140 (0x0B38):ErrorCode[94]_Show Call flow on Screen got error, Callflow ID: 221,使用 Null 无效
[E] 2008-12-29 17:07:58.156 (0x0B38):ErrorCode[94]_Show Call flow on Screen got error, Callflow ID: 221,使用 Null 无效
[E] 2008-12-29 17:07:58.156 (0x0B38):ErrorCode[94]_Show Call flow on Screen got error, Callflow ID: 221,使用 Null 无效
[E] 2008-12-29 17:07:58.156 (0x0B38):ErrorCode[94]_Show Call flow on Screen got error, Callflow ID: 221,使用 Null 无效
[E] 2008-12-29 17:07:58.156 (0x0B38):ErrorCode[94]_Show Call flow on Screen got error, Callflow ID: 221,使用 Null 无效
[E] 2008-12-29 17:07:58.156 (0x0B38):ErrorCode[94]_Show Call flow on Screen got error, Callflow ID: 221,使用 Null 无效
[E] 2008-12-29 17:07:58.172 (0x0B38):ErrorCode[94]_Show Call flow on Screen got error, Callflow ID: 221,使用 Null 无效
[E] 2008-12-29 17:07:58.172 (0x0B38):ErrorCode[94]_Show Call flow on Screen got error, Callflow ID: 221,使用 Null 无效
[E] 2008-12-29 17:07:58.172 (0x0B38):ErrorCode[94]_Show Call flow on Screen got error, Callflow ID: 221,使用 Null 无效
[E] 2008-12-29 17:07:58.172 (0x0B38):ErrorCode[94]_Show Call flow on Screen got error, Callflow ID: 221,使用 Null 无效
[E] 2008-12-29 17:07:58.188 (0x0B38):ErrorCode[94]_Show Call flow on Screen got error, Callflow ID: 221,使用 Null 无效
[E] 2008-12-29 17:07:58.188 (0x0B38):ErrorCode[94]_Show Call flow on Screen got error, Callflow ID: 221,使用 Null 无效
[E] 2008-12-29 17:07:58.188 (0x0B38):ErrorCode[94]_Show Call flow on Screen got error, Callflow ID: 221,使用 Null 无效
[E] 2008-12-29 17:07:58.188 (0x0B38):ErrorCode[94]_Show Call flow on Screen got error, Callflow ID: 221,使用 Null 无效
[E] 2008-12-29 17:07:58.188 (0x0B38):ErrorCode[94]_Show Call flow on Screen got error, Callflow ID: 221,使用 Null 无效
[E] 2008-12-29 17:07:58.204 (0x0B38):ErrorCode[94]_Show Call flow on Screen got error, Callflow ID: 221,使用 Null 无效
[E] 2008-12-29 17:07:58.204 (0x0B38):ErrorCode[94]_Show Call flow on Screen got error, Callflow ID: 221,使用 Null 无效
[E] 2008-12-29 17:07:58.204 (0x0B38):ErrorCode[94]_Show Call flow on Screen got error, Callflow ID: 221,使用 Null 无效
[E] 2008-12-29 17:07:58.204 (0x0B38):ErrorCode[94]_Show Call flow on Screen got error, Callflow ID: 221,使用 Null 无效
[E] 2008-12-29 17:07:58.216 (0x0B38):ErrorCode[94]_Show Call flow on Screen got error, Callflow ID: 221,使用 Null 无效
[E] 2008-12-29 17:07:58.216 (0x0B38):ErrorCode[94]_Show Call flow on Screen got error, Callflow ID: 221,使用 Null 无效
[E] 2008-12-29 17:07:58.216 (0x0B38):ErrorCode[94]_Show Call flow on Screen got error, Callflow ID: 221,使用 Null 无效
[E] 2008-12-29 17:07:58.216 (0x0B38):ErrorCode[94]_Show Call flow on Screen got error, Callflow ID: 221,使用 Null 无效
[E] 2008-12-29 17:07:58.232 (0x0B38):ErrorCode[94]_Show Call flow on Screen got error, Callflow ID: 221,使用 Null 无效
[E] 2008-12-29 17:07:58.232 (0x0B38):ErrorCode[94]_Show Call flow on Screen got error, Callflow ID: 221,使用 Null 无效
[E] 2008-12-29 17:07:58.232 (0x0B38):ErrorCode[94]_Show Call flow on Screen got error, Callflow ID: 221,使用 Null 无效
[E] 2008-12-29 17:07:58.232 (0x0B38):ErrorCode[94]_Show Call flow on Screen got error, Callflow ID: 221,使用 Null 无效
[E] 2008-12-29 17:07:58.232 (0x0B38):ErrorCode[94]_Show Call flow on Screen got error, Callflow ID: 221,使用 Null 无效
[E] 2008-12-29 17:07:58.248 (0x0B38):ErrorCode[94]_Show Call flow on Screen got error, Callflow ID: 221,使用 Null 无效
[E] 2008-12-29 17:07:58.248 (0x0B38):ErrorCode[94]_Show Call flow on Screen got error, Callflow ID: 221,使用 Null 无效
[E] 2008-12-29 17:07:58.248 (0x0B38):ErrorCode[94]_Show Call flow on Screen got error, Callflow ID: 221,使用 Null 无效
[E] 2008-12-29 17:07:58.248 (0x0B38):ErrorCode[94]_Show Call flow on Screen got error, Callflow ID: 221,使用 Null 无效
[E] 2008-12-29 17:07:58.248 (0x0B38):ErrorCode[94]_Show Call flow on Screen got error, Callflow ID: 221,使用 Null 无效
[E] 2008-12-29 17:07:58.264 (0x0B38):ErrorCode[94]_Show Call flow on Screen got error, Callflow ID: 221,使用 Null 无效
[E] 2008-12-29 17:07:58.264 (0x0B38):ErrorCode[94]_Show Call flow on Screen got error, Callflow ID: 221,使用 Null 无效
[E] 2008-12-29 17:07:58.264 (0x0B38):ErrorCode[94]_Show Call flow on Screen got error, Callflow ID: 221,使用 Null 无效
[I] 2008-12-30 08:36:08.796 (0x0B38):ErrorCode[0]_Callflow Closed!,Callflow ID:125 Callflow Name:大众主流程
[I] 2008-12-30 08:36:09.624 (0x0B38):ErrorCode[0]_Callflow Closed!,Callflow ID:51 Callflow Name:锦江主流程
[I] 2008-12-30 08:36:09.796 (0x0B38):ErrorCode[0]_Callflow Closed!,Callflow ID:221 Callflow Name:宁波数字电视主流程
[I] 2008-12-30 08:36:09.876 (0x0B38):ErrorCode[0]_Visual IVR Editor Shutdown....
