[I] 2008-08-28 17:19:14.172 (0x07F4):ErrorCode[0]_Visual IVR Editor Started...,Version:6.9.6
[I] 2008-08-28 17:19:14.544 (0x07F4):ErrorCode[0]_Connect to Database successful! ,ConnectionString:Provider=SQLOLEDB;Integrated Security=SSPI;Data Source=127.0.0.1;Initial Catalog=dbCallcenter
[I] 2008-08-28 17:19:17.124 (0x07F4):ErrorCode[0]_Open CallFlow and Nodes Record...,Callflow ID:1 Callflow Name:Test Demo
[I] 2008-08-28 17:19:17.140 (0x07F4):ErrorCode[0]_Open Resource Record...,Project ID:1
[I] 2008-08-28 17:19:23.376 (0x07F4):ErrorCode[0]_Connect to Database successful! ,ConnectionString:Provider=SQLOLEDB;Integrated Security=SSPI;Data Source=127.0.0.1;Initial Catalog=dbCallcenter
[I] 2008-08-28 17:19:23.516 (0x07F4):ErrorCode[0]_Open CallFlow and Nodes Record...,Callflow ID:2 Callflow Name:分机传真
[E] 2008-08-28 17:19:23.516 (0x07F4):ErrorCode[94]_Show Call flow on Screen got error, Callflow ID: 2,无效使用 Null
[I] 2008-08-28 17:19:23.516 (0x07F4):ErrorCode[0]_Open Resource Record...,Project ID:211
[E] 2008-08-28 17:19:23.532 (0x07F4):ErrorCode[94]_Show Call flow on Screen got error, Callflow ID: 2,无效使用 Null
[E] 2008-08-28 17:19:23.532 (0x07F4):ErrorCode[94]_Show Call flow on Screen got error, Callflow ID: 2,无效使用 Null
[E] 2008-08-28 17:19:23.532 (0x07F4):ErrorCode[94]_Show Call flow on Screen got error, Callflow ID: 2,无效使用 Null
[E] 2008-08-28 17:19:23.532 (0x07F4):ErrorCode[94]_Show Call flow on Screen got error, Callflow ID: 2,无效使用 Null
[E] 2008-08-28 17:19:23.532 (0x07F4):ErrorCode[94]_Show Call flow on Screen got error, Callflow ID: 2,无效使用 Null
[E] 2008-08-28 17:19:23.532 (0x07F4):ErrorCode[94]_Show Call flow on Screen got error, Callflow ID: 2,无效使用 Null
[E] 2008-08-28 17:19:23.544 (0x07F4):ErrorCode[94]_Show Call flow on Screen got error, Callflow ID: 2,无效使用 Null
[E] 2008-08-28 17:19:23.544 (0x07F4):ErrorCode[94]_Show Call flow on Screen got error, Callflow ID: 2,无效使用 Null
[E] 2008-08-28 17:19:23.544 (0x07F4):ErrorCode[94]_Show Call flow on Screen got error, Callflow ID: 2,无效使用 Null
[E] 2008-08-28 17:19:23.544 (0x07F4):ErrorCode[94]_Show Call flow on Screen got error, Callflow ID: 2,无效使用 Null
[E] 2008-08-28 17:19:23.544 (0x07F4):ErrorCode[94]_Show Call flow on Screen got error, Callflow ID: 2,无效使用 Null
[E] 2008-08-28 17:19:23.560 (0x07F4):ErrorCode[94]_Show Call flow on Screen got error, Callflow ID: 2,无效使用 Null
[E] 2008-08-28 17:19:23.560 (0x07F4):ErrorCode[94]_Show Call flow on Screen got error, Callflow ID: 2,无效使用 Null
[E] 2008-08-28 17:19:23.560 (0x07F4):ErrorCode[94]_Show Call flow on Screen got error, Callflow ID: 2,无效使用 Null
[E] 2008-08-28 17:19:23.560 (0x07F4):ErrorCode[94]_Show Call flow on Screen got error, Callflow ID: 2,无效使用 Null
[E] 2008-08-28 17:19:23.560 (0x07F4):ErrorCode[94]_Show Call flow on Screen got error, Callflow ID: 2,无效使用 Null
[E] 2008-08-28 17:19:23.576 (0x07F4):ErrorCode[94]_Show Call flow on Screen got error, Callflow ID: 2,无效使用 Null
[E] 2008-08-28 17:19:23.576 (0x07F4):ErrorCode[94]_Show Call flow on Screen got error, Callflow ID: 2,无效使用 Null
[E] 2008-08-28 17:19:23.576 (0x07F4):ErrorCode[94]_Show Call flow on Screen got error, Callflow ID: 2,无效使用 Null
[E] 2008-08-28 17:19:23.576 (0x07F4):ErrorCode[94]_Show Call flow on Screen got error, Callflow ID: 2,无效使用 Null
[E] 2008-08-28 17:19:23.576 (0x07F4):ErrorCode[94]_Show Call flow on Screen got error, Callflow ID: 2,无效使用 Null
[E] 2008-08-28 17:19:23.592 (0x07F4):ErrorCode[94]_Show Call flow on Screen got error, Callflow ID: 2,无效使用 Null
[E] 2008-08-28 17:19:23.592 (0x07F4):ErrorCode[94]_Show Call flow on Screen got error, Callflow ID: 2,无效使用 Null
[E] 2008-08-28 17:19:23.592 (0x07F4):ErrorCode[94]_Show Call flow on Screen got error, Callflow ID: 2,无效使用 Null
[E] 2008-08-28 17:19:23.592 (0x07F4):ErrorCode[94]_Show Call flow on Screen got error, Callflow ID: 2,无效使用 Null
[E] 2008-08-28 17:19:23.592 (0x07F4):ErrorCode[94]_Show Call flow on Screen got error, Callflow ID: 2,无效使用 Null
[E] 2008-08-28 17:19:23.608 (0x07F4):ErrorCode[94]_Show Call flow on Screen got error, Callflow ID: 2,无效使用 Null
[I] 2008-08-28 17:19:37.204 (0x07F4):ErrorCode[0]_Callflow Closed!,Callflow ID:1 Callflow Name:Test Demo
[I] 2008-08-28 17:19:37.344 (0x07F4):ErrorCode[0]_Callflow Closed!,Callflow ID:2 Callflow Name:分机传真
[I] 2008-08-28 17:19:37.360 (0x07F4):ErrorCode[0]_Visual IVR Editor Shutdown....
