[I] 2008-10-27 00:27:30.828 (0x1798):ErrorCode[0]_Visual IVR Editor Started...,Version:6.9.6
[I] 2008-10-27 00:27:32.156 (0x1798):ErrorCode[0]_Connect to Database successful! ,ConnectionString:Provider=SQLOLEDB;Integrated Security=SSPI;Data Source=127.0.0.1;Initial Catalog=dbCallcenter
[I] 2008-10-27 00:30:12.546 (0x1798):ErrorCode[0]_Open CallFlow and Nodes Record...,Callflow ID:225 Callflow Name:NB Fotile
[E] 2008-10-27 00:30:12.546 (0x1798):ErrorCode[94]_Show Call flow on Screen got error, Callflow ID: 225,使用 Null 无效
[I] 2008-10-27 00:30:12.562 (0x1798):ErrorCode[0]_Open Resource Record...,Project ID:225
[E] 2008-10-27 00:30:12.609 (0x1798):ErrorCode[94]_Show Call flow on Screen got error, Callflow ID: 225,使用 Null 无效
[E] 2008-10-27 00:30:12.609 (0x1798):ErrorCode[94]_Show Call flow on Screen got error, Callflow ID: 225,使用 Null 无效
[E] 2008-10-27 00:30:12.609 (0x1798):ErrorCode[94]_Show Call flow on Screen got error, Callflow ID: 225,使用 Null 无效
[E] 2008-10-27 00:30:12.625 (0x1798):ErrorCode[94]_Show Call flow on Screen got error, Callflow ID: 225,使用 Null 无效
[E] 2008-10-27 00:30:12.640 (0x1798):ErrorCode[94]_Show Call flow on Screen got error, Callflow ID: 225,使用 Null 无效
[E] 2008-10-27 00:30:12.656 (0x1798):ErrorCode[94]_Show Call flow on Screen got error, Callflow ID: 225,使用 Null 无效
[E] 2008-10-27 00:30:12.656 (0x1798):ErrorCode[94]_Show Call flow on Screen got error, Callflow ID: 225,使用 Null 无效
[E] 2008-10-27 00:30:12.656 (0x1798):ErrorCode[94]_Show Call flow on Screen got error, Callflow ID: 225,使用 Null 无效
[E] 2008-10-27 00:30:12.656 (0x1798):ErrorCode[94]_Show Call flow on Screen got error, Callflow ID: 225,使用 Null 无效
[E] 2008-10-27 00:30:12.671 (0x1798):ErrorCode[94]_Show Call flow on Screen got error, Callflow ID: 225,使用 Null 无效
[E] 2008-10-27 00:30:12.671 (0x1798):ErrorCode[94]_Show Call flow on Screen got error, Callflow ID: 225,使用 Null 无效
[E] 2008-10-27 00:30:12.671 (0x1798):ErrorCode[94]_Show Call flow on Screen got error, Callflow ID: 225,使用 Null 无效
[E] 2008-10-27 00:30:12.671 (0x1798):ErrorCode[94]_Show Call flow on Screen got error, Callflow ID: 225,使用 Null 无效
[E] 2008-10-27 00:30:12.687 (0x1798):ErrorCode[94]_Show Call flow on Screen got error, Callflow ID: 225,使用 Null 无效
[E] 2008-10-27 00:30:12.687 (0x1798):ErrorCode[94]_Show Call flow on Screen got error, Callflow ID: 225,使用 Null 无效
[E] 2008-10-27 00:30:12.687 (0x1798):ErrorCode[94]_Show Call flow on Screen got error, Callflow ID: 225,使用 Null 无效
[E] 2008-10-27 00:30:12.703 (0x1798):ErrorCode[94]_Show Call flow on Screen got error, Callflow ID: 225,使用 Null 无效
[E] 2008-10-27 00:30:12.703 (0x1798):ErrorCode[94]_Show Call flow on Screen got error, Callflow ID: 225,使用 Null 无效
[E] 2008-10-27 00:30:12.703 (0x1798):ErrorCode[94]_Show Call flow on Screen got error, Callflow ID: 225,使用 Null 无效
[E] 2008-10-27 00:30:12.703 (0x1798):ErrorCode[94]_Show Call flow on Screen got error, Callflow ID: 225,使用 Null 无效
[E] 2008-10-27 00:30:12.703 (0x1798):ErrorCode[94]_Show Call flow on Screen got error, Callflow ID: 225,使用 Null 无效
[E] 2008-10-27 00:30:12.703 (0x1798):ErrorCode[94]_Show Call flow on Screen got error, Callflow ID: 225,使用 Null 无效
[E] 2008-10-27 00:30:12.718 (0x1798):ErrorCode[94]_Show Call flow on Screen got error, Callflow ID: 225,使用 Null 无效
[E] 2008-10-27 00:30:12.718 (0x1798):ErrorCode[94]_Show Call flow on Screen got error, Callflow ID: 225,使用 Null 无效
[E] 2008-10-27 00:30:12.718 (0x1798):ErrorCode[94]_Show Call flow on Screen got error, Callflow ID: 225,使用 Null 无效
[E] 2008-10-27 00:30:12.718 (0x1798):ErrorCode[94]_Show Call flow on Screen got error, Callflow ID: 225,使用 Null 无效
[E] 2008-10-27 00:30:12.718 (0x1798):ErrorCode[94]_Show Call flow on Screen got error, Callflow ID: 225,使用 Null 无效
[E] 2008-10-27 00:30:12.718 (0x1798):ErrorCode[94]_Show Call flow on Screen got error, Callflow ID: 225,使用 Null 无效
[E] 2008-10-27 00:30:12.734 (0x1798):ErrorCode[94]_Show Call flow on Screen got error, Callflow ID: 225,使用 Null 无效
[E] 2008-10-27 00:30:12.734 (0x1798):ErrorCode[94]_Show Call flow on Screen got error, Callflow ID: 225,使用 Null 无效
[E] 2008-10-27 00:30:12.734 (0x1798):ErrorCode[94]_Show Call flow on Screen got error, Callflow ID: 225,使用 Null 无效
[E] 2008-10-27 00:30:12.750 (0x1798):ErrorCode[94]_Show Call flow on Screen got error, Callflow ID: 225,使用 Null 无效
[E] 2008-10-27 00:30:12.750 (0x1798):ErrorCode[94]_Show Call flow on Screen got error, Callflow ID: 225,使用 Null 无效
[E] 2008-10-27 00:30:12.750 (0x1798):ErrorCode[94]_Show Call flow on Screen got error, Callflow ID: 225,使用 Null 无效
[E] 2008-10-27 00:30:12.765 (0x1798):ErrorCode[94]_Show Call flow on Screen got error, Callflow ID: 225,使用 Null 无效
[E] 2008-10-27 00:30:12.765 (0x1798):ErrorCode[94]_Show Call flow on Screen got error, Callflow ID: 225,使用 Null 无效
[E] 2008-10-27 00:30:12.765 (0x1798):ErrorCode[94]_Show Call flow on Screen got error, Callflow ID: 225,使用 Null 无效
[E] 2008-10-27 00:30:12.765 (0x1798):ErrorCode[94]_Show Call flow on Screen got error, Callflow ID: 225,使用 Null 无效
[E] 2008-10-27 00:30:12.765 (0x1798):ErrorCode[94]_Show Call flow on Screen got error, Callflow ID: 225,使用 Null 无效
[E] 2008-10-27 00:30:12.781 (0x1798):ErrorCode[94]_Show Call flow on Screen got error, Callflow ID: 225,使用 Null 无效
[E] 2008-10-27 00:30:12.781 (0x1798):ErrorCode[94]_Show Call flow on Screen got error, Callflow ID: 225,使用 Null 无效
[E] 2008-10-27 00:30:12.781 (0x1798):ErrorCode[94]_Show Call flow on Screen got error, Callflow ID: 225,使用 Null 无效
[E] 2008-10-27 00:30:12.781 (0x1798):ErrorCode[94]_Show Call flow on Screen got error, Callflow ID: 225,使用 Null 无效
[E] 2008-10-27 00:30:12.781 (0x1798):ErrorCode[94]_Show Call flow on Screen got error, Callflow ID: 225,使用 Null 无效
[E] 2008-10-27 00:30:12.796 (0x1798):ErrorCode[94]_Show Call flow on Screen got error, Callflow ID: 225,使用 Null 无效
[E] 2008-10-27 00:30:12.796 (0x1798):ErrorCode[94]_Show Call flow on Screen got error, Callflow ID: 225,使用 Null 无效
[E] 2008-10-27 00:30:12.796 (0x1798):ErrorCode[94]_Show Call flow on Screen got error, Callflow ID: 225,使用 Null 无效
[E] 2008-10-27 00:30:12.796 (0x1798):ErrorCode[94]_Show Call flow on Screen got error, Callflow ID: 225,使用 Null 无效
[E] 2008-10-27 00:30:12.796 (0x1798):ErrorCode[94]_Show Call flow on Screen got error, Callflow ID: 225,使用 Null 无效
[I] 2008-10-27 21:37:31.512 (0x1798):ErrorCode[0]_Callflow Closed!,Callflow ID:225 Callflow Name:NB Fotile
[I] 2008-10-27 21:37:31.608 (0x1798):ErrorCode[0]_Option changed successful! .
[I] 2008-10-27 21:37:34.144 (0x1798):ErrorCode[0]_Connect to Database successful! ,ConnectionString:DSN=MicroCall;UID=sa;PWD=pcs123456;Initial Catalog=dbCallcenter
[I] 2008-10-27 21:38:37.768 (0x1798):ErrorCode[0]_Open CallFlow and Nodes Record...,Callflow ID:210 Callflow Name:MicroCall For AZ
[I] 2008-10-27 21:38:40.624 (0x1798):ErrorCode[0]_Open Resource Record...,Project ID:210
[I] 2008-10-27 22:30:41.032 (0x1798):ErrorCode[0]_Callflow Closed!,Callflow ID:210 Callflow Name:MicroCall For AZ
[I] 2008-10-27 22:30:46.360 (0x1798):ErrorCode[0]_Connect to Database successful! ,ConnectionString:DSN=MicroCall;UID=sa;PWD=pcs123456;Initial Catalog=dbCallcenter
[I] 2008-10-27 22:31:01.232 (0x1798):ErrorCode[0]_Callflow Closed!,Callflow ID:0 Callflow Name:
[I] 2008-10-27 22:31:01.280 (0x1798):ErrorCode[0]_Option changed successful! .
[I] 2008-10-27 22:31:03.752 (0x1798):ErrorCode[0]_Visual IVR Editor Shutdown....
[I] 2008-10-27 22:37:58.232 (0x1FE0):ErrorCode[0]_Visual IVR Editor Started...,Version:6.9.6
[I] 2008-10-27 22:37:58.800 (0x1FE0):ErrorCode[0]_Connect to Database successful! ,ConnectionString:Provider=SQLOLEDB;Integrated Security=SSPI;Data Source=127.0.0.1;Initial Catalog=dbCallcenter
[I] 2008-10-27 22:38:17.688 (0x1FE0):ErrorCode[0]_Callflow Closed!,Callflow ID:0 Callflow Name:
[I] 2008-10-27 22:38:17.736 (0x1FE0):ErrorCode[0]_Option changed successful! .
[I] 2008-10-27 22:38:19.504 (0x1FE0):ErrorCode[0]_Connect to Database successful! ,ConnectionString:DSN=MicroCall;UID=sa;PWD=pcs123456;Initial Catalog=dbCallcenter
[I] 2008-10-27 22:38:34.720 (0x1FE0):ErrorCode[0]_Open CallFlow and Nodes Record...,Callflow ID:214 Callflow Name:MicroCall-Crab
[I] 2008-10-27 22:38:35.784 (0x1FE0):ErrorCode[0]_Open Resource Record...,Project ID:214
[I] 2008-10-27 22:39:07.720 (0x1FE0):ErrorCode[0]_Callflow Closed!,Callflow ID:214 Callflow Name:MicroCall-Crab
[I] 2008-10-27 22:39:07.768 (0x1FE0):ErrorCode[0]_Visual IVR Editor Shutdown....
