[I] 2009-01-08 13:54:23.516 (0x019C):ErrorCode[0]_Visual IVR Editor Started...,Version:6.9.6
[I] 2009-01-08 13:54:24.468 (0x019C):ErrorCode[0]_Connect to Database successful! ,ConnectionString:Provider=SQLOLEDB;Integrated Security=SSPI;Data Source=127.0.0.1;Initial Catalog=dbCallcenter
[I] 2009-01-08 13:54:31.048 (0x019C):ErrorCode[0]_Connect to Database successful! ,ConnectionString:Provider=SQLOLEDB;Integrated Security=SSPI;Data Source=127.0.0.1;Initial Catalog=dbCallcenter
[I] 2009-01-08 13:54:32.516 (0x019C):ErrorCode[0]_Open CallFlow and Nodes Record...,Callflow ID:156 Callflow Name:
[I] 2009-01-08 13:54:32.624 (0x019C):ErrorCode[0]_Create a new Callflow,CallFlow ID:156
[E] 2009-01-08 13:54:32.640 (0x019C):ErrorCode[0]_Get callflow date file information failed when import a callflow!,
[I] 2009-01-08 13:54:32.672 (0x019C):ErrorCode[0]_Open CallFlow and Nodes Record...,Callflow ID:156 Callflow Name:dimob
[I] 2009-01-08 13:54:32.844 (0x019C):ErrorCode[0]_ImportFlowData(D:\My Documents\CallFlow\dimob156.PVC) successful!.
[E] 2009-01-08 13:54:32.860 (0x019C):ErrorCode[0]_ImportFlowData(D:\My Documents\CallFlow\dimob156.PVC) got error,,
[I] 2009-01-08 13:54:32.876 (0x019C):ErrorCode[0]_Open CallFlow and Nodes Record...,Callflow ID:156 Callflow Name:dimob
[I] 2009-01-08 13:54:32.952 (0x019C):ErrorCode[0]_Open Resource Record...,Project ID:150
[I] 2009-01-08 14:17:54.812 (0x019C):ErrorCode[0]_Connect to Database successful! ,ConnectionString:Provider=SQLOLEDB;Integrated Security=SSPI;Data Source=127.0.0.1;Initial Catalog=dbCallcenter
[I] 2009-01-08 14:17:54.904 (0x019C):ErrorCode[0]_Open CallFlow and Nodes Record...,Callflow ID:15 Callflow Name:CISCO_Demo
[I] 2009-01-08 14:17:54.904 (0x019C):ErrorCode[0]_Open Resource Record...,Project ID:99
[I] 2009-01-08 14:20:18.188 (0x019C):ErrorCode[0]_Open CallFlow and Nodes Record...,Callflow ID:225 Callflow Name:NB Fotile
[E] 2009-01-08 14:20:18.204 (0x019C):ErrorCode[94]_Show Call flow on Screen got error, Callflow ID: 225,使用 Null 无效
[I] 2009-01-08 14:20:18.204 (0x019C):ErrorCode[0]_Open Resource Record...,Project ID:225
[E] 2009-01-08 14:20:18.232 (0x019C):ErrorCode[94]_Show Call flow on Screen got error, Callflow ID: 225,使用 Null 无效
[E] 2009-01-08 14:20:18.248 (0x019C):ErrorCode[94]_Show Call flow on Screen got error, Callflow ID: 225,使用 Null 无效
[E] 2009-01-08 14:20:18.248 (0x019C):ErrorCode[94]_Show Call flow on Screen got error, Callflow ID: 225,使用 Null 无效
[E] 2009-01-08 14:20:18.248 (0x019C):ErrorCode[94]_Show Call flow on Screen got error, Callflow ID: 225,使用 Null 无效
[E] 2009-01-08 14:20:18.264 (0x019C):ErrorCode[94]_Show Call flow on Screen got error, Callflow ID: 225,使用 Null 无效
[E] 2009-01-08 14:20:18.296 (0x019C):ErrorCode[94]_Show Call flow on Screen got error, Callflow ID: 225,使用 Null 无效
[E] 2009-01-08 14:20:18.296 (0x019C):ErrorCode[94]_Show Call flow on Screen got error, Callflow ID: 225,使用 Null 无效
[E] 2009-01-08 14:20:18.312 (0x019C):ErrorCode[94]_Show Call flow on Screen got error, Callflow ID: 225,使用 Null 无效
[E] 2009-01-08 14:20:18.312 (0x019C):ErrorCode[94]_Show Call flow on Screen got error, Callflow ID: 225,使用 Null 无效
[E] 2009-01-08 14:20:18.328 (0x019C):ErrorCode[94]_Show Call flow on Screen got error, Callflow ID: 225,使用 Null 无效
[E] 2009-01-08 14:20:18.328 (0x019C):ErrorCode[94]_Show Call flow on Screen got error, Callflow ID: 225,使用 Null 无效
[E] 2009-01-08 14:20:18.328 (0x019C):ErrorCode[94]_Show Call flow on Screen got error, Callflow ID: 225,使用 Null 无效
[E] 2009-01-08 14:20:18.328 (0x019C):ErrorCode[94]_Show Call flow on Screen got error, Callflow ID: 225,使用 Null 无效
[E] 2009-01-08 14:20:18.344 (0x019C):ErrorCode[94]_Show Call flow on Screen got error, Callflow ID: 225,使用 Null 无效
[E] 2009-01-08 14:20:18.344 (0x019C):ErrorCode[94]_Show Call flow on Screen got error, Callflow ID: 225,使用 Null 无效
[E] 2009-01-08 14:20:18.344 (0x019C):ErrorCode[94]_Show Call flow on Screen got error, Callflow ID: 225,使用 Null 无效
[E] 2009-01-08 14:20:18.344 (0x019C):ErrorCode[94]_Show Call flow on Screen got error, Callflow ID: 225,使用 Null 无效
[E] 2009-01-08 14:20:18.360 (0x019C):ErrorCode[94]_Show Call flow on Screen got error, Callflow ID: 225,使用 Null 无效
[E] 2009-01-08 14:20:18.360 (0x019C):ErrorCode[94]_Show Call flow on Screen got error, Callflow ID: 225,使用 Null 无效
[E] 2009-01-08 14:20:18.360 (0x019C):ErrorCode[94]_Show Call flow on Screen got error, Callflow ID: 225,使用 Null 无效
[E] 2009-01-08 14:20:18.360 (0x019C):ErrorCode[94]_Show Call flow on Screen got error, Callflow ID: 225,使用 Null 无效
[E] 2009-01-08 14:20:18.360 (0x019C):ErrorCode[94]_Show Call flow on Screen got error, Callflow ID: 225,使用 Null 无效
[E] 2009-01-08 14:20:18.376 (0x019C):ErrorCode[94]_Show Call flow on Screen got error, Callflow ID: 225,使用 Null 无效
[E] 2009-01-08 14:20:18.376 (0x019C):ErrorCode[94]_Show Call flow on Screen got error, Callflow ID: 225,使用 Null 无效
[E] 2009-01-08 14:20:18.376 (0x019C):ErrorCode[94]_Show Call flow on Screen got error, Callflow ID: 225,使用 Null 无效
[E] 2009-01-08 14:20:18.376 (0x019C):ErrorCode[94]_Show Call flow on Screen got error, Callflow ID: 225,使用 Null 无效
[E] 2009-01-08 14:20:18.376 (0x019C):ErrorCode[94]_Show Call flow on Screen got error, Callflow ID: 225,使用 Null 无效
[E] 2009-01-08 14:20:18.392 (0x019C):ErrorCode[94]_Show Call flow on Screen got error, Callflow ID: 225,使用 Null 无效
[E] 2009-01-08 14:20:18.392 (0x019C):ErrorCode[94]_Show Call flow on Screen got error, Callflow ID: 225,使用 Null 无效
[E] 2009-01-08 14:20:18.392 (0x019C):ErrorCode[94]_Show Call flow on Screen got error, Callflow ID: 225,使用 Null 无效
[E] 2009-01-08 14:20:18.392 (0x019C):ErrorCode[94]_Show Call flow on Screen got error, Callflow ID: 225,使用 Null 无效
[E] 2009-01-08 14:20:18.408 (0x019C):ErrorCode[94]_Show Call flow on Screen got error, Callflow ID: 225,使用 Null 无效
[E] 2009-01-08 14:20:18.408 (0x019C):ErrorCode[94]_Show Call flow on Screen got error, Callflow ID: 225,使用 Null 无效
[E] 2009-01-08 14:20:18.408 (0x019C):ErrorCode[94]_Show Call flow on Screen got error, Callflow ID: 225,使用 Null 无效
[E] 2009-01-08 14:20:18.420 (0x019C):ErrorCode[94]_Show Call flow on Screen got error, Callflow ID: 225,使用 Null 无效
[E] 2009-01-08 14:20:18.420 (0x019C):ErrorCode[94]_Show Call flow on Screen got error, Callflow ID: 225,使用 Null 无效
[E] 2009-01-08 14:20:18.420 (0x019C):ErrorCode[94]_Show Call flow on Screen got error, Callflow ID: 225,使用 Null 无效
[E] 2009-01-08 14:20:18.420 (0x019C):ErrorCode[94]_Show Call flow on Screen got error, Callflow ID: 225,使用 Null 无效
[E] 2009-01-08 14:20:18.436 (0x019C):ErrorCode[94]_Show Call flow on Screen got error, Callflow ID: 225,使用 Null 无效
[E] 2009-01-08 14:20:18.436 (0x019C):ErrorCode[94]_Show Call flow on Screen got error, Callflow ID: 225,使用 Null 无效
[E] 2009-01-08 14:20:18.436 (0x019C):ErrorCode[94]_Show Call flow on Screen got error, Callflow ID: 225,使用 Null 无效
[E] 2009-01-08 14:20:18.436 (0x019C):ErrorCode[94]_Show Call flow on Screen got error, Callflow ID: 225,使用 Null 无效
[E] 2009-01-08 14:20:18.436 (0x019C):ErrorCode[94]_Show Call flow on Screen got error, Callflow ID: 225,使用 Null 无效
[E] 2009-01-08 14:20:18.452 (0x019C):ErrorCode[94]_Show Call flow on Screen got error, Callflow ID: 225,使用 Null 无效
[E] 2009-01-08 14:20:18.452 (0x019C):ErrorCode[94]_Show Call flow on Screen got error, Callflow ID: 225,使用 Null 无效
[E] 2009-01-08 14:20:18.452 (0x019C):ErrorCode[94]_Show Call flow on Screen got error, Callflow ID: 225,使用 Null 无效
[E] 2009-01-08 14:20:18.452 (0x019C):ErrorCode[94]_Show Call flow on Screen got error, Callflow ID: 225,使用 Null 无效
[E] 2009-01-08 14:20:18.452 (0x019C):ErrorCode[94]_Show Call flow on Screen got error, Callflow ID: 225,使用 Null 无效
[E] 2009-01-08 14:20:18.468 (0x019C):ErrorCode[94]_Show Call flow on Screen got error, Callflow ID: 225,使用 Null 无效
[I] 2009-01-08 14:21:02.032 (0x019C):ErrorCode[0]_Open CallFlow and Nodes Record...,Callflow ID:15 Callflow Name:CISCO_Demo
[I] 2009-01-08 14:21:02.048 (0x019C):ErrorCode[0]_Open Resource Record...,Project ID:99
[I] 2009-01-08 14:21:28.544 (0x019C):ErrorCode[0]_Add a new node,Node Index:58
[I] 2009-01-08 14:22:04.672 (0x019C):ErrorCode[0]_Update node info,Node ID:283
[I] 2009-01-08 14:22:46.016 (0x019C):ErrorCode[0]_Add a new node,Node Index:59
[I] 2009-01-08 14:22:56.876 (0x019C):ErrorCode[0]_Add a new node,Node Index:60
[I] 2009-01-08 14:23:03.452 (0x019C):ErrorCode[0]_Add a new node,Node Index:61
[I] 2009-01-08 14:23:35.544 (0x019C):ErrorCode[0]_Update node info,Node ID:317
[I] 2009-01-08 14:23:43.468 (0x019C):ErrorCode[0]_Add a new node,Node Index:62
[I] 2009-01-08 14:23:59.408 (0x019C):ErrorCode[0]_Update node info,Node ID:319
[I] 2009-01-08 14:24:10.656 (0x019C):ErrorCode[0]_Add a new node,Node Index:63
[I] 2009-01-08 14:24:26.312 (0x019C):ErrorCode[0]_Update node info,Node ID:258
[I] 2009-01-08 14:24:35.688 (0x019C):ErrorCode[0]_Callflow saved successful!,Callflow ID:15
[W] 2009-01-08 14:24:52.452 (0x019C):ErrorCode[-2147467259]_Failed to Synchronize callflows! CallFlow ID:15,
[I] 2009-01-08 14:24:58.108 (0x019C):ErrorCode[0]_Successful Synchronized CallFlow! CallFlow ID:15.
[I] 2009-01-08 14:31:42.108 (0x019C):ErrorCode[0]_Connect to Database successful! ,ConnectionString:Provider=SQLOLEDB;Integrated Security=SSPI;Data Source=127.0.0.1;Initial Catalog=dbCallcenter
[I] 2009-01-08 14:31:42.204 (0x019C):ErrorCode[0]_Open CallFlow and Nodes Record...,Callflow ID:225 Callflow Name:NB Fotile
[E] 2009-01-08 14:31:42.216 (0x019C):ErrorCode[94]_Show Call flow on Screen got error, Callflow ID: 225,使用 Null 无效
[I] 2009-01-08 14:31:42.216 (0x019C):ErrorCode[0]_Open Resource Record...,Project ID:225
[E] 2009-01-08 14:31:42.232 (0x019C):ErrorCode[94]_Show Call flow on Screen got error, Callflow ID: 225,使用 Null 无效
[E] 2009-01-08 14:31:42.232 (0x019C):ErrorCode[94]_Show Call flow on Screen got error, Callflow ID: 225,使用 Null 无效
[E] 2009-01-08 14:31:42.232 (0x019C):ErrorCode[94]_Show Call flow on Screen got error, Callflow ID: 225,使用 Null 无效
[E] 2009-01-08 14:31:42.232 (0x019C):ErrorCode[94]_Show Call flow on Screen got error, Callflow ID: 225,使用 Null 无效
[E] 2009-01-08 14:31:42.248 (0x019C):ErrorCode[94]_Show Call flow on Screen got error, Callflow ID: 225,使用 Null 无效
[E] 2009-01-08 14:31:42.248 (0x019C):ErrorCode[94]_Show Call flow on Screen got error, Callflow ID: 225,使用 Null 无效
[E] 2009-01-08 14:31:42.248 (0x019C):ErrorCode[94]_Show Call flow on Screen got error, Callflow ID: 225,使用 Null 无效
[E] 2009-01-08 14:31:42.248 (0x019C):ErrorCode[94]_Show Call flow on Screen got error, Callflow ID: 225,使用 Null 无效
[E] 2009-01-08 14:31:42.264 (0x019C):ErrorCode[94]_Show Call flow on Screen got error, Callflow ID: 225,使用 Null 无效
[E] 2009-01-08 14:31:42.264 (0x019C):ErrorCode[94]_Show Call flow on Screen got error, Callflow ID: 225,使用 Null 无效
[E] 2009-01-08 14:31:42.264 (0x019C):ErrorCode[94]_Show Call flow on Screen got error, Callflow ID: 225,使用 Null 无效
[E] 2009-01-08 14:31:42.264 (0x019C):ErrorCode[94]_Show Call flow on Screen got error, Callflow ID: 225,使用 Null 无效
[E] 2009-01-08 14:31:42.280 (0x019C):ErrorCode[94]_Show Call flow on Screen got error, Callflow ID: 225,使用 Null 无效
[E] 2009-01-08 14:31:42.280 (0x019C):ErrorCode[94]_Show Call flow on Screen got error, Callflow ID: 225,使用 Null 无效
[E] 2009-01-08 14:31:42.280 (0x019C):ErrorCode[94]_Show Call flow on Screen got error, Callflow ID: 225,使用 Null 无效
[E] 2009-01-08 14:31:42.296 (0x019C):ErrorCode[94]_Show Call flow on Screen got error, Callflow ID: 225,使用 Null 无效
[E] 2009-01-08 14:31:42.296 (0x019C):ErrorCode[94]_Show Call flow on Screen got error, Callflow ID: 225,使用 Null 无效
[E] 2009-01-08 14:31:42.296 (0x019C):ErrorCode[94]_Show Call flow on Screen got error, Callflow ID: 225,使用 Null 无效
[E] 2009-01-08 14:31:42.296 (0x019C):ErrorCode[94]_Show Call flow on Screen got error, Callflow ID: 225,使用 Null 无效
[E] 2009-01-08 14:31:42.296 (0x019C):ErrorCode[94]_Show Call flow on Screen got error, Callflow ID: 225,使用 Null 无效
[E] 2009-01-08 14:31:42.312 (0x019C):ErrorCode[94]_Show Call flow on Screen got error, Callflow ID: 225,使用 Null 无效
[E] 2009-01-08 14:31:42.312 (0x019C):ErrorCode[94]_Show Call flow on Screen got error, Callflow ID: 225,使用 Null 无效
[E] 2009-01-08 14:31:42.312 (0x019C):ErrorCode[94]_Show Call flow on Screen got error, Callflow ID: 225,使用 Null 无效
[E] 2009-01-08 14:31:42.312 (0x019C):ErrorCode[94]_Show Call flow on Screen got error, Callflow ID: 225,使用 Null 无效
[E] 2009-01-08 14:31:42.312 (0x019C):ErrorCode[94]_Show Call flow on Screen got error, Callflow ID: 225,使用 Null 无效
[E] 2009-01-08 14:31:42.328 (0x019C):ErrorCode[94]_Show Call flow on Screen got error, Callflow ID: 225,使用 Null 无效
[E] 2009-01-08 14:31:42.328 (0x019C):ErrorCode[94]_Show Call flow on Screen got error, Callflow ID: 225,使用 Null 无效
[E] 2009-01-08 14:31:42.328 (0x019C):ErrorCode[94]_Show Call flow on Screen got error, Callflow ID: 225,使用 Null 无效
[E] 2009-01-08 14:31:42.328 (0x019C):ErrorCode[94]_Show Call flow on Screen got error, Callflow ID: 225,使用 Null 无效
[E] 2009-01-08 14:31:42.344 (0x019C):ErrorCode[94]_Show Call flow on Screen got error, Callflow ID: 225,使用 Null 无效
[E] 2009-01-08 14:31:42.344 (0x019C):ErrorCode[94]_Show Call flow on Screen got error, Callflow ID: 225,使用 Null 无效
[E] 2009-01-08 14:31:42.344 (0x019C):ErrorCode[94]_Show Call flow on Screen got error, Callflow ID: 225,使用 Null 无效
[E] 2009-01-08 14:31:42.360 (0x019C):ErrorCode[94]_Show Call flow on Screen got error, Callflow ID: 225,使用 Null 无效
[E] 2009-01-08 14:31:42.360 (0x019C):ErrorCode[94]_Show Call flow on Screen got error, Callflow ID: 225,使用 Null 无效
[E] 2009-01-08 14:31:42.360 (0x019C):ErrorCode[94]_Show Call flow on Screen got error, Callflow ID: 225,使用 Null 无效
[E] 2009-01-08 14:31:42.360 (0x019C):ErrorCode[94]_Show Call flow on Screen got error, Callflow ID: 225,使用 Null 无效
[E] 2009-01-08 14:31:42.360 (0x019C):ErrorCode[94]_Show Call flow on Screen got error, Callflow ID: 225,使用 Null 无效
[E] 2009-01-08 14:31:42.376 (0x019C):ErrorCode[94]_Show Call flow on Screen got error, Callflow ID: 225,使用 Null 无效
[E] 2009-01-08 14:31:42.376 (0x019C):ErrorCode[94]_Show Call flow on Screen got error, Callflow ID: 225,使用 Null 无效
[E] 2009-01-08 14:31:42.376 (0x019C):ErrorCode[94]_Show Call flow on Screen got error, Callflow ID: 225,使用 Null 无效
[E] 2009-01-08 14:31:42.376 (0x019C):ErrorCode[94]_Show Call flow on Screen got error, Callflow ID: 225,使用 Null 无效
[E] 2009-01-08 14:31:42.376 (0x019C):ErrorCode[94]_Show Call flow on Screen got error, Callflow ID: 225,使用 Null 无效
[E] 2009-01-08 14:31:42.392 (0x019C):ErrorCode[94]_Show Call flow on Screen got error, Callflow ID: 225,使用 Null 无效
[E] 2009-01-08 14:31:42.392 (0x019C):ErrorCode[94]_Show Call flow on Screen got error, Callflow ID: 225,使用 Null 无效
[E] 2009-01-08 14:31:42.392 (0x019C):ErrorCode[94]_Show Call flow on Screen got error, Callflow ID: 225,使用 Null 无效
[E] 2009-01-08 14:31:42.392 (0x019C):ErrorCode[94]_Show Call flow on Screen got error, Callflow ID: 225,使用 Null 无效
[E] 2009-01-08 14:31:42.392 (0x019C):ErrorCode[94]_Show Call flow on Screen got error, Callflow ID: 225,使用 Null 无效
[E] 2009-01-08 14:31:42.408 (0x019C):ErrorCode[94]_Show Call flow on Screen got error, Callflow ID: 225,使用 Null 无效
[E] 2009-01-08 14:31:42.408 (0x019C):ErrorCode[94]_Show Call flow on Screen got error, Callflow ID: 225,使用 Null 无效
[I] 2009-01-08 14:37:30.888 (0x019C):ErrorCode[0]_Connect to Database successful! ,ConnectionString:Provider=SQLOLEDB;Integrated Security=SSPI;Data Source=127.0.0.1;Initial Catalog=dbCallcenter
[I] 2009-01-08 14:37:31.080 (0x019C):ErrorCode[0]_Open CallFlow and Nodes Record...,Callflow ID:10 Callflow Name:PCS_Demo
[E] 2009-01-08 14:37:31.080 (0x019C):ErrorCode[94]_Show Call flow on Screen got error, Callflow ID: 10,使用 Null 无效
[I] 2009-01-08 14:37:31.092 (0x019C):ErrorCode[0]_Open Resource Record...,Project ID:99
[E] 2009-01-08 14:37:31.092 (0x019C):ErrorCode[94]_Show Call flow on Screen got error, Callflow ID: 10,使用 Null 无效
[E] 2009-01-08 14:37:31.092 (0x019C):ErrorCode[94]_Show Call flow on Screen got error, Callflow ID: 10,使用 Null 无效
[E] 2009-01-08 14:37:31.108 (0x019C):ErrorCode[94]_Show Call flow on Screen got error, Callflow ID: 10,使用 Null 无效
[E] 2009-01-08 14:37:31.108 (0x019C):ErrorCode[94]_Show Call flow on Screen got error, Callflow ID: 10,使用 Null 无效
[E] 2009-01-08 14:37:31.108 (0x019C):ErrorCode[94]_Show Call flow on Screen got error, Callflow ID: 10,使用 Null 无效
[E] 2009-01-08 14:37:31.108 (0x019C):ErrorCode[94]_Show Call flow on Screen got error, Callflow ID: 10,使用 Null 无效
[E] 2009-01-08 14:37:31.108 (0x019C):ErrorCode[94]_Show Call flow on Screen got error, Callflow ID: 10,使用 Null 无效
[E] 2009-01-08 14:37:31.124 (0x019C):ErrorCode[94]_Show Call flow on Screen got error, Callflow ID: 10,使用 Null 无效
[E] 2009-01-08 14:37:31.124 (0x019C):ErrorCode[94]_Show Call flow on Screen got error, Callflow ID: 10,使用 Null 无效
[E] 2009-01-08 14:37:31.124 (0x019C):ErrorCode[94]_Show Call flow on Screen got error, Callflow ID: 10,使用 Null 无效
[E] 2009-01-08 14:37:31.124 (0x019C):ErrorCode[94]_Show Call flow on Screen got error, Callflow ID: 10,使用 Null 无效
[E] 2009-01-08 14:37:31.124 (0x019C):ErrorCode[94]_Show Call flow on Screen got error, Callflow ID: 10,使用 Null 无效
[E] 2009-01-08 14:37:31.140 (0x019C):ErrorCode[94]_Show Call flow on Screen got error, Callflow ID: 10,使用 Null 无效
[E] 2009-01-08 14:37:31.140 (0x019C):ErrorCode[94]_Show Call flow on Screen got error, Callflow ID: 10,使用 Null 无效
[E] 2009-01-08 14:37:31.140 (0x019C):ErrorCode[94]_Show Call flow on Screen got error, Callflow ID: 10,使用 Null 无效
[E] 2009-01-08 14:37:31.140 (0x019C):ErrorCode[94]_Show Call flow on Screen got error, Callflow ID: 10,使用 Null 无效
[E] 2009-01-08 14:37:31.140 (0x019C):ErrorCode[94]_Show Call flow on Screen got error, Callflow ID: 10,使用 Null 无效
[E] 2009-01-08 14:37:31.156 (0x019C):ErrorCode[94]_Show Call flow on Screen got error, Callflow ID: 10,使用 Null 无效
[E] 2009-01-08 14:37:31.156 (0x019C):ErrorCode[94]_Show Call flow on Screen got error, Callflow ID: 10,使用 Null 无效
[E] 2009-01-08 14:37:31.156 (0x019C):ErrorCode[94]_Show Call flow on Screen got error, Callflow ID: 10,使用 Null 无效
[E] 2009-01-08 14:37:31.156 (0x019C):ErrorCode[94]_Show Call flow on Screen got error, Callflow ID: 10,使用 Null 无效
[E] 2009-01-08 14:37:31.156 (0x019C):ErrorCode[94]_Show Call flow on Screen got error, Callflow ID: 10,使用 Null 无效
[E] 2009-01-08 14:37:31.172 (0x019C):ErrorCode[94]_Show Call flow on Screen got error, Callflow ID: 10,使用 Null 无效
[E] 2009-01-08 14:37:31.172 (0x019C):ErrorCode[94]_Show Call flow on Screen got error, Callflow ID: 10,使用 Null 无效
[E] 2009-01-08 14:37:31.172 (0x019C):ErrorCode[94]_Show Call flow on Screen got error, Callflow ID: 10,使用 Null 无效
[E] 2009-01-08 14:37:31.172 (0x019C):ErrorCode[94]_Show Call flow on Screen got error, Callflow ID: 10,使用 Null 无效
[E] 2009-01-08 14:37:31.172 (0x019C):ErrorCode[94]_Show Call flow on Screen got error, Callflow ID: 10,使用 Null 无效
[E] 2009-01-08 14:37:31.188 (0x019C):ErrorCode[94]_Show Call flow on Screen got error, Callflow ID: 10,使用 Null 无效
[E] 2009-01-08 14:37:31.188 (0x019C):ErrorCode[94]_Show Call flow on Screen got error, Callflow ID: 10,使用 Null 无效
[E] 2009-01-08 14:37:31.188 (0x019C):ErrorCode[94]_Show Call flow on Screen got error, Callflow ID: 10,使用 Null 无效
[E] 2009-01-08 14:37:31.188 (0x019C):ErrorCode[94]_Show Call flow on Screen got error, Callflow ID: 10,使用 Null 无效
[E] 2009-01-08 14:37:31.204 (0x019C):ErrorCode[94]_Show Call flow on Screen got error, Callflow ID: 10,使用 Null 无效
[E] 2009-01-08 14:37:31.204 (0x019C):ErrorCode[94]_Show Call flow on Screen got error, Callflow ID: 10,使用 Null 无效
[E] 2009-01-08 14:37:31.204 (0x019C):ErrorCode[94]_Show Call flow on Screen got error, Callflow ID: 10,使用 Null 无效
[E] 2009-01-08 14:37:31.204 (0x019C):ErrorCode[94]_Show Call flow on Screen got error, Callflow ID: 10,使用 Null 无效
[E] 2009-01-08 14:37:31.204 (0x019C):ErrorCode[94]_Show Call flow on Screen got error, Callflow ID: 10,使用 Null 无效
[E] 2009-01-08 14:37:31.204 (0x019C):ErrorCode[94]_Show Call flow on Screen got error, Callflow ID: 10,使用 Null 无效
[E] 2009-01-08 14:37:31.216 (0x019C):ErrorCode[94]_Show Call flow on Screen got error, Callflow ID: 10,使用 Null 无效
[E] 2009-01-08 14:37:31.216 (0x019C):ErrorCode[94]_Show Call flow on Screen got error, Callflow ID: 10,使用 Null 无效
[E] 2009-01-08 14:37:31.216 (0x019C):ErrorCode[94]_Show Call flow on Screen got error, Callflow ID: 10,使用 Null 无效
[E] 2009-01-08 14:37:31.216 (0x019C):ErrorCode[94]_Show Call flow on Screen got error, Callflow ID: 10,使用 Null 无效
[E] 2009-01-08 14:37:31.216 (0x019C):ErrorCode[94]_Show Call flow on Screen got error, Callflow ID: 10,使用 Null 无效
[E] 2009-01-08 14:37:31.232 (0x019C):ErrorCode[94]_Show Call flow on Screen got error, Callflow ID: 10,使用 Null 无效
[E] 2009-01-08 14:37:31.232 (0x019C):ErrorCode[94]_Show Call flow on Screen got error, Callflow ID: 10,使用 Null 无效
[E] 2009-01-08 14:37:31.232 (0x019C):ErrorCode[94]_Show Call flow on Screen got error, Callflow ID: 10,使用 Null 无效
[E] 2009-01-08 14:37:31.232 (0x019C):ErrorCode[94]_Show Call flow on Screen got error, Callflow ID: 10,使用 Null 无效
[E] 2009-01-08 14:37:31.248 (0x019C):ErrorCode[94]_Show Call flow on Screen got error, Callflow ID: 10,使用 Null 无效
[E] 2009-01-08 14:37:31.248 (0x019C):ErrorCode[94]_Show Call flow on Screen got error, Callflow ID: 10,使用 Null 无效
[E] 2009-01-08 14:37:31.248 (0x019C):ErrorCode[94]_Show Call flow on Screen got error, Callflow ID: 10,使用 Null 无效
[E] 2009-01-08 14:37:31.248 (0x019C):ErrorCode[94]_Show Call flow on Screen got error, Callflow ID: 10,使用 Null 无效
[E] 2009-01-08 14:37:31.264 (0x019C):ErrorCode[94]_Show Call flow on Screen got error, Callflow ID: 10,使用 Null 无效
[E] 2009-01-08 14:37:31.264 (0x019C):ErrorCode[94]_Show Call flow on Screen got error, Callflow ID: 10,使用 Null 无效
[E] 2009-01-08 14:37:31.264 (0x019C):ErrorCode[94]_Show Call flow on Screen got error, Callflow ID: 10,使用 Null 无效
[E] 2009-01-08 14:37:31.264 (0x019C):ErrorCode[94]_Show Call flow on Screen got error, Callflow ID: 10,使用 Null 无效
[E] 2009-01-08 14:37:31.280 (0x019C):ErrorCode[94]_Show Call flow on Screen got error, Callflow ID: 10,使用 Null 无效
[E] 2009-01-08 14:37:31.280 (0x019C):ErrorCode[94]_Show Call flow on Screen got error, Callflow ID: 10,使用 Null 无效
[E] 2009-01-08 14:37:31.280 (0x019C):ErrorCode[94]_Show Call flow on Screen got error, Callflow ID: 10,使用 Null 无效
[E] 2009-01-08 14:37:31.280 (0x019C):ErrorCode[94]_Show Call flow on Screen got error, Callflow ID: 10,使用 Null 无效
[E] 2009-01-08 14:37:31.280 (0x019C):ErrorCode[94]_Show Call flow on Screen got error, Callflow ID: 10,使用 Null 无效
[E] 2009-01-08 14:37:31.296 (0x019C):ErrorCode[94]_Show Call flow on Screen got error, Callflow ID: 10,使用 Null 无效
[E] 2009-01-08 14:37:31.296 (0x019C):ErrorCode[94]_Show Call flow on Screen got error, Callflow ID: 10,使用 Null 无效
[E] 2009-01-08 14:37:31.296 (0x019C):ErrorCode[94]_Show Call flow on Screen got error, Callflow ID: 10,使用 Null 无效
[E] 2009-01-08 14:37:31.296 (0x019C):ErrorCode[94]_Show Call flow on Screen got error, Callflow ID: 10,使用 Null 无效
[I] 2009-01-08 14:45:45.408 (0x019C):ErrorCode[0]_Add a new node,Node Index:79
[I] 2009-01-08 14:45:52.764 (0x019C):ErrorCode[0]_Update node info,Node ID:337
[I] 2009-01-08 14:45:54.812 (0x019C):ErrorCode[0]_Add a new node,Node Index:80
[I] 2009-01-08 14:46:15.156 (0x019C):ErrorCode[0]_Add a new node,Node Index:81
[I] 2009-01-08 14:46:22.296 (0x019C):ErrorCode[0]_Add a new node,Node Index:82
[I] 2009-01-08 14:46:58.500 (0x019C):ErrorCode[0]_Update node info,Node ID:340
[I] 2009-01-08 14:47:02.656 (0x019C):ErrorCode[0]_Callflow saved successful!,Callflow ID:10
[I] 2009-01-08 14:47:23.920 (0x019C):ErrorCode[0]_Add a new node,Node Index:83
[I] 2009-01-08 14:47:43.232 (0x019C):ErrorCode[0]_Update node info,Node ID:341
[I] 2009-01-08 14:47:45.108 (0x019C):ErrorCode[0]_Add a new node,Node Index:84
[I] 2009-01-08 14:48:07.764 (0x019C):ErrorCode[0]_Callflow saved successful!,Callflow ID:10
[I] 2009-01-08 14:48:13.216 (0x019C):ErrorCode[0]_Successful Synchronized CallFlow! CallFlow ID:10.
[I] 2009-01-08 14:49:49.376 (0x019C):ErrorCode[0]_Update node info,Node ID:316
[I] 2009-01-08 14:49:52.172 (0x019C):ErrorCode[0]_Update node info,Node ID:340
[I] 2009-01-08 14:49:53.280 (0x019C):ErrorCode[0]_Callflow saved successful!,Callflow ID:10
[I] 2009-01-08 14:49:57.608 (0x019C):ErrorCode[0]_Successful Synchronized CallFlow! CallFlow ID:10.
[I] 2009-01-08 14:54:17.936 (0x019C):ErrorCode[0]_Callflow saved successful!,Callflow ID:15
[I] 2009-01-08 14:55:09.764 (0x019C):ErrorCode[0]_Update node info,Node ID:319
[I] 2009-01-08 14:55:16.672 (0x019C):ErrorCode[0]_Callflow saved successful!,Callflow ID:15
[I] 2009-01-08 14:56:50.560 (0x019C):ErrorCode[0]_Successful Synchronized CallFlow! CallFlow ID:15.
[I] 2009-01-08 14:58:20.172 (0x019C):ErrorCode[0]_Update node info,Node ID:283
[I] 2009-01-08 14:58:21.156 (0x019C):ErrorCode[0]_Callflow saved successful!,Callflow ID:15
[I] 2009-01-08 14:58:24.328 (0x019C):ErrorCode[0]_Successful Synchronized CallFlow! CallFlow ID:15.
[I] 2009-01-08 15:07:32.232 (0x019C):ErrorCode[0]_Callflow Closed!,Callflow ID:156 Callflow Name:dimob
[I] 2009-01-08 15:07:32.344 (0x019C):ErrorCode[0]_Callflow Closed!,Callflow ID:15 Callflow Name:CISCO_Demo
[I] 2009-01-08 15:07:32.468 (0x019C):ErrorCode[0]_Callflow Closed!,Callflow ID:225 Callflow Name:NB Fotile
[I] 2009-01-08 15:07:32.516 (0x019C):ErrorCode[0]_Callflow Closed!,Callflow ID:10 Callflow Name:PCS_Demo
[I] 2009-01-08 15:07:32.544 (0x019C):ErrorCode[0]_Visual IVR Editor Shutdown....
[I] 2009-01-08 15:30:52.500 (0x0954):ErrorCode[0]_Visual IVR Editor Started...,Version:6.9.6
[I] 2009-01-08 15:30:52.888 (0x0954):ErrorCode[0]_Connect to Database successful! ,ConnectionString:Provider=SQLOLEDB;Integrated Security=SSPI;Data Source=127.0.0.1;Initial Catalog=dbCallcenter
[I] 2009-01-08 15:30:57.624 (0x0954):ErrorCode[0]_Open CallFlow and Nodes Record...,Callflow ID:14 Callflow Name:PCS_Demo
[E] 2009-01-08 15:30:57.624 (0x0954):ErrorCode[94]_Show Call flow on Screen got error, Callflow ID: 14,使用 Null 无效
[I] 2009-01-08 15:30:57.624 (0x0954):ErrorCode[0]_Open Resource Record...,Project ID:99
[E] 2009-01-08 15:30:57.624 (0x0954):ErrorCode[94]_Show Call flow on Screen got error, Callflow ID: 14,使用 Null 无效
[E] 2009-01-08 15:30:57.640 (0x0954):ErrorCode[94]_Show Call flow on Screen got error, Callflow ID: 14,使用 Null 无效
[E] 2009-01-08 15:30:57.640 (0x0954):ErrorCode[94]_Show Call flow on Screen got error, Callflow ID: 14,使用 Null 无效
[E] 2009-01-08 15:30:57.640 (0x0954):ErrorCode[94]_Show Call flow on Screen got error, Callflow ID: 14,使用 Null 无效
[E] 2009-01-08 15:30:57.640 (0x0954):ErrorCode[94]_Show Call flow on Screen got error, Callflow ID: 14,使用 Null 无效
[E] 2009-01-08 15:30:57.640 (0x0954):ErrorCode[94]_Show Call flow on Screen got error, Callflow ID: 14,使用 Null 无效
[E] 2009-01-08 15:30:57.656 (0x0954):ErrorCode[94]_Show Call flow on Screen got error, Callflow ID: 14,使用 Null 无效
[E] 2009-01-08 15:30:57.656 (0x0954):ErrorCode[94]_Show Call flow on Screen got error, Callflow ID: 14,使用 Null 无效
[E] 2009-01-08 15:30:57.656 (0x0954):ErrorCode[94]_Show Call flow on Screen got error, Callflow ID: 14,使用 Null 无效
[E] 2009-01-08 15:30:57.672 (0x0954):ErrorCode[94]_Show Call flow on Screen got error, Callflow ID: 14,使用 Null 无效
[E] 2009-01-08 15:30:57.672 (0x0954):ErrorCode[94]_Show Call flow on Screen got error, Callflow ID: 14,使用 Null 无效
[E] 2009-01-08 15:30:57.672 (0x0954):ErrorCode[94]_Show Call flow on Screen got error, Callflow ID: 14,使用 Null 无效
[E] 2009-01-08 15:30:57.672 (0x0954):ErrorCode[94]_Show Call flow on Screen got error, Callflow ID: 14,使用 Null 无效
[E] 2009-01-08 15:30:57.672 (0x0954):ErrorCode[94]_Show Call flow on Screen got error, Callflow ID: 14,使用 Null 无效
[E] 2009-01-08 15:30:57.688 (0x0954):ErrorCode[94]_Show Call flow on Screen got error, Callflow ID: 14,使用 Null 无效
[E] 2009-01-08 15:30:57.688 (0x0954):ErrorCode[94]_Show Call flow on Screen got error, Callflow ID: 14,使用 Null 无效
[E] 2009-01-08 15:30:57.688 (0x0954):ErrorCode[94]_Show Call flow on Screen got error, Callflow ID: 14,使用 Null 无效
[E] 2009-01-08 15:30:57.688 (0x0954):ErrorCode[94]_Show Call flow on Screen got error, Callflow ID: 14,使用 Null 无效
[E] 2009-01-08 15:30:57.688 (0x0954):ErrorCode[94]_Show Call flow on Screen got error, Callflow ID: 14,使用 Null 无效
[E] 2009-01-08 15:30:57.704 (0x0954):ErrorCode[94]_Show Call flow on Screen got error, Callflow ID: 14,使用 Null 无效
[E] 2009-01-08 15:30:57.704 (0x0954):ErrorCode[94]_Show Call flow on Screen got error, Callflow ID: 14,使用 Null 无效
[E] 2009-01-08 15:30:57.704 (0x0954):ErrorCode[94]_Show Call flow on Screen got error, Callflow ID: 14,使用 Null 无效
[E] 2009-01-08 15:30:57.704 (0x0954):ErrorCode[94]_Show Call flow on Screen got error, Callflow ID: 14,使用 Null 无效
[E] 2009-01-08 15:30:57.704 (0x0954):ErrorCode[94]_Show Call flow on Screen got error, Callflow ID: 14,使用 Null 无效
[E] 2009-01-08 15:30:57.704 (0x0954):ErrorCode[94]_Show Call flow on Screen got error, Callflow ID: 14,使用 Null 无效
[E] 2009-01-08 15:30:57.720 (0x0954):ErrorCode[94]_Show Call flow on Screen got error, Callflow ID: 14,使用 Null 无效
[E] 2009-01-08 15:30:57.720 (0x0954):ErrorCode[94]_Show Call flow on Screen got error, Callflow ID: 14,使用 Null 无效
[E] 2009-01-08 15:30:57.720 (0x0954):ErrorCode[94]_Show Call flow on Screen got error, Callflow ID: 14,使用 Null 无效
[E] 2009-01-08 15:30:57.720 (0x0954):ErrorCode[94]_Show Call flow on Screen got error, Callflow ID: 14,使用 Null 无效
[E] 2009-01-08 15:30:57.736 (0x0954):ErrorCode[94]_Show Call flow on Screen got error, Callflow ID: 14,使用 Null 无效
[E] 2009-01-08 15:30:57.736 (0x0954):ErrorCode[94]_Show Call flow on Screen got error, Callflow ID: 14,使用 Null 无效
[E] 2009-01-08 15:30:57.736 (0x0954):ErrorCode[94]_Show Call flow on Screen got error, Callflow ID: 14,使用 Null 无效
[E] 2009-01-08 15:30:57.736 (0x0954):ErrorCode[94]_Show Call flow on Screen got error, Callflow ID: 14,使用 Null 无效
[E] 2009-01-08 15:30:57.736 (0x0954):ErrorCode[94]_Show Call flow on Screen got error, Callflow ID: 14,使用 Null 无效
[E] 2009-01-08 15:30:57.752 (0x0954):ErrorCode[94]_Show Call flow on Screen got error, Callflow ID: 14,使用 Null 无效
[E] 2009-01-08 15:30:57.752 (0x0954):ErrorCode[94]_Show Call flow on Screen got error, Callflow ID: 14,使用 Null 无效
[E] 2009-01-08 15:30:57.752 (0x0954):ErrorCode[94]_Show Call flow on Screen got error, Callflow ID: 14,使用 Null 无效
[E] 2009-01-08 15:30:57.752 (0x0954):ErrorCode[94]_Show Call flow on Screen got error, Callflow ID: 14,使用 Null 无效
[E] 2009-01-08 15:30:57.752 (0x0954):ErrorCode[94]_Show Call flow on Screen got error, Callflow ID: 14,使用 Null 无效
[E] 2009-01-08 15:30:57.764 (0x0954):ErrorCode[94]_Show Call flow on Screen got error, Callflow ID: 14,使用 Null 无效
[E] 2009-01-08 15:30:57.764 (0x0954):ErrorCode[94]_Show Call flow on Screen got error, Callflow ID: 14,使用 Null 无效
[E] 2009-01-08 15:30:57.764 (0x0954):ErrorCode[94]_Show Call flow on Screen got error, Callflow ID: 14,使用 Null 无效
[E] 2009-01-08 15:30:57.764 (0x0954):ErrorCode[94]_Show Call flow on Screen got error, Callflow ID: 14,使用 Null 无效
[E] 2009-01-08 15:30:57.764 (0x0954):ErrorCode[94]_Show Call flow on Screen got error, Callflow ID: 14,使用 Null 无效
[E] 2009-01-08 15:30:57.764 (0x0954):ErrorCode[94]_Show Call flow on Screen got error, Callflow ID: 14,使用 Null 无效
[I] 2009-01-08 15:31:17.968 (0x0954):ErrorCode[0]_Connect to Database successful! ,ConnectionString:Provider=SQLOLEDB;Integrated Security=SSPI;Data Source=127.0.0.1;Initial Catalog=dbCallcenter
[I] 2009-01-08 15:31:18.108 (0x0954):ErrorCode[0]_Open CallFlow and Nodes Record...,Callflow ID:15 Callflow Name:CISCO_Demo
[I] 2009-01-08 15:31:18.108 (0x0954):ErrorCode[0]_Open Resource Record...,Project ID:99
[I] 2009-01-08 15:54:50.888 (0x0954):ErrorCode[0]_Connect to Database successful! ,ConnectionString:Provider=SQLOLEDB;Integrated Security=SSPI;Data Source=127.0.0.1;Initial Catalog=dbCallcenter
[I] 2009-01-08 15:54:51.016 (0x0954):ErrorCode[0]_Open CallFlow and Nodes Record...,Callflow ID:225 Callflow Name:NB Fotile
[E] 2009-01-08 15:54:51.016 (0x0954):ErrorCode[94]_Show Call flow on Screen got error, Callflow ID: 225,使用 Null 无效
[I] 2009-01-08 15:54:51.016 (0x0954):ErrorCode[0]_Open Resource Record...,Project ID:225
[E] 2009-01-08 15:54:51.032 (0x0954):ErrorCode[94]_Show Call flow on Screen got error, Callflow ID: 225,使用 Null 无效
[E] 2009-01-08 15:54:51.032 (0x0954):ErrorCode[94]_Show Call flow on Screen got error, Callflow ID: 225,使用 Null 无效
[E] 2009-01-08 15:54:51.048 (0x0954):ErrorCode[94]_Show Call flow on Screen got error, Callflow ID: 225,使用 Null 无效
[E] 2009-01-08 15:54:51.048 (0x0954):ErrorCode[94]_Show Call flow on Screen got error, Callflow ID: 225,使用 Null 无效
[E] 2009-01-08 15:54:51.048 (0x0954):ErrorCode[94]_Show Call flow on Screen got error, Callflow ID: 225,使用 Null 无效
[E] 2009-01-08 15:54:51.064 (0x0954):ErrorCode[94]_Show Call flow on Screen got error, Callflow ID: 225,使用 Null 无效
[E] 2009-01-08 15:54:51.064 (0x0954):ErrorCode[94]_Show Call flow on Screen got error, Callflow ID: 225,使用 Null 无效
[E] 2009-01-08 15:54:51.064 (0x0954):ErrorCode[94]_Show Call flow on Screen got error, Callflow ID: 225,使用 Null 无效
[E] 2009-01-08 15:54:51.064 (0x0954):ErrorCode[94]_Show Call flow on Screen got error, Callflow ID: 225,使用 Null 无效
[E] 2009-01-08 15:54:51.080 (0x0954):ErrorCode[94]_Show Call flow on Screen got error, Callflow ID: 225,使用 Null 无效
[E] 2009-01-08 15:54:51.080 (0x0954):ErrorCode[94]_Show Call flow on Screen got error, Callflow ID: 225,使用 Null 无效
[E] 2009-01-08 15:54:51.080 (0x0954):ErrorCode[94]_Show Call flow on Screen got error, Callflow ID: 225,使用 Null 无效
[E] 2009-01-08 15:54:51.080 (0x0954):ErrorCode[94]_Show Call flow on Screen got error, Callflow ID: 225,使用 Null 无效
[E] 2009-01-08 15:54:51.092 (0x0954):ErrorCode[94]_Show Call flow on Screen got error, Callflow ID: 225,使用 Null 无效
[E] 2009-01-08 15:54:51.092 (0x0954):ErrorCode[94]_Show Call flow on Screen got error, Callflow ID: 225,使用 Null 无效
[E] 2009-01-08 15:54:51.092 (0x0954):ErrorCode[94]_Show Call flow on Screen got error, Callflow ID: 225,使用 Null 无效
[E] 2009-01-08 15:54:51.108 (0x0954):ErrorCode[94]_Show Call flow on Screen got error, Callflow ID: 225,使用 Null 无效
[E] 2009-01-08 15:54:51.108 (0x0954):ErrorCode[94]_Show Call flow on Screen got error, Callflow ID: 225,使用 Null 无效
[E] 2009-01-08 15:54:51.108 (0x0954):ErrorCode[94]_Show Call flow on Screen got error, Callflow ID: 225,使用 Null 无效
[E] 2009-01-08 15:54:51.108 (0x0954):ErrorCode[94]_Show Call flow on Screen got error, Callflow ID: 225,使用 Null 无效
[E] 2009-01-08 15:54:51.108 (0x0954):ErrorCode[94]_Show Call flow on Screen got error, Callflow ID: 225,使用 Null 无效
[E] 2009-01-08 15:54:51.124 (0x0954):ErrorCode[94]_Show Call flow on Screen got error, Callflow ID: 225,使用 Null 无效
[E] 2009-01-08 15:54:51.124 (0x0954):ErrorCode[94]_Show Call flow on Screen got error, Callflow ID: 225,使用 Null 无效
[E] 2009-01-08 15:54:51.124 (0x0954):ErrorCode[94]_Show Call flow on Screen got error, Callflow ID: 225,使用 Null 无效
[E] 2009-01-08 15:54:51.124 (0x0954):ErrorCode[94]_Show Call flow on Screen got error, Callflow ID: 225,使用 Null 无效
[E] 2009-01-08 15:54:51.140 (0x0954):ErrorCode[94]_Show Call flow on Screen got error, Callflow ID: 225,使用 Null 无效
[E] 2009-01-08 15:54:51.140 (0x0954):ErrorCode[94]_Show Call flow on Screen got error, Callflow ID: 225,使用 Null 无效
[E] 2009-01-08 15:54:51.140 (0x0954):ErrorCode[94]_Show Call flow on Screen got error, Callflow ID: 225,使用 Null 无效
[E] 2009-01-08 15:54:51.140 (0x0954):ErrorCode[94]_Show Call flow on Screen got error, Callflow ID: 225,使用 Null 无效
[E] 2009-01-08 15:54:51.140 (0x0954):ErrorCode[94]_Show Call flow on Screen got error, Callflow ID: 225,使用 Null 无效
[E] 2009-01-08 15:54:51.156 (0x0954):ErrorCode[94]_Show Call flow on Screen got error, Callflow ID: 225,使用 Null 无效
[E] 2009-01-08 15:54:51.156 (0x0954):ErrorCode[94]_Show Call flow on Screen got error, Callflow ID: 225,使用 Null 无效
[E] 2009-01-08 15:54:51.156 (0x0954):ErrorCode[94]_Show Call flow on Screen got error, Callflow ID: 225,使用 Null 无效
[E] 2009-01-08 15:54:51.172 (0x0954):ErrorCode[94]_Show Call flow on Screen got error, Callflow ID: 225,使用 Null 无效
[E] 2009-01-08 15:54:51.172 (0x0954):ErrorCode[94]_Show Call flow on Screen got error, Callflow ID: 225,使用 Null 无效
[E] 2009-01-08 15:54:51.172 (0x0954):ErrorCode[94]_Show Call flow on Screen got error, Callflow ID: 225,使用 Null 无效
[E] 2009-01-08 15:54:51.172 (0x0954):ErrorCode[94]_Show Call flow on Screen got error, Callflow ID: 225,使用 Null 无效
[E] 2009-01-08 15:54:51.172 (0x0954):ErrorCode[94]_Show Call flow on Screen got error, Callflow ID: 225,使用 Null 无效
[E] 2009-01-08 15:54:51.188 (0x0954):ErrorCode[94]_Show Call flow on Screen got error, Callflow ID: 225,使用 Null 无效
[E] 2009-01-08 15:54:51.188 (0x0954):ErrorCode[94]_Show Call flow on Screen got error, Callflow ID: 225,使用 Null 无效
[E] 2009-01-08 15:54:51.188 (0x0954):ErrorCode[94]_Show Call flow on Screen got error, Callflow ID: 225,使用 Null 无效
[E] 2009-01-08 15:54:51.188 (0x0954):ErrorCode[94]_Show Call flow on Screen got error, Callflow ID: 225,使用 Null 无效
[E] 2009-01-08 15:54:51.204 (0x0954):ErrorCode[94]_Show Call flow on Screen got error, Callflow ID: 225,使用 Null 无效
[E] 2009-01-08 15:54:51.204 (0x0954):ErrorCode[94]_Show Call flow on Screen got error, Callflow ID: 225,使用 Null 无效
[E] 2009-01-08 15:54:51.204 (0x0954):ErrorCode[94]_Show Call flow on Screen got error, Callflow ID: 225,使用 Null 无效
[E] 2009-01-08 15:54:51.204 (0x0954):ErrorCode[94]_Show Call flow on Screen got error, Callflow ID: 225,使用 Null 无效
[E] 2009-01-08 15:54:51.204 (0x0954):ErrorCode[94]_Show Call flow on Screen got error, Callflow ID: 225,使用 Null 无效
[E] 2009-01-08 15:54:51.204 (0x0954):ErrorCode[94]_Show Call flow on Screen got error, Callflow ID: 225,使用 Null 无效
[E] 2009-01-08 15:54:51.216 (0x0954):ErrorCode[94]_Show Call flow on Screen got error, Callflow ID: 225,使用 Null 无效
[I] 2009-01-08 15:57:04.640 (0x0954):ErrorCode[0]_Update node info,Node ID:307
[I] 2009-01-08 15:57:05.544 (0x0954):ErrorCode[0]_Callflow saved successful!,Callflow ID:15
[I] 2009-01-08 15:57:08.560 (0x0954):ErrorCode[0]_Successful Synchronized CallFlow! CallFlow ID:15.
[I] 2009-01-08 15:59:42.468 (0x0954):ErrorCode[0]_Successful Synchronized CallFlow! CallFlow ID:225.
[I] 2009-01-08 16:00:34.016 (0x0954):ErrorCode[0]_Successful Synchronized CallFlow! CallFlow ID:15.
[I] 2009-01-08 16:00:39.048 (0x0954):ErrorCode[0]_Successful Synchronized CallFlow! CallFlow ID:15.
[I] 2009-01-08 16:08:21.452 (0x0954):ErrorCode[0]_Update node info,Node ID:307
[I] 2009-01-08 16:08:22.624 (0x0954):ErrorCode[0]_Callflow saved successful!,Callflow ID:15
[I] 2009-01-08 16:08:26.124 (0x0954):ErrorCode[0]_Successful Synchronized CallFlow! CallFlow ID:15.
[I] 2009-01-08 16:11:04.468 (0x0954):ErrorCode[0]_Callflow Closed!,Callflow ID:14 Callflow Name:PCS_Demo
[I] 2009-01-08 16:11:04.560 (0x0954):ErrorCode[0]_Callflow Closed!,Callflow ID:15 Callflow Name:CISCO_Demo
[I] 2009-01-08 16:11:04.672 (0x0954):ErrorCode[0]_Callflow Closed!,Callflow ID:225 Callflow Name:NB Fotile
[I] 2009-01-08 16:11:04.688 (0x0954):ErrorCode[0]_Visual IVR Editor Shutdown....
