[I] 2009-03-19 16:53:01.452 (0x14E0):ErrorCode[0]_Visual IVR Editor Started...,Version:6.9.6
[I] 2009-03-19 16:53:02.752 (0x14E0):ErrorCode[0]_Connect to Database successful! ,ConnectionString:Provider=SQLOLEDB;Integrated Security=SSPI;Data Source=127.0.0.1;Initial Catalog=dbCallcenter
[I] 2009-03-19 16:59:39.232 (0x14E0):ErrorCode[0]_Open CallFlow and Nodes Record...,Callflow ID:108 Callflow Name:PowerDISA
[E] 2009-03-19 16:59:39.248 (0x14E0):ErrorCode[94]_Show Call flow on Screen got error, Callflow ID: 108,使用 Null 无效
[I] 2009-03-19 16:59:39.344 (0x14E0):ErrorCode[0]_Open Resource Record...,Project ID:108
[E] 2009-03-19 16:59:39.376 (0x14E0):ErrorCode[94]_Show Call flow on Screen got error, Callflow ID: 108,使用 Null 无效
[E] 2009-03-19 16:59:39.376 (0x14E0):ErrorCode[94]_Show Call flow on Screen got error, Callflow ID: 108,使用 Null 无效
[E] 2009-03-19 16:59:39.376 (0x14E0):ErrorCode[94]_Show Call flow on Screen got error, Callflow ID: 108,使用 Null 无效
[E] 2009-03-19 16:59:39.392 (0x14E0):ErrorCode[94]_Show Call flow on Screen got error, Callflow ID: 108,使用 Null 无效
[E] 2009-03-19 16:59:39.392 (0x14E0):ErrorCode[94]_Show Call flow on Screen got error, Callflow ID: 108,使用 Null 无效
[E] 2009-03-19 16:59:39.408 (0x14E0):ErrorCode[94]_Show Call flow on Screen got error, Callflow ID: 108,使用 Null 无效
[E] 2009-03-19 16:59:39.408 (0x14E0):ErrorCode[94]_Show Call flow on Screen got error, Callflow ID: 108,使用 Null 无效
[E] 2009-03-19 16:59:39.408 (0x14E0):ErrorCode[94]_Show Call flow on Screen got error, Callflow ID: 108,使用 Null 无效
[E] 2009-03-19 16:59:39.420 (0x14E0):ErrorCode[94]_Show Call flow on Screen got error, Callflow ID: 108,使用 Null 无效
[E] 2009-03-19 16:59:39.452 (0x14E0):ErrorCode[94]_Show Call flow on Screen got error, Callflow ID: 108,使用 Null 无效
[E] 2009-03-19 16:59:39.468 (0x14E0):ErrorCode[94]_Show Call flow on Screen got error, Callflow ID: 108,使用 Null 无效
[E] 2009-03-19 16:59:39.468 (0x14E0):ErrorCode[94]_Show Call flow on Screen got error, Callflow ID: 108,使用 Null 无效
[E] 2009-03-19 16:59:39.484 (0x14E0):ErrorCode[94]_Show Call flow on Screen got error, Callflow ID: 108,使用 Null 无效
[E] 2009-03-19 16:59:39.484 (0x14E0):ErrorCode[94]_Show Call flow on Screen got error, Callflow ID: 108,使用 Null 无效
[E] 2009-03-19 16:59:39.500 (0x14E0):ErrorCode[94]_Show Call flow on Screen got error, Callflow ID: 108,使用 Null 无效
[E] 2009-03-19 16:59:39.500 (0x14E0):ErrorCode[94]_Show Call flow on Screen got error, Callflow ID: 108,使用 Null 无效
[E] 2009-03-19 16:59:39.500 (0x14E0):ErrorCode[94]_Show Call flow on Screen got error, Callflow ID: 108,使用 Null 无效
[E] 2009-03-19 16:59:39.500 (0x14E0):ErrorCode[94]_Show Call flow on Screen got error, Callflow ID: 108,使用 Null 无效
[E] 2009-03-19 16:59:39.516 (0x14E0):ErrorCode[94]_Show Call flow on Screen got error, Callflow ID: 108,使用 Null 无效
[E] 2009-03-19 16:59:39.516 (0x14E0):ErrorCode[94]_Show Call flow on Screen got error, Callflow ID: 108,使用 Null 无效
[E] 2009-03-19 16:59:39.516 (0x14E0):ErrorCode[94]_Show Call flow on Screen got error, Callflow ID: 108,使用 Null 无效
[E] 2009-03-19 16:59:39.516 (0x14E0):ErrorCode[94]_Show Call flow on Screen got error, Callflow ID: 108,使用 Null 无效
[E] 2009-03-19 16:59:39.532 (0x14E0):ErrorCode[94]_Show Call flow on Screen got error, Callflow ID: 108,使用 Null 无效
[E] 2009-03-19 16:59:39.532 (0x14E0):ErrorCode[94]_Show Call flow on Screen got error, Callflow ID: 108,使用 Null 无效
[E] 2009-03-19 16:59:39.532 (0x14E0):ErrorCode[94]_Show Call flow on Screen got error, Callflow ID: 108,使用 Null 无效
[E] 2009-03-19 16:59:39.532 (0x14E0):ErrorCode[94]_Show Call flow on Screen got error, Callflow ID: 108,使用 Null 无效
[E] 2009-03-19 16:59:39.532 (0x14E0):ErrorCode[94]_Show Call flow on Screen got error, Callflow ID: 108,使用 Null 无效
[E] 2009-03-19 16:59:39.532 (0x14E0):ErrorCode[94]_Show Call flow on Screen got error, Callflow ID: 108,使用 Null 无效
[E] 2009-03-19 16:59:39.544 (0x14E0):ErrorCode[94]_Show Call flow on Screen got error, Callflow ID: 108,使用 Null 无效
[E] 2009-03-19 16:59:39.544 (0x14E0):ErrorCode[94]_Show Call flow on Screen got error, Callflow ID: 108,使用 Null 无效
[E] 2009-03-19 16:59:39.544 (0x14E0):ErrorCode[94]_Show Call flow on Screen got error, Callflow ID: 108,使用 Null 无效
[E] 2009-03-19 16:59:39.560 (0x14E0):ErrorCode[94]_Show Call flow on Screen got error, Callflow ID: 108,使用 Null 无效
[E] 2009-03-19 16:59:39.560 (0x14E0):ErrorCode[94]_Show Call flow on Screen got error, Callflow ID: 108,使用 Null 无效
[E] 2009-03-19 16:59:39.560 (0x14E0):ErrorCode[94]_Show Call flow on Screen got error, Callflow ID: 108,使用 Null 无效
[E] 2009-03-19 16:59:39.576 (0x14E0):ErrorCode[94]_Show Call flow on Screen got error, Callflow ID: 108,使用 Null 无效
[E] 2009-03-19 16:59:39.576 (0x14E0):ErrorCode[94]_Show Call flow on Screen got error, Callflow ID: 108,使用 Null 无效
[E] 2009-03-19 16:59:39.592 (0x14E0):ErrorCode[94]_Show Call flow on Screen got error, Callflow ID: 108,使用 Null 无效
[E] 2009-03-19 16:59:39.592 (0x14E0):ErrorCode[94]_Show Call flow on Screen got error, Callflow ID: 108,使用 Null 无效
[E] 2009-03-19 16:59:39.592 (0x14E0):ErrorCode[94]_Show Call flow on Screen got error, Callflow ID: 108,使用 Null 无效
[E] 2009-03-19 16:59:39.592 (0x14E0):ErrorCode[94]_Show Call flow on Screen got error, Callflow ID: 108,使用 Null 无效
[E] 2009-03-19 16:59:39.592 (0x14E0):ErrorCode[94]_Show Call flow on Screen got error, Callflow ID: 108,使用 Null 无效
[E] 2009-03-19 16:59:39.608 (0x14E0):ErrorCode[94]_Show Call flow on Screen got error, Callflow ID: 108,使用 Null 无效
[E] 2009-03-19 16:59:39.608 (0x14E0):ErrorCode[94]_Show Call flow on Screen got error, Callflow ID: 108,使用 Null 无效
[E] 2009-03-19 16:59:39.608 (0x14E0):ErrorCode[94]_Show Call flow on Screen got error, Callflow ID: 108,使用 Null 无效
[E] 2009-03-19 16:59:39.608 (0x14E0):ErrorCode[94]_Show Call flow on Screen got error, Callflow ID: 108,使用 Null 无效
[E] 2009-03-19 16:59:39.608 (0x14E0):ErrorCode[94]_Show Call flow on Screen got error, Callflow ID: 108,使用 Null 无效
[E] 2009-03-19 16:59:39.624 (0x14E0):ErrorCode[94]_Show Call flow on Screen got error, Callflow ID: 108,使用 Null 无效
[E] 2009-03-19 16:59:39.624 (0x14E0):ErrorCode[94]_Show Call flow on Screen got error, Callflow ID: 108,使用 Null 无效
[E] 2009-03-19 16:59:39.624 (0x14E0):ErrorCode[94]_Show Call flow on Screen got error, Callflow ID: 108,使用 Null 无效
[E] 2009-03-19 16:59:39.624 (0x14E0):ErrorCode[94]_Show Call flow on Screen got error, Callflow ID: 108,使用 Null 无效
[E] 2009-03-19 16:59:39.624 (0x14E0):ErrorCode[94]_Show Call flow on Screen got error, Callflow ID: 108,使用 Null 无效
[E] 2009-03-19 16:59:39.624 (0x14E0):ErrorCode[94]_Show Call flow on Screen got error, Callflow ID: 108,使用 Null 无效
[E] 2009-03-19 16:59:39.640 (0x14E0):ErrorCode[94]_Show Call flow on Screen got error, Callflow ID: 108,使用 Null 无效
[E] 2009-03-19 16:59:39.640 (0x14E0):ErrorCode[94]_Show Call flow on Screen got error, Callflow ID: 108,使用 Null 无效
[E] 2009-03-19 16:59:39.640 (0x14E0):ErrorCode[94]_Show Call flow on Screen got error, Callflow ID: 108,使用 Null 无效
[E] 2009-03-19 16:59:39.640 (0x14E0):ErrorCode[94]_Show Call flow on Screen got error, Callflow ID: 108,使用 Null 无效
[E] 2009-03-19 16:59:39.640 (0x14E0):ErrorCode[94]_Show Call flow on Screen got error, Callflow ID: 108,使用 Null 无效
[E] 2009-03-19 16:59:39.656 (0x14E0):ErrorCode[94]_Show Call flow on Screen got error, Callflow ID: 108,使用 Null 无效
[E] 2009-03-19 16:59:39.656 (0x14E0):ErrorCode[94]_Show Call flow on Screen got error, Callflow ID: 108,使用 Null 无效
[E] 2009-03-19 16:59:39.656 (0x14E0):ErrorCode[94]_Show Call flow on Screen got error, Callflow ID: 108,使用 Null 无效
[E] 2009-03-19 16:59:39.656 (0x14E0):ErrorCode[94]_Show Call flow on Screen got error, Callflow ID: 108,使用 Null 无效
[E] 2009-03-19 16:59:39.672 (0x14E0):ErrorCode[94]_Show Call flow on Screen got error, Callflow ID: 108,使用 Null 无效
[E] 2009-03-19 16:59:39.688 (0x14E0):ErrorCode[94]_Show Call flow on Screen got error, Callflow ID: 108,使用 Null 无效
[E] 2009-03-19 16:59:39.688 (0x14E0):ErrorCode[94]_Show Call flow on Screen got error, Callflow ID: 108,使用 Null 无效
[E] 2009-03-19 16:59:39.688 (0x14E0):ErrorCode[94]_Show Call flow on Screen got error, Callflow ID: 108,使用 Null 无效
[E] 2009-03-19 16:59:39.688 (0x14E0):ErrorCode[94]_Show Call flow on Screen got error, Callflow ID: 108,使用 Null 无效
[E] 2009-03-19 16:59:39.688 (0x14E0):ErrorCode[94]_Show Call flow on Screen got error, Callflow ID: 108,使用 Null 无效
[E] 2009-03-19 16:59:39.704 (0x14E0):ErrorCode[94]_Show Call flow on Screen got error, Callflow ID: 108,使用 Null 无效
[E] 2009-03-19 16:59:39.704 (0x14E0):ErrorCode[94]_Show Call flow on Screen got error, Callflow ID: 108,使用 Null 无效
[E] 2009-03-19 16:59:39.704 (0x14E0):ErrorCode[94]_Show Call flow on Screen got error, Callflow ID: 108,使用 Null 无效
[E] 2009-03-19 16:59:39.704 (0x14E0):ErrorCode[94]_Show Call flow on Screen got error, Callflow ID: 108,使用 Null 无效
[E] 2009-03-19 16:59:39.704 (0x14E0):ErrorCode[94]_Show Call flow on Screen got error, Callflow ID: 108,使用 Null 无效
[E] 2009-03-19 16:59:39.720 (0x14E0):ErrorCode[94]_Show Call flow on Screen got error, Callflow ID: 108,使用 Null 无效
[E] 2009-03-19 16:59:39.720 (0x14E0):ErrorCode[94]_Show Call flow on Screen got error, Callflow ID: 108,使用 Null 无效
[E] 2009-03-19 16:59:39.720 (0x14E0):ErrorCode[94]_Show Call flow on Screen got error, Callflow ID: 108,使用 Null 无效
[E] 2009-03-19 16:59:39.720 (0x14E0):ErrorCode[94]_Show Call flow on Screen got error, Callflow ID: 108,使用 Null 无效
[E] 2009-03-19 16:59:39.720 (0x14E0):ErrorCode[94]_Show Call flow on Screen got error, Callflow ID: 108,使用 Null 无效
[E] 2009-03-19 16:59:39.736 (0x14E0):ErrorCode[94]_Show Call flow on Screen got error, Callflow ID: 108,使用 Null 无效
[E] 2009-03-19 16:59:39.736 (0x14E0):ErrorCode[94]_Show Call flow on Screen got error, Callflow ID: 108,使用 Null 无效
[E] 2009-03-19 16:59:39.736 (0x14E0):ErrorCode[94]_Show Call flow on Screen got error, Callflow ID: 108,使用 Null 无效
[E] 2009-03-19 16:59:39.736 (0x14E0):ErrorCode[94]_Show Call flow on Screen got error, Callflow ID: 108,使用 Null 无效
[E] 2009-03-19 16:59:39.736 (0x14E0):ErrorCode[94]_Show Call flow on Screen got error, Callflow ID: 108,使用 Null 无效
[E] 2009-03-19 16:59:39.736 (0x14E0):ErrorCode[94]_Show Call flow on Screen got error, Callflow ID: 108,使用 Null 无效
[E] 2009-03-19 16:59:39.752 (0x14E0):ErrorCode[94]_Show Call flow on Screen got error, Callflow ID: 108,使用 Null 无效
[E] 2009-03-19 16:59:39.752 (0x14E0):ErrorCode[94]_Show Call flow on Screen got error, Callflow ID: 108,使用 Null 无效
[E] 2009-03-19 16:59:39.752 (0x14E0):ErrorCode[94]_Show Call flow on Screen got error, Callflow ID: 108,使用 Null 无效
[E] 2009-03-19 16:59:39.752 (0x14E0):ErrorCode[94]_Show Call flow on Screen got error, Callflow ID: 108,使用 Null 无效
[E] 2009-03-19 16:59:39.752 (0x14E0):ErrorCode[94]_Show Call flow on Screen got error, Callflow ID: 108,使用 Null 无效
[E] 2009-03-19 16:59:39.764 (0x14E0):ErrorCode[94]_Show Call flow on Screen got error, Callflow ID: 108,使用 Null 无效
[E] 2009-03-19 16:59:39.764 (0x14E0):ErrorCode[94]_Show Call flow on Screen got error, Callflow ID: 108,使用 Null 无效
[E] 2009-03-19 16:59:39.764 (0x14E0):ErrorCode[94]_Show Call flow on Screen got error, Callflow ID: 108,使用 Null 无效
[E] 2009-03-19 16:59:39.764 (0x14E0):ErrorCode[94]_Show Call flow on Screen got error, Callflow ID: 108,使用 Null 无效
[E] 2009-03-19 16:59:39.764 (0x14E0):ErrorCode[94]_Show Call flow on Screen got error, Callflow ID: 108,使用 Null 无效
[E] 2009-03-19 16:59:39.780 (0x14E0):ErrorCode[94]_Show Call flow on Screen got error, Callflow ID: 108,使用 Null 无效
[E] 2009-03-19 16:59:39.780 (0x14E0):ErrorCode[94]_Show Call flow on Screen got error, Callflow ID: 108,使用 Null 无效
[E] 2009-03-19 16:59:39.780 (0x14E0):ErrorCode[94]_Show Call flow on Screen got error, Callflow ID: 108,使用 Null 无效
[E] 2009-03-19 16:59:39.780 (0x14E0):ErrorCode[94]_Show Call flow on Screen got error, Callflow ID: 108,使用 Null 无效
[E] 2009-03-19 16:59:39.796 (0x14E0):ErrorCode[94]_Show Call flow on Screen got error, Callflow ID: 108,使用 Null 无效
[E] 2009-03-19 16:59:39.796 (0x14E0):ErrorCode[94]_Show Call flow on Screen got error, Callflow ID: 108,使用 Null 无效
[I] 2009-03-19 17:00:42.888 (0x14E0):ErrorCode[0]_Export Callflow Data to the file successful !,File Path:D:\My Documents\CallFlow\PowerDISA.PVC
[E] 2009-03-19 17:00:42.888 (0x14E0):ErrorCode[0]_Failed to export Callflow Data to the file:D:\My Documents\CallFlow\PowerDISA.PVC!,
[I] 2009-03-19 17:00:54.436 (0x14E0):ErrorCode[0]_Connect to Database successful! ,ConnectionString:Provider=SQLOLEDB;Integrated Security=SSPI;Data Source=127.0.0.1;Initial Catalog=dbCallcenter
[I] 2009-03-19 17:00:55.984 (0x14E0):ErrorCode[0]_Open CallFlow and Nodes Record...,Callflow ID:108 Callflow Name:PowerDISA
[I] 2009-03-19 17:00:57.248 (0x14E0):ErrorCode[0]_Open CallFlow and Nodes Record...,Callflow ID:109 Callflow Name:
[I] 2009-03-19 17:00:57.328 (0x14E0):ErrorCode[0]_Create a new Callflow,CallFlow ID:109
[E] 2009-03-19 17:00:57.376 (0x14E0):ErrorCode[0]_Get callflow date file information failed when import a callflow!,
[I] 2009-03-19 17:00:57.420 (0x14E0):ErrorCode[0]_Connect to Database successful! ,ConnectionString:Provider=SQLOLEDB;Integrated Security=SSPI;Data Source=127.0.0.1;Initial Catalog=dbCallcenter
[I] 2009-03-19 17:00:57.544 (0x14E0):ErrorCode[0]_Open CallFlow and Nodes Record...,Callflow ID:109 Callflow Name:PowerDISA
[I] 2009-03-19 17:00:57.936 (0x14E0):ErrorCode[0]_ImportFlowData(D:\My Documents\CallFlow\PowerDISA.PVC) successful!.
[E] 2009-03-19 17:00:57.936 (0x14E0):ErrorCode[0]_ImportFlowData(D:\My Documents\CallFlow\PowerDISA.PVC) got error,,
[I] 2009-03-19 17:00:57.952 (0x14E0):ErrorCode[0]_Open CallFlow and Nodes Record...,Callflow ID:109 Callflow Name:PowerDISA
[I] 2009-03-19 17:00:57.952 (0x14E0):ErrorCode[0]_Open Resource Record...,Project ID:108
[I] 2009-03-20 14:12:02.720 (0x14E0):ErrorCode[0]_Add a new node,Node Index:186
[I] 2009-03-20 14:12:09.624 (0x14E0):ErrorCode[0]_Add a new node,Node Index:187
[I] 2009-03-20 14:12:30.908 (0x14E0):ErrorCode[0]_Update node info,Node ID:441
[I] 2009-03-20 14:13:37.000 (0x14E0):ErrorCode[0]_Update node info,Node ID:441
[I] 2009-03-20 14:13:38.376 (0x14E0):ErrorCode[0]_Callflow saved successful!,Callflow ID:109
[I] 2009-03-20 14:26:15.532 (0x14E0):ErrorCode[0]_Add a new node,Node Index:188
[I] 2009-03-20 14:26:29.344 (0x14E0):ErrorCode[0]_Add a new node,Node Index:189
[I] 2009-03-20 14:26:38.424 (0x14E0):ErrorCode[0]_Add a new node,Node Index:190
[I] 2009-03-20 14:27:03.548 (0x14E0):ErrorCode[0]_Update node info,Node ID:441
[I] 2009-03-20 14:27:35.440 (0x14E0):ErrorCode[0]_Update node info,Node ID:444
[I] 2009-03-20 14:28:14.672 (0x14E0):ErrorCode[0]_Update node info,Node ID:443
[I] 2009-03-20 14:28:21.424 (0x14E0):ErrorCode[0]_Add a new node,Node Index:191
[I] 2009-03-20 14:28:42.656 (0x14E0):ErrorCode[0]_Callflow saved successful!,Callflow ID:109
