[I] 2009-12-08 17:03:53.888 (0x1F78):ErrorCode[0]_Visual IVR Editor Started...,Version:6.9.7
[I] 2009-12-08 17:03:55.064 (0x1F78):ErrorCode[0]_Connect to Database successful! ,ConnectionString:Provider=SQLOLEDB;Integrated Security=SSPI;Data Source=127.0.0.1;Initial Catalog=dbCallcenter
[I] 2009-12-08 17:04:11.188 (0x1F78):ErrorCode[0]_Open CallFlow and Nodes Record...,Callflow ID:1 Callflow Name:Test Demo
[I] 2009-12-08 17:04:11.264 (0x1F78):ErrorCode[0]_Open Resource Record...,Project ID:1
[I] 2009-12-08 17:04:59.952 (0x1F78):ErrorCode[0]_Export Callflow Data to the file successful !,File Path:C:\Documents and Settings\tonysun\桌面\1.PVC
[E] 2009-12-08 17:04:59.952 (0x1F78):ErrorCode[0]_Failed to export Callflow Data to the file:C:\Documents and Settings\tonysun\桌面\1.PVC!,
[I] 2009-12-08 17:21:43.688 (0x1F78):ErrorCode[0]_Callflow Closed!,Callflow ID:1 Callflow Name:Test Demo
[I] 2009-12-08 17:21:47.204 (0x1F78):ErrorCode[0]_Connect to Database successful! ,ConnectionString:Provider=SQLOLEDB;Integrated Security=SSPI;Data Source=127.0.0.1;Initial Catalog=dbCallcenter
[I] 2009-12-08 17:22:34.624 (0x1F78):ErrorCode[0]_Connect to Database successful! ,ConnectionString:Provider=SQLOLEDB;Integrated Security=SSPI;Data Source=127.0.0.1;Initial Catalog=dbCallcenter
[I] 2009-12-08 17:22:35.576 (0x1F78):ErrorCode[0]_Open CallFlow and Nodes Record...,Callflow ID:1 Callflow Name:
[I] 2009-12-08 17:22:35.640 (0x1F78):ErrorCode[0]_Create a new Callflow,CallFlow ID:1
[E] 2009-12-08 17:22:35.672 (0x1F78):ErrorCode[0]_Get callflow date file information failed when import a callflow!,
[I] 2009-12-08 17:22:35.688 (0x1F78):ErrorCode[0]_Open CallFlow and Nodes Record...,Callflow ID:1 Callflow Name:Test Demo
[I] 2009-12-08 17:22:35.764 (0x1F78):ErrorCode[0]_ImportFlowData(C:\Documents and Settings\tonysun\桌面\1.PVC) successful!.
[E] 2009-12-08 17:22:35.764 (0x1F78):ErrorCode[0]_ImportFlowData(C:\Documents and Settings\tonysun\桌面\1.PVC) got error,,
[I] 2009-12-08 17:22:35.780 (0x1F78):ErrorCode[0]_Open CallFlow and Nodes Record...,Callflow ID:1 Callflow Name:Test Demo
[I] 2009-12-08 17:22:35.780 (0x1F78):ErrorCode[0]_Open Resource Record...,Project ID:1
[I] 2009-12-08 17:22:39.108 (0x1F78):ErrorCode[0]_Callflow Closed!,Callflow ID:1 Callflow Name:Test Demo
[I] 2009-12-08 17:22:40.360 (0x1F78):ErrorCode[0]_Connect to Database successful! ,ConnectionString:Provider=SQLOLEDB;Integrated Security=SSPI;Data Source=127.0.0.1;Initial Catalog=dbCallcenter
[I] 2009-12-08 17:22:41.624 (0x1F78):ErrorCode[0]_Open CallFlow and Nodes Record...,Callflow ID:1 Callflow Name:Test Demo
[I] 2009-12-08 17:22:41.624 (0x1F78):ErrorCode[0]_Open Resource Record...,Project ID:1
[I] 2009-12-08 17:22:53.544 (0x1F78):ErrorCode[0]_Delete a node,Node Index:26
[I] 2009-12-08 17:22:55.048 (0x1F78):ErrorCode[0]_Callflow saved successful!,Callflow ID:1
[I] 2009-12-08 17:23:55.624 (0x1F78):ErrorCode[0]_Callflow Closed!,Callflow ID:1 Callflow Name:Test Demo
[I] 2009-12-08 17:23:57.608 (0x1F78):ErrorCode[0]_Visual IVR Editor Shutdown....
[I] 2009-12-08 17:25:01.516 (0x1F78):ErrorCode[0]_Visual IVR Editor Started...,Version:6.9.7
[I] 2009-12-08 17:25:01.920 (0x1F78):ErrorCode[0]_Connect to Database successful! ,ConnectionString:Provider=SQLOLEDB;Integrated Security=SSPI;Data Source=127.0.0.1;Initial Catalog=dbCallcenter
[I] 2009-12-08 17:25:03.984 (0x1F78):ErrorCode[0]_Open CallFlow and Nodes Record...,Callflow ID:1 Callflow Name:Test Demo
[I] 2009-12-08 17:25:04.000 (0x1F78):ErrorCode[0]_Open Resource Record...,Project ID:1
[I] 2009-12-08 17:25:11.780 (0x1F78):ErrorCode[0]_Delete a node,Node Index:11
[I] 2009-12-08 17:25:14.124 (0x1F78):ErrorCode[0]_Delete a node,Node Index:7
[I] 2009-12-08 17:25:16.064 (0x1F78):ErrorCode[0]_Callflow saved successful!,Callflow ID:1
[I] 2009-12-08 17:25:23.484 (0x1F78):ErrorCode[0]_Callflow Closed!,Callflow ID:1 Callflow Name:Test Demo
[I] 2009-12-08 17:25:23.500 (0x1F78):ErrorCode[0]_Visual IVR Editor Shutdown....
