[I] 2009-07-27 09:05:03.592 (0x1A18):ErrorCode[0]_Visual IVR Editor Started...,Version:6.9.7
[I] 2009-07-27 09:05:04.562 (0x1A18):ErrorCode[0]_Connect to Database successful! ,ConnectionString:Provider=SQLOLEDB;Integrated Security=SSPI;Data Source=127.0.0.1;Initial Catalog=dbCallcenter
[I] 2009-07-27 09:05:55.750 (0x1A18):ErrorCode[0]_Open CallFlow and Nodes Record...,Callflow ID:1 Callflow Name:Test Demo
[I] 2009-07-27 09:05:55.796 (0x1A18):ErrorCode[0]_Open Resource Record...,Project ID:1
[I] 2009-07-27 09:08:17.484 (0x1A18):ErrorCode[0]_Update node info,Node ID:266
[I] 2009-07-27 09:08:22.030 (0x1A18):ErrorCode[0]_Callflow Closed!,Callflow ID:1 Callflow Name:Test Demo
[I] 2009-07-27 09:08:22.062 (0x1A18):ErrorCode[0]_Visual IVR Editor Shutdown....
[I] 2009-07-27 09:10:03.688 (0x1A18):ErrorCode[0]_Visual IVR Editor Started...,Version:6.9.7
[I] 2009-07-27 09:10:04.062 (0x1A18):ErrorCode[0]_Connect to Database successful! ,ConnectionString:Provider=SQLOLEDB;Integrated Security=SSPI;Data Source=127.0.0.1;Initial Catalog=dbCallcenter
[I] 2009-07-27 09:10:07.078 (0x1A18):ErrorCode[0]_Open CallFlow and Nodes Record...,Callflow ID:1 Callflow Name:Test Demo
[I] 2009-07-27 09:10:07.092 (0x1A18):ErrorCode[0]_Open Resource Record...,Project ID:1
[I] 2009-07-27 09:10:34.376 (0x1A18):ErrorCode[0]_Update node info,Node ID:266
[I] 2009-07-27 09:10:41.952 (0x1A18):ErrorCode[0]_Callflow Closed!,Callflow ID:1 Callflow Name:Test Demo
[I] 2009-07-27 09:10:41.968 (0x1A18):ErrorCode[0]_Visual IVR Editor Shutdown....
[I] 2009-07-27 09:10:52.688 (0x1A18):ErrorCode[0]_Visual IVR Editor Started...,Version:6.9.7
[I] 2009-07-27 09:10:53.000 (0x1A18):ErrorCode[0]_Connect to Database successful! ,ConnectionString:Provider=SQLOLEDB;Integrated Security=SSPI;Data Source=127.0.0.1;Initial Catalog=dbCallcenter
[I] 2009-07-27 09:10:55.688 (0x1A18):ErrorCode[0]_Open CallFlow and Nodes Record...,Callflow ID:1 Callflow Name:Test Demo
[I] 2009-07-27 09:10:55.704 (0x1A18):ErrorCode[0]_Open Resource Record...,Project ID:1
[I] 2009-07-27 09:11:00.796 (0x1A18):ErrorCode[0]_Update node info,Node ID:266
[I] 2009-07-27 09:11:06.172 (0x1A18):ErrorCode[0]_Callflow Closed!,Callflow ID:1 Callflow Name:Test Demo
[I] 2009-07-27 09:11:06.204 (0x1A18):ErrorCode[0]_Visual IVR Editor Shutdown....
[I] 2009-07-27 09:24:32.704 (0x1A18):ErrorCode[0]_Visual IVR Editor Started...,Version:6.9.7
[I] 2009-07-27 09:24:33.108 (0x1A18):ErrorCode[0]_Connect to Database successful! ,ConnectionString:Provider=SQLOLEDB;Integrated Security=SSPI;Data Source=127.0.0.1;Initial Catalog=dbCallcenter
[I] 2009-07-27 09:24:36.752 (0x1A18):ErrorCode[0]_Open CallFlow and Nodes Record...,Callflow ID:1 Callflow Name:Test Demo
[I] 2009-07-27 09:24:36.764 (0x1A18):ErrorCode[0]_Open Resource Record...,Project ID:1
[I] 2009-07-27 09:24:45.984 (0x1A18):ErrorCode[0]_Update node info,Node ID:266
[I] 2009-07-27 09:24:50.608 (0x1A18):ErrorCode[0]_Callflow saved successful!,Callflow ID:1
[I] 2009-07-27 09:24:57.188 (0x1A18):ErrorCode[0]_Update node info,Node ID:266
[I] 2009-07-27 09:24:59.984 (0x1A18):ErrorCode[0]_Callflow saved successful!,Callflow ID:1
[I] 2009-07-27 09:25:01.608 (0x1A18):ErrorCode[0]_Callflow Closed!,Callflow ID:1 Callflow Name:Test Demo
[I] 2009-07-27 09:25:02.624 (0x1A18):ErrorCode[0]_Connect to Database successful! ,ConnectionString:Provider=SQLOLEDB;Integrated Security=SSPI;Data Source=127.0.0.1;Initial Catalog=dbCallcenter
[I] 2009-07-27 09:25:03.828 (0x1A18):ErrorCode[0]_Open CallFlow and Nodes Record...,Callflow ID:1 Callflow Name:Test Demo
[I] 2009-07-27 09:25:03.844 (0x1A18):ErrorCode[0]_Open Resource Record...,Project ID:1
[I] 2009-07-27 09:25:09.904 (0x1A18):ErrorCode[0]_Update node info,Node ID:266
[I] 2009-07-27 09:25:11.516 (0x1A18):ErrorCode[0]_Callflow saved successful!,Callflow ID:1
[I] 2009-07-27 09:25:12.860 (0x1A18):ErrorCode[0]_Callflow Closed!,Callflow ID:1 Callflow Name:Test Demo
[I] 2009-07-27 09:25:14.080 (0x1A18):ErrorCode[0]_Connect to Database successful! ,ConnectionString:Provider=SQLOLEDB;Integrated Security=SSPI;Data Source=127.0.0.1;Initial Catalog=dbCallcenter
[I] 2009-07-27 09:25:15.828 (0x1A18):ErrorCode[0]_Open CallFlow and Nodes Record...,Callflow ID:1 Callflow Name:Test Demo
[I] 2009-07-27 09:25:15.844 (0x1A18):ErrorCode[0]_Open Resource Record...,Project ID:1
[I] 2009-07-27 09:25:24.092 (0x1A18):ErrorCode[0]_Callflow Closed!,Callflow ID:1 Callflow Name:Test Demo
[I] 2009-07-27 09:25:24.108 (0x1A18):ErrorCode[0]_Visual IVR Editor Shutdown....
