[I] 2012-05-07 10:54:04.544 (0x0E18):ErrorCode[0]_Visual IVR Editor Started...,Version:6.10.1
[I] 2012-05-07 10:54:06.672 (0x0E18):ErrorCode[0]_Connect to Database successful! ,ConnectionString:DSN=test;UID=sa;PWD=pcs123456;Initial Catalog=dbCallcenter_t
[I] 2012-05-07 10:54:20.092 (0x0E18):ErrorCode[0]_Open CallFlow and Nodes Record...,Callflow ID:180 Callflow Name:上海外联
[I] 2012-05-07 10:54:20.296 (0x0E18):ErrorCode[0]_Open Resource Record...,Project ID:180
[I] 2012-05-07 10:55:22.188 (0x0E18):ErrorCode[0]_Update node info,Node ID:367
[I] 2012-05-07 10:55:23.736 (0x0E18):ErrorCode[0]_Callflow saved successful!,Callflow ID:180
[I] 2012-05-07 10:55:54.500 (0x0E18):ErrorCode[0]_Add a new node,Node Index:77
[I] 2012-05-07 10:56:56.172 (0x0E18):ErrorCode[0]_Update node info,Node ID:394
[I] 2012-05-07 10:56:58.640 (0x0E18):ErrorCode[0]_Add a new node,Node Index:78
[I] 2012-05-07 10:57:18.032 (0x0E18):ErrorCode[0]_Update node info,Node ID:358
[I] 2012-05-07 10:57:24.624 (0x0E18):ErrorCode[0]_Update node info,Node ID:394
[I] 2012-05-07 10:57:35.092 (0x0E18):ErrorCode[0]_Callflow saved successful!,Callflow ID:180
[I] 2012-05-07 11:16:39.232 (0x0E18):ErrorCode[0]_Connect to Database successful! ,ConnectionString:DSN=test;UID=sa;PWD=pcs123456;Initial Catalog=dbCallcenter_t
[I] 2012-05-07 11:16:39.392 (0x0E18):ErrorCode[0]_Open CallFlow and Nodes Record...,Callflow ID:8 Callflow Name:test
[I] 2012-05-07 11:16:39.452 (0x0E18):ErrorCode[0]_Open Resource Record...,Project ID:9
[E] 2012-05-07 11:16:39.468 (0x0E18):ErrorCode[94]_Show Call flow on Screen got error, Callflow ID: 8,使用 Null 无效
[I] 2012-05-07 11:16:52.624 (0x0E18):ErrorCode[0]_Update node info,Node ID:270
[I] 2012-05-07 11:16:53.796 (0x0E18):ErrorCode[0]_Callflow saved successful!,Callflow ID:8
[I] 2012-05-07 11:17:07.016 (0x0E18):ErrorCode[0]_Update node info,Node ID:358
[I] 2012-05-07 11:17:08.280 (0x0E18):ErrorCode[0]_Callflow saved successful!,Callflow ID:180
[I] 2012-05-07 13:11:10.888 (0x0E18):ErrorCode[0]_Callflow Closed!,Callflow ID:180 Callflow Name:上海外联
[I] 2012-05-07 13:11:11.032 (0x0E18):ErrorCode[0]_Callflow Closed!,Callflow ID:8 Callflow Name:test
[I] 2012-05-07 13:11:11.080 (0x0E18):ErrorCode[0]_Visual IVR Editor Shutdown....
[I] 2012-05-07 13:17:48.920 (0x0F18):ErrorCode[0]_Visual IVR Editor Started...,Version:6.10.1
[I] 2012-05-07 13:17:50.064 (0x0F18):ErrorCode[0]_Connect to Database successful! ,ConnectionString:DSN=test;UID=sa;PWD=pcs123456;Initial Catalog=dbCallcenter_t
[I] 2012-05-07 13:25:22.264 (0x0F18):ErrorCode[0]_Callflow Closed!,Callflow ID:0 Callflow Name:
[I] 2012-05-07 13:25:22.312 (0x0F18):ErrorCode[0]_Visual IVR Editor Shutdown....
[I] 2012-05-07 13:57:36.048 (0x0990):ErrorCode[0]_Visual IVR Editor Started...,Version:6.10.1
[I] 2012-05-07 13:57:36.876 (0x0990):ErrorCode[0]_Connect to Database successful! ,ConnectionString:DSN=test;UID=sa;PWD=pcs123456;Initial Catalog=dbCallcenter_t
[I] 2012-05-07 13:57:48.888 (0x0990):ErrorCode[0]_Callflow Closed!,Callflow ID:0 Callflow Name:
[I] 2012-05-07 13:57:48.936 (0x0990):ErrorCode[0]_Visual IVR Editor Shutdown....
[I] 2012-05-07 14:55:43.108 (0x0688):ErrorCode[0]_Visual IVR Editor Started...,Version:6.10.2
[I] 2012-05-07 14:55:46.904 (0x0688):ErrorCode[0]_Connect to Database successful! ,ConnectionString:DSN=test;UID=sa;PWD=pcs123456;Initial Catalog=dbCallcenter_t
[I] 2012-05-07 14:55:55.984 (0x0688):ErrorCode[0]_Open CallFlow and Nodes Record...,Callflow ID:180 Callflow Name:上海外联
[I] 2012-05-07 14:55:56.064 (0x0688):ErrorCode[0]_Open Resource Record...,Project ID:180
[I] 2012-05-07 14:59:03.952 (0x0688):ErrorCode[0]_Callflow Closed!,Callflow ID:180 Callflow Name:上海外联
[I] 2012-05-07 14:59:04.032 (0x0688):ErrorCode[0]_Visual IVR Editor Shutdown....
[I] 2012-05-07 16:49:42.080 (0x0F18):ErrorCode[0]_Visual IVR Editor Started...,Version:6.10.2
[I] 2012-05-07 16:49:42.576 (0x0F18):ErrorCode[0]_Connect to Database successful! ,ConnectionString:DSN=test;UID=sa;PWD=pcs123456;Initial Catalog=dbCallcenter_t
[I] 2012-05-07 16:49:47.888 (0x0F18):ErrorCode[0]_Open CallFlow and Nodes Record...,Callflow ID:180 Callflow Name:上海外联
[I] 2012-05-07 16:49:47.968 (0x0F18):ErrorCode[0]_Open Resource Record...,Project ID:180
[I] 2012-05-07 16:49:54.500 (0x0F18):ErrorCode[0]_Connect to Database successful! ,ConnectionString:DSN=test;UID=sa;PWD=pcs123456;Initial Catalog=dbCallcenter_t
[I] 2012-05-07 16:49:54.656 (0x0F18):ErrorCode[0]_Open CallFlow and Nodes Record...,Callflow ID:8 Callflow Name:test
[I] 2012-05-07 16:49:54.704 (0x0F18):ErrorCode[0]_Open Resource Record...,Project ID:9
[E] 2012-05-07 16:49:54.736 (0x0F18):ErrorCode[94]_Show Call flow on Screen got error, Callflow ID: 8,Invalid use of Null
[I] 2012-05-07 16:50:05.608 (0x0F18):ErrorCode[0]_Callflow Closed!,Callflow ID:180 Callflow Name:上海外联
[I] 2012-05-07 16:50:06.216 (0x0F18):ErrorCode[0]_Callflow Closed!,Callflow ID:8 Callflow Name:test
[I] 2012-05-07 16:50:09.156 (0x0F18):ErrorCode[0]_Visual IVR Editor Shutdown....
[I] 2012-05-07 16:50:11.188 (0x0F18):ErrorCode[0]_Visual IVR Editor Started...,Version:6.10.2
[I] 2012-05-07 16:50:11.672 (0x0F18):ErrorCode[0]_Connect to Database successful! ,ConnectionString:DSN=test;UID=sa;PWD=pcs123456;Initial Catalog=dbCallcenter_t
[I] 2012-05-07 16:50:22.048 (0x0F18):ErrorCode[0]_Connect to Database successful! ,ConnectionString:DSN=test;UID=sa;PWD=pcs123456;Initial Catalog=dbCallcenter_t
[I] 2012-05-07 16:50:22.140 (0x0F18):ErrorCode[0]_Open CallFlow and Nodes Record...,Callflow ID:8 Callflow Name:test
[I] 2012-05-07 16:50:22.188 (0x0F18):ErrorCode[0]_Open Resource Record...,Project ID:9
[E] 2012-05-07 16:50:22.204 (0x0F18):ErrorCode[94]_Show Call flow on Screen got error, Callflow ID: 8,Invalid use of Null
[I] 2012-05-07 16:50:28.876 (0x0F18):ErrorCode[0]_Connect to Database successful! ,ConnectionString:DSN=test;UID=sa;PWD=pcs123456;Initial Catalog=dbCallcenter_t
[I] 2012-05-07 16:50:29.016 (0x0F18):ErrorCode[0]_Open CallFlow and Nodes Record...,Callflow ID:180 Callflow Name:上海外联
[I] 2012-05-07 16:50:29.092 (0x0F18):ErrorCode[0]_Open Resource Record...,Project ID:180
[I] 2012-05-07 16:50:30.752 (0x0F18):ErrorCode[0]_Callflow Closed!,Callflow ID:0 Callflow Name:
[I] 2012-05-07 16:50:30.812 (0x0F18):ErrorCode[0]_Callflow Closed!,Callflow ID:8 Callflow Name:test
[I] 2012-05-07 16:50:30.952 (0x0F18):ErrorCode[0]_Callflow Closed!,Callflow ID:180 Callflow Name:上海外联
[I] 2012-05-07 16:50:31.032 (0x0F18):ErrorCode[0]_Visual IVR Editor Shutdown....
[I] 2012-05-07 16:51:03.576 (0x0F18):ErrorCode[0]_Visual IVR Editor Started...,Version:6.10.2
[I] 2012-05-07 16:51:03.968 (0x0F18):ErrorCode[0]_Connect to Database successful! ,ConnectionString:DSN=test;UID=sa;PWD=pcs123456;Initial Catalog=dbCallcenter_t
[I] 2012-05-07 16:51:11.232 (0x0F18):ErrorCode[0]_Connect to Database successful! ,ConnectionString:DSN=test;UID=sa;PWD=pcs123456;Initial Catalog=dbCallcenter_t
[I] 2012-05-07 16:51:11.376 (0x0F18):ErrorCode[0]_Open CallFlow and Nodes Record...,Callflow ID:180 Callflow Name:上海外联
[I] 2012-05-07 16:51:11.452 (0x0F18):ErrorCode[0]_Open Resource Record...,Project ID:180
[I] 2012-05-07 16:51:13.420 (0x0F18):ErrorCode[0]_Callflow Closed!,Callflow ID:0 Callflow Name:
[I] 2012-05-07 16:51:13.560 (0x0F18):ErrorCode[0]_Callflow Closed!,Callflow ID:180 Callflow Name:上海外联
[I] 2012-05-07 16:51:13.656 (0x0F18):ErrorCode[0]_Visual IVR Editor Shutdown....
[I] 2012-05-07 16:51:15.172 (0x0F18):ErrorCode[0]_Visual IVR Editor Started...,Version:6.10.2
[I] 2012-05-07 16:51:15.576 (0x0F18):ErrorCode[0]_Connect to Database successful! ,ConnectionString:DSN=test;UID=sa;PWD=pcs123456;Initial Catalog=dbCallcenter_t
[I] 2012-05-07 16:51:20.280 (0x0F18):ErrorCode[0]_Open CallFlow and Nodes Record...,Callflow ID:19 Callflow Name:RedWine
[I] 2012-05-07 16:51:20.436 (0x0F18):ErrorCode[0]_Open Resource Record...,Project ID:170
[I] 2012-05-07 16:51:22.920 (0x0F18):ErrorCode[0]_Callflow Closed!,Callflow ID:19 Callflow Name:RedWine
[I] 2012-05-07 16:51:23.000 (0x0F18):ErrorCode[0]_Visual IVR Editor Shutdown....
[I] 2012-05-07 16:51:24.592 (0x0F18):ErrorCode[0]_Visual IVR Editor Started...,Version:6.10.2
[I] 2012-05-07 16:51:25.016 (0x0F18):ErrorCode[0]_Connect to Database successful! ,ConnectionString:DSN=test;UID=sa;PWD=pcs123456;Initial Catalog=dbCallcenter_t
[I] 2012-05-07 16:51:32.296 (0x0F18):ErrorCode[0]_Connect to Database successful! ,ConnectionString:DSN=test;UID=sa;PWD=pcs123456;Initial Catalog=dbCallcenter_t
[I] 2012-05-07 16:51:32.420 (0x0F18):ErrorCode[0]_Open CallFlow and Nodes Record...,Callflow ID:180 Callflow Name:上海外联
[I] 2012-05-07 16:51:32.516 (0x0F18):ErrorCode[0]_Open Resource Record...,Project ID:180
[I] 2012-05-07 16:51:34.188 (0x0F18):ErrorCode[0]_Callflow Closed!,Callflow ID:0 Callflow Name:
[I] 2012-05-07 16:51:34.328 (0x0F18):ErrorCode[0]_Callflow Closed!,Callflow ID:180 Callflow Name:上海外联
[I] 2012-05-07 16:51:34.420 (0x0F18):ErrorCode[0]_Visual IVR Editor Shutdown....
[I] 2012-05-07 16:51:36.532 (0x0F18):ErrorCode[0]_Visual IVR Editor Started...,Version:6.10.2
[I] 2012-05-07 16:51:36.952 (0x0F18):ErrorCode[0]_Connect to Database successful! ,ConnectionString:DSN=test;UID=sa;PWD=pcs123456;Initial Catalog=dbCallcenter_t
[I] 2012-05-07 16:51:53.780 (0x0F18):ErrorCode[0]_Connect to Database successful! ,ConnectionString:DSN=test;UID=sa;PWD=pcs123456;Initial Catalog=dbCallcenter_t
[I] 2012-05-07 16:51:53.904 (0x0F18):ErrorCode[0]_Open CallFlow and Nodes Record...,Callflow ID:180 Callflow Name:上海外联
[I] 2012-05-07 16:51:53.968 (0x0F18):ErrorCode[0]_Open Resource Record...,Project ID:180
[I] 2012-05-07 16:51:59.468 (0x0F18):ErrorCode[0]_Connect to Database successful! ,ConnectionString:DSN=test;UID=sa;PWD=pcs123456;Initial Catalog=dbCallcenter_t
[I] 2012-05-07 16:51:59.592 (0x0F18):ErrorCode[0]_Open CallFlow and Nodes Record...,Callflow ID:19 Callflow Name:RedWine
[I] 2012-05-07 16:51:59.688 (0x0F18):ErrorCode[0]_Open Resource Record...,Project ID:170
[I] 2012-05-07 16:52:23.780 (0x0F18):ErrorCode[0]_Callflow Closed!,Callflow ID:0 Callflow Name:
[I] 2012-05-07 16:52:24.064 (0x0F18):ErrorCode[0]_Callflow Closed!,Callflow ID:180 Callflow Name:上海外联
[I] 2012-05-07 16:52:24.232 (0x0F18):ErrorCode[0]_Callflow Closed!,Callflow ID:19 Callflow Name:RedWine
[I] 2012-05-07 16:52:24.328 (0x0F18):ErrorCode[0]_Visual IVR Editor Shutdown....
[I] 2012-05-07 16:52:25.796 (0x0F18):ErrorCode[0]_Visual IVR Editor Started...,Version:6.10.2
[I] 2012-05-07 16:52:26.656 (0x0F18):ErrorCode[0]_Connect to Database successful! ,ConnectionString:DSN=test;UID=sa;PWD=pcs123456;Initial Catalog=dbCallcenter_t
[I] 2012-05-07 16:52:56.560 (0x0F18):ErrorCode[0]_Callflow Closed!,Callflow ID:0 Callflow Name:
[I] 2012-05-07 16:52:56.688 (0x0F18):ErrorCode[0]_Visual IVR Editor Shutdown....
[I] 2012-05-07 16:54:45.344 (0x0F18):ErrorCode[0]_Visual IVR Editor Started...,Version:6.10.2
[I] 2012-05-07 16:54:45.780 (0x0F18):ErrorCode[0]_Connect to Database successful! ,ConnectionString:DSN=test;UID=sa;PWD=pcs123456;Initial Catalog=dbCallcenter_t
[I] 2012-05-07 16:54:49.156 (0x0F18):ErrorCode[0]_Connect to Database successful! ,ConnectionString:DSN=test;UID=sa;PWD=pcs123456;Initial Catalog=dbCallcenter_t
[I] 2012-05-07 16:54:49.264 (0x0F18):ErrorCode[0]_Open CallFlow and Nodes Record...,Callflow ID:19 Callflow Name:RedWine
[I] 2012-05-07 16:54:49.376 (0x0F18):ErrorCode[0]_Open Resource Record...,Project ID:170
[I] 2012-05-07 16:54:52.296 (0x0F18):ErrorCode[0]_Connect to Database successful! ,ConnectionString:DSN=test;UID=sa;PWD=pcs123456;Initial Catalog=dbCallcenter_t
[I] 2012-05-07 16:54:52.436 (0x0F18):ErrorCode[0]_Open CallFlow and Nodes Record...,Callflow ID:180 Callflow Name:上海外联
[I] 2012-05-07 16:54:52.500 (0x0F18):ErrorCode[0]_Open Resource Record...,Project ID:180
[I] 2012-05-07 16:54:55.704 (0x0F18):ErrorCode[0]_Connect to Database successful! ,ConnectionString:DSN=test;UID=sa;PWD=pcs123456;Initial Catalog=dbCallcenter_t
[I] 2012-05-07 16:54:55.844 (0x0F18):ErrorCode[0]_Open CallFlow and Nodes Record...,Callflow ID:8 Callflow Name:test
[I] 2012-05-07 16:54:55.888 (0x0F18):ErrorCode[0]_Open Resource Record...,Project ID:9
[E] 2012-05-07 16:54:55.904 (0x0F18):ErrorCode[94]_Show Call flow on Screen got error, Callflow ID: 8,Invalid use of Null
[I] 2012-05-07 16:55:43.904 (0x0F18):ErrorCode[0]_Callflow Closed!,Callflow ID:19 Callflow Name:RedWine
[I] 2012-05-07 16:55:47.608 (0x0F18):ErrorCode[0]_Connect to Database successful! ,ConnectionString:DSN=test;UID=sa;PWD=pcs123456;Initial Catalog=dbCallcenter_t
[I] 2012-05-07 16:55:47.752 (0x0F18):ErrorCode[0]_Open CallFlow and Nodes Record...,Callflow ID:19 Callflow Name:RedWine
[I] 2012-05-07 16:55:47.860 (0x0F18):ErrorCode[0]_Open Resource Record...,Project ID:170
[I] 2012-05-07 16:55:54.376 (0x0F18):ErrorCode[0]_Callflow Closed!,Callflow ID:180 Callflow Name:上海外联
[I] 2012-05-07 16:55:56.672 (0x0F18):ErrorCode[0]_Connect to Database successful! ,ConnectionString:DSN=test;UID=sa;PWD=pcs123456;Initial Catalog=dbCallcenter_t
[I] 2012-05-07 16:55:56.812 (0x0F18):ErrorCode[0]_Open CallFlow and Nodes Record...,Callflow ID:180 Callflow Name:上海外联
[I] 2012-05-07 16:55:56.876 (0x0F18):ErrorCode[0]_Open Resource Record...,Project ID:180
[I] 2012-05-07 16:55:59.216 (0x0F18):ErrorCode[0]_Callflow Closed!,Callflow ID:0 Callflow Name:
[I] 2012-05-07 16:55:59.264 (0x0F18):ErrorCode[0]_Callflow Closed!,Callflow ID:8 Callflow Name:test
[I] 2012-05-07 16:55:59.328 (0x0F18):ErrorCode[0]_Callflow Closed!,Callflow ID:19 Callflow Name:RedWine
[I] 2012-05-07 16:55:59.452 (0x0F18):ErrorCode[0]_Callflow Closed!,Callflow ID:180 Callflow Name:上海外联
[I] 2012-05-07 16:55:59.544 (0x0F18):ErrorCode[0]_Visual IVR Editor Shutdown....
[I] 2012-05-07 16:56:01.264 (0x0F18):ErrorCode[0]_Visual IVR Editor Started...,Version:6.10.2
[I] 2012-05-07 16:56:01.688 (0x0F18):ErrorCode[0]_Connect to Database successful! ,ConnectionString:DSN=test;UID=sa;PWD=pcs123456;Initial Catalog=dbCallcenter_t
[I] 2012-05-07 16:56:21.780 (0x0F18):ErrorCode[0]_Callflow Closed!,Callflow ID:0 Callflow Name:
[I] 2012-05-07 16:56:21.888 (0x0F18):ErrorCode[0]_Visual IVR Editor Shutdown....
[I] 2012-05-07 18:05:20.888 (0x084C):ErrorCode[0]_Visual IVR Editor Started...,Version:6.10.2
[I] 2012-05-07 18:05:21.720 (0x084C):ErrorCode[0]_Connect to Database successful! ,ConnectionString:DSN=test;UID=sa;PWD=pcs123456;Initial Catalog=dbCallcenter_t
[I] 2012-05-07 18:05:25.016 (0x084C):ErrorCode[0]_Connect to Database successful! ,ConnectionString:DSN=test;UID=sa;PWD=pcs123456;Initial Catalog=dbCallcenter_t
[I] 2012-05-07 18:05:25.124 (0x084C):ErrorCode[0]_Open CallFlow and Nodes Record...,Callflow ID:180 Callflow Name:上海外联
[I] 2012-05-07 18:05:25.204 (0x084C):ErrorCode[0]_Open Resource Record...,Project ID:180
[I] 2012-05-07 18:06:23.376 (0x084C):ErrorCode[0]_Add a new node,Node Index:79
[I] 2012-05-07 18:06:25.720 (0x084C):ErrorCode[0]_Add a new node,Node Index:80
[I] 2012-05-07 18:06:41.560 (0x084C):ErrorCode[0]_Add a new node,Node Index:81
[I] 2012-05-07 18:06:43.920 (0x084C):ErrorCode[0]_Add a new node,Node Index:82
[I] 2012-05-07 18:07:35.516 (0x084C):ErrorCode[0]_Add a new node,Node Index:83
[I] 2012-05-07 18:07:55.936 (0x084C):ErrorCode[0]_Update node info,Node ID:400
[I] 2012-05-07 18:08:01.156 (0x084C):ErrorCode[0]_Update node info,Node ID:400
[I] 2012-05-07 18:08:07.672 (0x084C):ErrorCode[0]_Add a new node,Node Index:84
[I] 2012-05-07 18:08:15.888 (0x084C):ErrorCode[0]_Update node info,Node ID:392
[I] 2012-05-07 18:08:25.796 (0x084C):ErrorCode[0]_Update node info,Node ID:392
[I] 2012-05-07 18:08:27.016 (0x084C):ErrorCode[0]_Callflow saved successful!,Callflow ID:180
[I] 2012-05-07 18:08:53.140 (0x084C):ErrorCode[0]_Update node info,Node ID:398
[I] 2012-05-07 18:09:10.264 (0x084C):ErrorCode[0]_Update node info,Node ID:398
[I] 2012-05-07 18:09:55.796 (0x084C):ErrorCode[0]_Update node info,Node ID:398
[I] 2012-05-07 18:09:57.296 (0x084C):ErrorCode[0]_Callflow saved successful!,Callflow ID:180
[I] 2012-05-07 20:35:02.392 (0x084C):ErrorCode[0]_Update node info,Node ID:367
[I] 2012-05-07 20:35:03.888 (0x084C):ErrorCode[0]_Callflow saved successful!,Callflow ID:180
[I] 2012-05-07 21:13:36.800 (0x084C):ErrorCode[0]_Update node info,Node ID:258
[I] 2012-05-07 21:13:38.032 (0x084C):ErrorCode[0]_Callflow saved successful!,Callflow ID:180
[I] 2012-05-07 21:20:20.328 (0x084C):ErrorCode[0]_Update node info,Node ID:367
[I] 2012-05-07 21:20:21.504 (0x084C):ErrorCode[0]_Callflow saved successful!,Callflow ID:180
[I] 2012-05-07 21:22:42.800 (0x084C):ErrorCode[0]_Callflow Closed!,Callflow ID:0 Callflow Name:
[I] 2012-05-07 21:22:42.920 (0x084C):ErrorCode[0]_Callflow Closed!,Callflow ID:180 Callflow Name:上海外联
[I] 2012-05-07 21:22:43.016 (0x084C):ErrorCode[0]_Visual IVR Editor Shutdown....
