[I] 2012-11-23 18:10:02.196 (0x0CA8):ErrorCode[0]_Visual IVR Editor Started...,Version:6.10.3
[I] 2012-11-23 18:10:03.416 (0x0CA8):ErrorCode[0]_Connect to Database successful! ,ConnectionString:Provider=SQLOLEDB;Integrated Security=SSPI;Data Source=127.0.0.1;Initial Catalog=dbCallcenter
[I] 2012-11-23 18:10:49.244 (0x0CA8):ErrorCode[0]_Callflow Closed!,Callflow ID:0 Callflow Name:
[I] 2012-11-23 18:10:49.292 (0x0CA8):ErrorCode[0]_Option changed successful! .
[I] 2012-11-23 18:10:51.320 (0x0CA8):ErrorCode[0]_Connect to Database successful! ,ConnectionString:DSN=test;UID=sa;PWD=pcs123456;Initial Catalog=dbCallcenter_Avaya
[I] 2012-11-23 18:10:53.620 (0x0CA8):ErrorCode[0]_Open CallFlow and Nodes Record...,Callflow ID:9 Callflow Name:VoxDemo
[I] 2012-11-23 18:10:53.776 (0x0CA8):ErrorCode[0]_Open Resource Record...,Project ID:9
[E] 2012-11-23 18:10:53.776 (0x0CA8):ErrorCode[94]_Show Call flow on Screen got error, Callflow ID: 9,使用 Null 无效
[I] 2012-11-23 18:18:04.588 (0x0CA8):ErrorCode[0]_Callflow Closed!,Callflow ID:9 Callflow Name:VoxDemo
[I] 2012-11-23 18:18:04.664 (0x0CA8):ErrorCode[0]_Visual IVR Editor Shutdown....
[I] 2012-11-23 18:40:52.184 (0x0E48):ErrorCode[0]_Visual IVR Editor Started...,Version:6.10.4
[I] 2012-11-23 18:40:52.840 (0x0E48):ErrorCode[0]_Connect to Database successful! ,ConnectionString:DSN=test;UID=sa;PWD=pcs123456;Initial Catalog=dbCallcenter_Avaya
[I] 2012-11-23 18:40:56.544 (0x0E48):ErrorCode[0]_Open CallFlow and Nodes Record...,Callflow ID:9 Callflow Name:VoxDemo
[I] 2012-11-23 18:40:56.576 (0x0E48):ErrorCode[0]_Open Resource Record...,Project ID:9
[E] 2012-11-23 18:40:56.592 (0x0E48):ErrorCode[94]_Show Call flow on Screen got error, Callflow ID: 9,Invalid use of Null
[I] 2012-11-23 18:41:16.912 (0x0E48):ErrorCode[0]_Add a new node,Node Index:6
[I] 2012-11-23 18:41:22.008 (0x0E48):ErrorCode[0]_Add a new node,Node Index:7
[I] 2012-11-23 18:41:41.056 (0x0E48):ErrorCode[0]_Callflow saved successful!,Callflow ID:9
[I] 2012-11-23 18:41:58.008 (0x0E48):ErrorCode[0]_Add a new node,Node Index:8
[I] 2012-11-23 18:42:05.184 (0x0E48):ErrorCode[0]_Delete a node,Node Index:8
[I] 2012-11-23 18:42:15.480 (0x0E48):ErrorCode[0]_Add a new node,Node Index:9
[I] 2012-11-23 18:42:21.024 (0x0E48):ErrorCode[0]_Delete a node,Node Index:9
[I] 2012-11-23 18:42:26.072 (0x0E48):ErrorCode[0]_Add a new node,Node Index:10
[I] 2012-11-23 18:42:31.232 (0x0E48):ErrorCode[0]_Delete a node,Node Index:10
[I] 2012-11-23 18:42:51.336 (0x0E48):ErrorCode[0]_Add a new node,Node Index:11
[I] 2012-11-23 18:43:02.896 (0x0E48):ErrorCode[0]_Delete a node,Node Index:11
[I] 2012-11-23 18:52:04.808 (0x0E48):ErrorCode[0]_Callflow saved successful!,Callflow ID:9
[I] 2012-11-23 18:52:40.168 (0x0E48):ErrorCode[0]_Update node info,Node ID:259
[I] 2012-11-23 18:52:55.648 (0x0E48):ErrorCode[0]_Callflow saved successful!,Callflow ID:9
[I] 2012-11-23 18:52:55.680 (0x0E48):ErrorCode[0]_Callflow Closed!,Callflow ID:9 Callflow Name:VoxDemo
[I] 2012-11-23 18:52:55.792 (0x0E48):ErrorCode[0]_Visual IVR Editor Shutdown....
[I] 2012-11-23 19:00:16.104 (0x0E48):ErrorCode[0]_Visual IVR Editor Started...,Version:6.10.4
[I] 2012-11-23 19:00:16.648 (0x0E48):ErrorCode[0]_Connect to Database successful! ,ConnectionString:DSN=test;UID=sa;PWD=pcs123456;Initial Catalog=dbCallcenter_Avaya
[I] 2012-11-23 19:00:25.088 (0x0E48):ErrorCode[0]_Open CallFlow and Nodes Record...,Callflow ID:9 Callflow Name:VoxDemo
[I] 2012-11-23 19:00:25.120 (0x0E48):ErrorCode[0]_Open Resource Record...,Project ID:9
[E] 2012-11-23 19:00:25.120 (0x0E48):ErrorCode[94]_Show Call flow on Screen got error, Callflow ID: 9,Invalid use of Null
[I] 2012-11-23 19:00:26.368 (0x0E48):ErrorCode[0]_Add a new node,Node Index:8
[I] 2012-11-23 19:00:30.992 (0x0E48):ErrorCode[0]_Callflow Closed!,Callflow ID:9 Callflow Name:VoxDemo
[I] 2012-11-23 19:00:31.104 (0x0E48):ErrorCode[0]_Visual IVR Editor Shutdown....
[I] 2012-11-23 19:11:41.856 (0x0E48):ErrorCode[0]_Visual IVR Editor Started...,Version:6.10.4
[I] 2012-11-23 19:11:42.336 (0x0E48):ErrorCode[0]_Connect to Database successful! ,ConnectionString:DSN=test;UID=sa;PWD=pcs123456;Initial Catalog=dbCallcenter_Avaya
[I] 2012-11-23 19:11:46.512 (0x0E48):ErrorCode[0]_Open CallFlow and Nodes Record...,Callflow ID:9 Callflow Name:VoxDemo
[I] 2012-11-23 19:11:46.544 (0x0E48):ErrorCode[0]_Open Resource Record...,Project ID:9
[E] 2012-11-23 19:11:46.544 (0x0E48):ErrorCode[94]_Show Call flow on Screen got error, Callflow ID: 9,Invalid use of Null
[I] 2012-11-23 19:11:59.432 (0x0E48):ErrorCode[0]_Add a new node,Node Index:8
[I] 2012-11-23 19:12:01.616 (0x0E48):ErrorCode[0]_Add a new node,Node Index:9
[I] 2012-11-23 19:12:15.776 (0x0E48):ErrorCode[0]_Add a new node,Node Index:10
[I] 2012-11-23 19:12:33.384 (0x0E48):ErrorCode[0]_Add a new node,Node Index:11
[I] 2012-11-23 19:12:40.776 (0x0E48):ErrorCode[0]_Callflow saved successful!,Callflow ID:9
[I] 2012-11-23 19:13:03.248 (0x0E48):ErrorCode[0]_Add a new node,Node Index:12
[I] 2012-11-23 19:13:15.960 (0x0E48):ErrorCode[0]_Update node info,Node ID:265
[I] 2012-11-23 19:13:17.808 (0x0E48):ErrorCode[0]_Add a new node,Node Index:13
[I] 2012-11-23 19:13:27.904 (0x0E48):ErrorCode[0]_Add a new node,Node Index:14
[I] 2012-11-23 19:13:59.872 (0x0E48):ErrorCode[0]_Add a new node,Node Index:15
[I] 2012-11-23 19:14:17.920 (0x0E48):ErrorCode[0]_Callflow saved successful!,Callflow ID:9
[I] 2012-11-23 19:14:22.088 (0x0E48):ErrorCode[0]_Add a new node,Node Index:16
[I] 2012-11-23 19:14:39.480 (0x0E48):ErrorCode[0]_Add a new node,Node Index:17
[I] 2012-11-23 19:15:01.888 (0x0E48):ErrorCode[0]_Update node info,Node ID:268
[I] 2012-11-23 19:15:08.120 (0x0E48):ErrorCode[0]_Add a new node,Node Index:18
[I] 2012-11-23 19:15:22.992 (0x0E48):ErrorCode[0]_Update node info,Node ID:270
[I] 2012-11-23 19:15:35.120 (0x0E48):ErrorCode[0]_Add a new node,Node Index:19
[I] 2012-11-23 19:15:50.232 (0x0E48):ErrorCode[0]_Add a new node,Node Index:20
[I] 2012-11-23 19:16:10.896 (0x0E48):ErrorCode[0]_Update node info,Node ID:272
[I] 2012-11-23 19:16:23.120 (0x0E48):ErrorCode[0]_Add a new node,Node Index:21
[I] 2012-11-23 19:16:26.416 (0x0E48):ErrorCode[0]_Add a new node,Node Index:22
[I] 2012-11-23 19:16:35.496 (0x0E48):ErrorCode[0]_Add a new node,Node Index:23
[I] 2012-11-23 19:17:03.936 (0x0E48):ErrorCode[0]_Update node info,Node ID:272
[I] 2012-11-23 19:17:07.872 (0x0E48):ErrorCode[0]_Callflow saved successful!,Callflow ID:9
[I] 2012-11-23 19:17:15.184 (0x0E48):ErrorCode[0]_Add a new node,Node Index:24
[I] 2012-11-23 19:17:30.760 (0x0E48):ErrorCode[0]_Callflow saved successful!,Callflow ID:9
[I] 2012-11-23 19:17:45.512 (0x0E48):ErrorCode[0]_Update node info,Node ID:261
[I] 2012-11-23 19:17:47.600 (0x0E48):ErrorCode[0]_Callflow saved successful!,Callflow ID:9
[I] 2012-11-23 19:17:59.320 (0x0E48):ErrorCode[0]_Update node info,Node ID:259
[I] 2012-11-23 19:18:09.216 (0x0E48):ErrorCode[0]_Update node info,Node ID:265
[I] 2012-11-23 19:18:10.760 (0x0E48):ErrorCode[0]_Callflow saved successful!,Callflow ID:9
[I] 2012-11-23 19:18:23.992 (0x0E48):ErrorCode[0]_Update node info,Node ID:263
[I] 2012-11-23 19:18:25.512 (0x0E48):ErrorCode[0]_Callflow saved successful!,Callflow ID:9
[I] 2012-11-23 19:18:27.728 (0x0E48):ErrorCode[0]_Callflow Closed!,Callflow ID:9 Callflow Name:VoxDemo
[I] 2012-11-23 19:18:27.824 (0x0E48):ErrorCode[0]_Visual IVR Editor Shutdown....
[I] 2012-11-23 19:18:58.136 (0x0E48):ErrorCode[0]_Visual IVR Editor Started...,Version:6.10.4
[I] 2012-11-23 19:18:58.664 (0x0E48):ErrorCode[0]_Connect to Database successful! ,ConnectionString:DSN=test;UID=sa;PWD=pcs123456;Initial Catalog=dbCallcenter_Avaya
[I] 2012-11-23 19:19:01.416 (0x0E48):ErrorCode[0]_Open CallFlow and Nodes Record...,Callflow ID:9 Callflow Name:VoxDemo
[I] 2012-11-23 19:19:01.448 (0x0E48):ErrorCode[0]_Open Resource Record...,Project ID:9
[I] 2012-11-23 19:19:18.152 (0x0E48):ErrorCode[0]_Add a new node,Node Index:25
[I] 2012-11-23 19:19:27.496 (0x0E48):ErrorCode[0]_Delete a node,Node Index:25
[I] 2012-11-23 19:19:30.152 (0x0E48):ErrorCode[0]_Callflow Closed!,Callflow ID:9 Callflow Name:VoxDemo
[I] 2012-11-23 19:19:30.240 (0x0E48):ErrorCode[0]_Visual IVR Editor Shutdown....
[I] 2012-11-23 19:20:19.072 (0x0E48):ErrorCode[0]_Visual IVR Editor Started...,Version:6.10.4
[I] 2012-11-23 19:20:19.584 (0x0E48):ErrorCode[0]_Connect to Database successful! ,ConnectionString:DSN=test;UID=sa;PWD=pcs123456;Initial Catalog=dbCallcenter_Avaya
[I] 2012-11-23 19:20:22.184 (0x0E48):ErrorCode[0]_Open CallFlow and Nodes Record...,Callflow ID:9 Callflow Name:VoxDemo
[I] 2012-11-23 19:20:22.216 (0x0E48):ErrorCode[0]_Open Resource Record...,Project ID:9
[I] 2012-11-23 19:20:34.368 (0x0E48):ErrorCode[0]_Callflow Closed!,Callflow ID:9 Callflow Name:VoxDemo
[I] 2012-11-23 19:20:34.448 (0x0E48):ErrorCode[0]_Visual IVR Editor Shutdown....
[I] 2012-11-23 19:22:20.888 (0x0E48):ErrorCode[0]_Visual IVR Editor Started...,Version:6.10.4
[I] 2012-11-23 19:22:21.432 (0x0E48):ErrorCode[0]_Connect to Database successful! ,ConnectionString:DSN=test;UID=sa;PWD=pcs123456;Initial Catalog=dbCallcenter_Avaya
[I] 2012-11-23 19:22:24.592 (0x0E48):ErrorCode[0]_Open CallFlow and Nodes Record...,Callflow ID:9 Callflow Name:VoxDemo
[I] 2012-11-23 19:22:24.608 (0x0E48):ErrorCode[0]_Open Resource Record...,Project ID:9
[I] 2012-11-23 19:22:41.856 (0x0E48):ErrorCode[0]_Update node info,Node ID:263
[I] 2012-11-23 19:22:46.072 (0x0E48):ErrorCode[0]_Callflow saved successful!,Callflow ID:9
[I] 2012-11-23 19:22:49.352 (0x0E48):ErrorCode[0]_Callflow Closed!,Callflow ID:9 Callflow Name:VoxDemo
[I] 2012-11-23 19:22:49.464 (0x0E48):ErrorCode[0]_Visual IVR Editor Shutdown....
[I] 2012-11-23 20:43:45.320 (0x0E48):ErrorCode[0]_Visual IVR Editor Started...,Version:6.10.4
[I] 2012-11-23 20:43:46.792 (0x0E48):ErrorCode[0]_Connect to Database successful! ,ConnectionString:DSN=test;UID=sa;PWD=pcs123456;Initial Catalog=dbCallcenter_Avaya
[I] 2012-11-23 20:43:50.088 (0x0E48):ErrorCode[0]_Open CallFlow and Nodes Record...,Callflow ID:9 Callflow Name:VoxDemo
[I] 2012-11-23 20:43:50.136 (0x0E48):ErrorCode[0]_Open Resource Record...,Project ID:9
[I] 2012-11-23 20:44:28.024 (0x0E48):ErrorCode[0]_Update node info,Node ID:259
[I] 2012-11-23 20:44:29.496 (0x0E48):ErrorCode[0]_Callflow saved successful!,Callflow ID:9
[I] 2012-11-23 20:44:37.304 (0x0E48):ErrorCode[0]_Update node info,Node ID:265
[I] 2012-11-23 20:44:58.304 (0x0E48):ErrorCode[0]_Update node info,Node ID:259
[I] 2012-11-23 20:45:02.272 (0x0E48):ErrorCode[0]_Update node info,Node ID:265
[I] 2012-11-23 20:45:22.744 (0x0E48):ErrorCode[0]_Update node info,Node ID:259
[I] 2012-11-23 20:45:37.600 (0x0E48):ErrorCode[0]_Update node info,Node ID:265
[I] 2012-11-23 20:45:55.448 (0x0E48):ErrorCode[0]_Update node info,Node ID:261
[I] 2012-11-23 20:46:01.712 (0x0E48):ErrorCode[0]_Callflow saved successful!,Callflow ID:9
[I] 2012-11-23 20:46:23.136 (0x0E48):ErrorCode[0]_Update node info,Node ID:261
[I] 2012-11-23 20:46:39.248 (0x0E48):ErrorCode[0]_Update node info,Node ID:273
[I] 2012-11-23 20:46:46.560 (0x0E48):ErrorCode[0]_Callflow saved successful!,Callflow ID:9
[I] 2012-11-23 20:46:49.776 (0x0E48):ErrorCode[0]_Add a new node,Node Index:25
[I] 2012-11-23 20:46:51.544 (0x0E48):ErrorCode[0]_Add a new node,Node Index:26
[I] 2012-11-23 20:47:10.992 (0x0E48):ErrorCode[0]_Update node info,Node ID:261
[I] 2012-11-23 20:47:21.992 (0x0E48):ErrorCode[0]_Update node info,Node ID:277
[I] 2012-11-23 20:47:25.368 (0x0E48):ErrorCode[0]_Callflow saved successful!,Callflow ID:9
[I] 2012-11-23 20:48:03.216 (0x0E48):ErrorCode[0]_Add resource item:1004 to Project:9.
[I] 2012-11-23 20:48:10.368 (0x0E48):ErrorCode[0]_Update node info,Node ID:277
[I] 2012-11-23 20:48:13.248 (0x0E48):ErrorCode[0]_Callflow saved successful!,Callflow ID:9
[I] 2012-11-23 20:48:24.912 (0x0E48):ErrorCode[0]_Update node info,Node ID:277
[I] 2012-11-23 20:48:32.728 (0x0E48):ErrorCode[0]_Update node info,Node ID:273
[I] 2012-11-23 20:48:35.904 (0x0E48):ErrorCode[0]_Callflow saved successful!,Callflow ID:9
[I] 2012-11-23 20:48:58.240 (0x0E48):ErrorCode[0]_Update Resource item:1001 in Project:9.
[I] 2012-11-23 20:49:11.304 (0x0E48):ErrorCode[0]_Update Resource item:1002 in Project:9.
[I] 2012-11-23 20:49:22.320 (0x0E48):ErrorCode[0]_Update Resource item:1003 in Project:9.
[I] 2012-11-23 20:49:35.008 (0x0E48):ErrorCode[0]_Update Resource item:1004 in Project:9.
[I] 2012-11-23 20:49:47.976 (0x0E48):ErrorCode[0]_Update Resource item:1003 in Project:9.
[I] 2012-11-23 20:49:58.088 (0x0E48):ErrorCode[0]_Update Resource item:1004 in Project:9.
[I] 2012-11-23 21:01:19.288 (0x0E48):ErrorCode[0]_Callflow Closed!,Callflow ID:9 Callflow Name:VoxDemo
[I] 2012-11-23 21:01:19.400 (0x0E48):ErrorCode[0]_Visual IVR Editor Shutdown....
