[I] 2013-04-12 11:57:24.296 (0x0DA0):ErrorCode[0]_Visual IVR Editor Started...,Version:6.10.4
[E] 2013-04-12 11:57:52.720 (0x0DA0):ErrorCode[-2147467259]_Connect to Database failed! ConnectionString:DSN=dbtest;UID=sa;PWD=pcs123456;Initial Catalog=dbCallcenter,[Microsoft][ODBC SQL Server Driver][DBNETLIB]无效的连接。
[I] 2013-04-12 12:02:33.092 (0x0DA0):ErrorCode[0]_Callflow Closed!,Callflow ID:0 Callflow Name:
[I] 2013-04-12 12:02:33.140 (0x0DA0):ErrorCode[0]_Option changed successful! .
[I] 2013-04-12 12:02:39.592 (0x0DA0):ErrorCode[0]_Connect to Database successful! ,ConnectionString:DSN=dbCallcenter;UID=sa;PWD=pcs123456;Initial Catalog=dbCallcenter
[I] 2013-04-12 12:02:56.844 (0x0DA0):ErrorCode[0]_Open CallFlow and Nodes Record...,Callflow ID:180 Callflow Name:上海外联
[I] 2013-04-12 12:02:58.592 (0x0DA0):ErrorCode[0]_Open Resource Record...,Project ID:180
[I] 2013-04-12 12:04:15.500 (0x0DA0):ErrorCode[0]_Connect to Database successful! ,ConnectionString:DSN=dbCallcenter;UID=sa;PWD=pcs123456;Initial Catalog=dbCallcenter
[I] 2013-04-12 12:04:15.812 (0x0DA0):ErrorCode[0]_Open CallFlow and Nodes Record...,Callflow ID:1 Callflow Name:Test Demo
[I] 2013-04-12 12:04:15.844 (0x0DA0):ErrorCode[0]_Open Resource Record...,Project ID:1
[I] 2013-04-12 12:04:36.328 (0x0DA0):ErrorCode[0]_Connect to Database successful! ,ConnectionString:DSN=dbCallcenter;UID=sa;PWD=pcs123456;Initial Catalog=dbCallcenter
[I] 2013-04-12 12:04:36.576 (0x0DA0):ErrorCode[0]_Open CallFlow and Nodes Record...,Callflow ID:10 Callflow Name:PCS_Demo
[E] 2013-04-12 12:04:36.608 (0x0DA0):ErrorCode[94]_Show Call flow on Screen got error, Callflow ID: 10,使用 Null 无效
[I] 2013-04-12 12:04:36.672 (0x0DA0):ErrorCode[0]_Open Resource Record...,Project ID:99
[E] 2013-04-12 12:04:36.704 (0x0DA0):ErrorCode[94]_Show Call flow on Screen got error, Callflow ID: 10,使用 Null 无效
[E] 2013-04-12 12:04:36.704 (0x0DA0):ErrorCode[94]_Show Call flow on Screen got error, Callflow ID: 10,使用 Null 无效
[E] 2013-04-12 12:04:36.720 (0x0DA0):ErrorCode[94]_Show Call flow on Screen got error, Callflow ID: 10,使用 Null 无效
[E] 2013-04-12 12:04:36.720 (0x0DA0):ErrorCode[94]_Show Call flow on Screen got error, Callflow ID: 10,使用 Null 无效
[E] 2013-04-12 12:04:36.736 (0x0DA0):ErrorCode[94]_Show Call flow on Screen got error, Callflow ID: 10,使用 Null 无效
[E] 2013-04-12 12:04:36.736 (0x0DA0):ErrorCode[94]_Show Call flow on Screen got error, Callflow ID: 10,使用 Null 无效
[E] 2013-04-12 12:04:36.752 (0x0DA0):ErrorCode[94]_Show Call flow on Screen got error, Callflow ID: 10,使用 Null 无效
[E] 2013-04-12 12:04:36.752 (0x0DA0):ErrorCode[94]_Show Call flow on Screen got error, Callflow ID: 10,使用 Null 无效
[E] 2013-04-12 12:04:36.764 (0x0DA0):ErrorCode[94]_Show Call flow on Screen got error, Callflow ID: 10,使用 Null 无效
[E] 2013-04-12 12:04:36.764 (0x0DA0):ErrorCode[94]_Show Call flow on Screen got error, Callflow ID: 10,使用 Null 无效
[E] 2013-04-12 12:04:36.780 (0x0DA0):ErrorCode[94]_Show Call flow on Screen got error, Callflow ID: 10,使用 Null 无效
[E] 2013-04-12 12:04:36.780 (0x0DA0):ErrorCode[94]_Show Call flow on Screen got error, Callflow ID: 10,使用 Null 无效
[E] 2013-04-12 12:04:36.828 (0x0DA0):ErrorCode[94]_Show Call flow on Screen got error, Callflow ID: 10,使用 Null 无效
[E] 2013-04-12 12:04:36.844 (0x0DA0):ErrorCode[94]_Show Call flow on Screen got error, Callflow ID: 10,使用 Null 无效
[E] 2013-04-12 12:04:36.844 (0x0DA0):ErrorCode[94]_Show Call flow on Screen got error, Callflow ID: 10,使用 Null 无效
[E] 2013-04-12 12:04:36.860 (0x0DA0):ErrorCode[94]_Show Call flow on Screen got error, Callflow ID: 10,使用 Null 无效
[E] 2013-04-12 12:04:36.876 (0x0DA0):ErrorCode[94]_Show Call flow on Screen got error, Callflow ID: 10,使用 Null 无效
[E] 2013-04-12 12:04:36.876 (0x0DA0):ErrorCode[94]_Show Call flow on Screen got error, Callflow ID: 10,使用 Null 无效
[E] 2013-04-12 12:04:36.904 (0x0DA0):ErrorCode[94]_Show Call flow on Screen got error, Callflow ID: 10,使用 Null 无效
[E] 2013-04-12 12:04:36.904 (0x0DA0):ErrorCode[94]_Show Call flow on Screen got error, Callflow ID: 10,使用 Null 无效
[E] 2013-04-12 12:04:36.904 (0x0DA0):ErrorCode[94]_Show Call flow on Screen got error, Callflow ID: 10,使用 Null 无效
[E] 2013-04-12 12:04:36.920 (0x0DA0):ErrorCode[94]_Show Call flow on Screen got error, Callflow ID: 10,使用 Null 无效
[E] 2013-04-12 12:04:36.936 (0x0DA0):ErrorCode[94]_Show Call flow on Screen got error, Callflow ID: 10,使用 Null 无效
[E] 2013-04-12 12:04:36.952 (0x0DA0):ErrorCode[94]_Show Call flow on Screen got error, Callflow ID: 10,使用 Null 无效
[E] 2013-04-12 12:04:36.968 (0x0DA0):ErrorCode[94]_Show Call flow on Screen got error, Callflow ID: 10,使用 Null 无效
[E] 2013-04-12 12:04:36.968 (0x0DA0):ErrorCode[94]_Show Call flow on Screen got error, Callflow ID: 10,使用 Null 无效
[E] 2013-04-12 12:04:36.984 (0x0DA0):ErrorCode[94]_Show Call flow on Screen got error, Callflow ID: 10,使用 Null 无效
[E] 2013-04-12 12:04:37.000 (0x0DA0):ErrorCode[94]_Show Call flow on Screen got error, Callflow ID: 10,使用 Null 无效
[E] 2013-04-12 12:04:37.016 (0x0DA0):ErrorCode[94]_Show Call flow on Screen got error, Callflow ID: 10,使用 Null 无效
[E] 2013-04-12 12:04:37.032 (0x0DA0):ErrorCode[94]_Show Call flow on Screen got error, Callflow ID: 10,使用 Null 无效
[E] 2013-04-12 12:04:37.048 (0x0DA0):ErrorCode[94]_Show Call flow on Screen got error, Callflow ID: 10,使用 Null 无效
[E] 2013-04-12 12:04:37.064 (0x0DA0):ErrorCode[94]_Show Call flow on Screen got error, Callflow ID: 10,使用 Null 无效
[E] 2013-04-12 12:04:37.064 (0x0DA0):ErrorCode[94]_Show Call flow on Screen got error, Callflow ID: 10,使用 Null 无效
[E] 2013-04-12 12:04:37.080 (0x0DA0):ErrorCode[94]_Show Call flow on Screen got error, Callflow ID: 10,使用 Null 无效
[E] 2013-04-12 12:04:37.092 (0x0DA0):ErrorCode[94]_Show Call flow on Screen got error, Callflow ID: 10,使用 Null 无效
[E] 2013-04-12 12:04:37.092 (0x0DA0):ErrorCode[94]_Show Call flow on Screen got error, Callflow ID: 10,使用 Null 无效
[E] 2013-04-12 12:04:37.108 (0x0DA0):ErrorCode[94]_Show Call flow on Screen got error, Callflow ID: 10,使用 Null 无效
[E] 2013-04-12 12:04:37.108 (0x0DA0):ErrorCode[94]_Show Call flow on Screen got error, Callflow ID: 10,使用 Null 无效
[E] 2013-04-12 12:04:37.140 (0x0DA0):ErrorCode[94]_Show Call flow on Screen got error, Callflow ID: 10,使用 Null 无效
[E] 2013-04-12 12:04:37.140 (0x0DA0):ErrorCode[94]_Show Call flow on Screen got error, Callflow ID: 10,使用 Null 无效
[E] 2013-04-12 12:04:37.156 (0x0DA0):ErrorCode[94]_Show Call flow on Screen got error, Callflow ID: 10,使用 Null 无效
[E] 2013-04-12 12:04:37.156 (0x0DA0):ErrorCode[94]_Show Call flow on Screen got error, Callflow ID: 10,使用 Null 无效
[E] 2013-04-12 12:04:37.172 (0x0DA0):ErrorCode[94]_Show Call flow on Screen got error, Callflow ID: 10,使用 Null 无效
[E] 2013-04-12 12:04:37.204 (0x0DA0):ErrorCode[94]_Show Call flow on Screen got error, Callflow ID: 10,使用 Null 无效
[E] 2013-04-12 12:04:37.280 (0x0DA0):ErrorCode[94]_Show Call flow on Screen got error, Callflow ID: 10,使用 Null 无效
[E] 2013-04-12 12:04:37.280 (0x0DA0):ErrorCode[94]_Show Call flow on Screen got error, Callflow ID: 10,使用 Null 无效
[E] 2013-04-12 12:04:37.296 (0x0DA0):ErrorCode[94]_Show Call flow on Screen got error, Callflow ID: 10,使用 Null 无效
[E] 2013-04-12 12:04:37.296 (0x0DA0):ErrorCode[94]_Show Call flow on Screen got error, Callflow ID: 10,使用 Null 无效
[E] 2013-04-12 12:04:37.312 (0x0DA0):ErrorCode[94]_Show Call flow on Screen got error, Callflow ID: 10,使用 Null 无效
[E] 2013-04-12 12:04:37.312 (0x0DA0):ErrorCode[94]_Show Call flow on Screen got error, Callflow ID: 10,使用 Null 无效
[E] 2013-04-12 12:04:37.328 (0x0DA0):ErrorCode[94]_Show Call flow on Screen got error, Callflow ID: 10,使用 Null 无效
[E] 2013-04-12 12:04:37.344 (0x0DA0):ErrorCode[94]_Show Call flow on Screen got error, Callflow ID: 10,使用 Null 无效
[E] 2013-04-12 12:04:37.344 (0x0DA0):ErrorCode[94]_Show Call flow on Screen got error, Callflow ID: 10,使用 Null 无效
[E] 2013-04-12 12:04:37.376 (0x0DA0):ErrorCode[94]_Show Call flow on Screen got error, Callflow ID: 10,使用 Null 无效
[I] 2013-04-12 16:22:04.652 (0x02C0):ErrorCode[0]_Visual IVR Editor Started...,Version:6.10.4
[I] 2013-04-12 16:22:06.732 (0x02C0):ErrorCode[0]_Connect to Database successful! ,ConnectionString:DSN=dbCallcenter;UID=sa;PWD=pcs123456;Initial Catalog=dbCallcenter
[I] 2013-04-12 16:22:13.480 (0x02C0):ErrorCode[0]_Open CallFlow and Nodes Record...,Callflow ID:10 Callflow Name:PCS_Demo
[E] 2013-04-12 16:22:13.528 (0x02C0):ErrorCode[94]_Show Call flow on Screen got error, Callflow ID: 10,使用 Null 无效
[I] 2013-04-12 16:22:13.808 (0x02C0):ErrorCode[0]_Open Resource Record...,Project ID:99
[E] 2013-04-12 16:22:13.824 (0x02C0):ErrorCode[94]_Show Call flow on Screen got error, Callflow ID: 10,使用 Null 无效
[E] 2013-04-12 16:22:13.840 (0x02C0):ErrorCode[94]_Show Call flow on Screen got error, Callflow ID: 10,使用 Null 无效
[E] 2013-04-12 16:22:13.840 (0x02C0):ErrorCode[94]_Show Call flow on Screen got error, Callflow ID: 10,使用 Null 无效
[E] 2013-04-12 16:22:13.856 (0x02C0):ErrorCode[94]_Show Call flow on Screen got error, Callflow ID: 10,使用 Null 无效
[E] 2013-04-12 16:22:13.872 (0x02C0):ErrorCode[94]_Show Call flow on Screen got error, Callflow ID: 10,使用 Null 无效
[E] 2013-04-12 16:22:13.872 (0x02C0):ErrorCode[94]_Show Call flow on Screen got error, Callflow ID: 10,使用 Null 无效
[E] 2013-04-12 16:22:13.872 (0x02C0):ErrorCode[94]_Show Call flow on Screen got error, Callflow ID: 10,使用 Null 无效
[E] 2013-04-12 16:22:13.888 (0x02C0):ErrorCode[94]_Show Call flow on Screen got error, Callflow ID: 10,使用 Null 无效
[E] 2013-04-12 16:22:13.888 (0x02C0):ErrorCode[94]_Show Call flow on Screen got error, Callflow ID: 10,使用 Null 无效
[E] 2013-04-12 16:22:13.904 (0x02C0):ErrorCode[94]_Show Call flow on Screen got error, Callflow ID: 10,使用 Null 无效
[E] 2013-04-12 16:22:13.904 (0x02C0):ErrorCode[94]_Show Call flow on Screen got error, Callflow ID: 10,使用 Null 无效
[E] 2013-04-12 16:22:13.920 (0x02C0):ErrorCode[94]_Show Call flow on Screen got error, Callflow ID: 10,使用 Null 无效
[E] 2013-04-12 16:22:13.920 (0x02C0):ErrorCode[94]_Show Call flow on Screen got error, Callflow ID: 10,使用 Null 无效
[E] 2013-04-12 16:22:13.936 (0x02C0):ErrorCode[94]_Show Call flow on Screen got error, Callflow ID: 10,使用 Null 无效
[E] 2013-04-12 16:22:13.936 (0x02C0):ErrorCode[94]_Show Call flow on Screen got error, Callflow ID: 10,使用 Null 无效
[E] 2013-04-12 16:22:13.952 (0x02C0):ErrorCode[94]_Show Call flow on Screen got error, Callflow ID: 10,使用 Null 无效
[E] 2013-04-12 16:22:13.952 (0x02C0):ErrorCode[94]_Show Call flow on Screen got error, Callflow ID: 10,使用 Null 无效
[E] 2013-04-12 16:22:13.964 (0x02C0):ErrorCode[94]_Show Call flow on Screen got error, Callflow ID: 10,使用 Null 无效
[E] 2013-04-12 16:22:13.980 (0x02C0):ErrorCode[94]_Show Call flow on Screen got error, Callflow ID: 10,使用 Null 无效
[E] 2013-04-12 16:22:13.980 (0x02C0):ErrorCode[94]_Show Call flow on Screen got error, Callflow ID: 10,使用 Null 无效
[E] 2013-04-12 16:22:13.996 (0x02C0):ErrorCode[94]_Show Call flow on Screen got error, Callflow ID: 10,使用 Null 无效
[E] 2013-04-12 16:22:13.996 (0x02C0):ErrorCode[94]_Show Call flow on Screen got error, Callflow ID: 10,使用 Null 无效
[E] 2013-04-12 16:22:14.012 (0x02C0):ErrorCode[94]_Show Call flow on Screen got error, Callflow ID: 10,使用 Null 无效
[E] 2013-04-12 16:22:14.012 (0x02C0):ErrorCode[94]_Show Call flow on Screen got error, Callflow ID: 10,使用 Null 无效
[E] 2013-04-12 16:22:14.028 (0x02C0):ErrorCode[94]_Show Call flow on Screen got error, Callflow ID: 10,使用 Null 无效
[E] 2013-04-12 16:22:14.028 (0x02C0):ErrorCode[94]_Show Call flow on Screen got error, Callflow ID: 10,使用 Null 无效
[E] 2013-04-12 16:22:14.044 (0x02C0):ErrorCode[94]_Show Call flow on Screen got error, Callflow ID: 10,使用 Null 无效
[E] 2013-04-12 16:22:14.044 (0x02C0):ErrorCode[94]_Show Call flow on Screen got error, Callflow ID: 10,使用 Null 无效
[E] 2013-04-12 16:22:14.044 (0x02C0):ErrorCode[94]_Show Call flow on Screen got error, Callflow ID: 10,使用 Null 无效
[E] 2013-04-12 16:22:14.060 (0x02C0):ErrorCode[94]_Show Call flow on Screen got error, Callflow ID: 10,使用 Null 无效
[E] 2013-04-12 16:22:14.076 (0x02C0):ErrorCode[94]_Show Call flow on Screen got error, Callflow ID: 10,使用 Null 无效
[E] 2013-04-12 16:22:14.076 (0x02C0):ErrorCode[94]_Show Call flow on Screen got error, Callflow ID: 10,使用 Null 无效
[E] 2013-04-12 16:22:14.088 (0x02C0):ErrorCode[94]_Show Call flow on Screen got error, Callflow ID: 10,使用 Null 无效
[E] 2013-04-12 16:22:14.088 (0x02C0):ErrorCode[94]_Show Call flow on Screen got error, Callflow ID: 10,使用 Null 无效
[E] 2013-04-12 16:22:14.088 (0x02C0):ErrorCode[94]_Show Call flow on Screen got error, Callflow ID: 10,使用 Null 无效
[E] 2013-04-12 16:22:14.104 (0x02C0):ErrorCode[94]_Show Call flow on Screen got error, Callflow ID: 10,使用 Null 无效
[E] 2013-04-12 16:22:14.104 (0x02C0):ErrorCode[94]_Show Call flow on Screen got error, Callflow ID: 10,使用 Null 无效
[E] 2013-04-12 16:22:14.120 (0x02C0):ErrorCode[94]_Show Call flow on Screen got error, Callflow ID: 10,使用 Null 无效
[E] 2013-04-12 16:22:14.120 (0x02C0):ErrorCode[94]_Show Call flow on Screen got error, Callflow ID: 10,使用 Null 无效
[E] 2013-04-12 16:22:14.136 (0x02C0):ErrorCode[94]_Show Call flow on Screen got error, Callflow ID: 10,使用 Null 无效
[E] 2013-04-12 16:22:14.136 (0x02C0):ErrorCode[94]_Show Call flow on Screen got error, Callflow ID: 10,使用 Null 无效
[E] 2013-04-12 16:22:14.152 (0x02C0):ErrorCode[94]_Show Call flow on Screen got error, Callflow ID: 10,使用 Null 无效
[E] 2013-04-12 16:22:14.152 (0x02C0):ErrorCode[94]_Show Call flow on Screen got error, Callflow ID: 10,使用 Null 无效
[E] 2013-04-12 16:22:14.168 (0x02C0):ErrorCode[94]_Show Call flow on Screen got error, Callflow ID: 10,使用 Null 无效
[E] 2013-04-12 16:22:14.184 (0x02C0):ErrorCode[94]_Show Call flow on Screen got error, Callflow ID: 10,使用 Null 无效
[E] 2013-04-12 16:22:14.184 (0x02C0):ErrorCode[94]_Show Call flow on Screen got error, Callflow ID: 10,使用 Null 无效
[E] 2013-04-12 16:22:14.200 (0x02C0):ErrorCode[94]_Show Call flow on Screen got error, Callflow ID: 10,使用 Null 无效
[E] 2013-04-12 16:22:14.200 (0x02C0):ErrorCode[94]_Show Call flow on Screen got error, Callflow ID: 10,使用 Null 无效
[E] 2013-04-12 16:22:14.216 (0x02C0):ErrorCode[94]_Show Call flow on Screen got error, Callflow ID: 10,使用 Null 无效
[E] 2013-04-12 16:22:14.216 (0x02C0):ErrorCode[94]_Show Call flow on Screen got error, Callflow ID: 10,使用 Null 无效
[E] 2013-04-12 16:22:14.232 (0x02C0):ErrorCode[94]_Show Call flow on Screen got error, Callflow ID: 10,使用 Null 无效
[E] 2013-04-12 16:22:14.232 (0x02C0):ErrorCode[94]_Show Call flow on Screen got error, Callflow ID: 10,使用 Null 无效
[E] 2013-04-12 16:22:14.248 (0x02C0):ErrorCode[94]_Show Call flow on Screen got error, Callflow ID: 10,使用 Null 无效
[E] 2013-04-12 16:22:14.248 (0x02C0):ErrorCode[94]_Show Call flow on Screen got error, Callflow ID: 10,使用 Null 无效
[I] 2013-04-12 20:19:46.672 (0x02C0):ErrorCode[0]_Callflow Closed!,Callflow ID:10 Callflow Name:PCS_Demo
[I] 2013-04-12 20:19:48.672 (0x02C0):ErrorCode[0]_Visual IVR Editor Shutdown....
[I] 2013-04-12 20:31:48.024 (0x0FA8):ErrorCode[0]_Visual IVR Editor Started...,Version:6.10.4
[I] 2013-04-12 20:31:51.232 (0x0FA8):ErrorCode[0]_Connect to Database successful! ,ConnectionString:DSN=dbCallcenter;UID=sa;PWD=pcs123456;Initial Catalog=dbCallcenter
[I] 2013-04-12 20:32:00.024 (0x0FA8):ErrorCode[0]_Open CallFlow and Nodes Record...,Callflow ID:10 Callflow Name:PCS_Demo
[E] 2013-04-12 20:32:00.184 (0x0FA8):ErrorCode[94]_Show Call flow on Screen got error, Callflow ID: 10,使用 Null 无效
[I] 2013-04-12 20:32:00.480 (0x0FA8):ErrorCode[0]_Open Resource Record...,Project ID:99
[E] 2013-04-12 20:32:00.592 (0x0FA8):ErrorCode[94]_Show Call flow on Screen got error, Callflow ID: 10,使用 Null 无效
[E] 2013-04-12 20:32:00.672 (0x0FA8):ErrorCode[94]_Show Call flow on Screen got error, Callflow ID: 10,使用 Null 无效
[E] 2013-04-12 20:32:00.728 (0x0FA8):ErrorCode[94]_Show Call flow on Screen got error, Callflow ID: 10,使用 Null 无效
[E] 2013-04-12 20:32:00.776 (0x0FA8):ErrorCode[94]_Show Call flow on Screen got error, Callflow ID: 10,使用 Null 无效
[E] 2013-04-12 20:32:00.824 (0x0FA8):ErrorCode[94]_Show Call flow on Screen got error, Callflow ID: 10,使用 Null 无效
[E] 2013-04-12 20:32:00.920 (0x0FA8):ErrorCode[94]_Show Call flow on Screen got error, Callflow ID: 10,使用 Null 无效
[E] 2013-04-12 20:32:00.936 (0x0FA8):ErrorCode[94]_Show Call flow on Screen got error, Callflow ID: 10,使用 Null 无效
[E] 2013-04-12 20:32:00.968 (0x0FA8):ErrorCode[94]_Show Call flow on Screen got error, Callflow ID: 10,使用 Null 无效
[E] 2013-04-12 20:32:01.040 (0x0FA8):ErrorCode[94]_Show Call flow on Screen got error, Callflow ID: 10,使用 Null 无效
[E] 2013-04-12 20:32:01.104 (0x0FA8):ErrorCode[94]_Show Call flow on Screen got error, Callflow ID: 10,使用 Null 无效
[E] 2013-04-12 20:32:01.184 (0x0FA8):ErrorCode[94]_Show Call flow on Screen got error, Callflow ID: 10,使用 Null 无效
[E] 2013-04-12 20:32:01.264 (0x0FA8):ErrorCode[94]_Show Call flow on Screen got error, Callflow ID: 10,使用 Null 无效
[E] 2013-04-12 20:32:01.368 (0x0FA8):ErrorCode[94]_Show Call flow on Screen got error, Callflow ID: 10,使用 Null 无效
[E] 2013-04-12 20:32:01.448 (0x0FA8):ErrorCode[94]_Show Call flow on Screen got error, Callflow ID: 10,使用 Null 无效
[E] 2013-04-12 20:32:01.544 (0x0FA8):ErrorCode[94]_Show Call flow on Screen got error, Callflow ID: 10,使用 Null 无效
[E] 2013-04-12 20:32:01.648 (0x0FA8):ErrorCode[94]_Show Call flow on Screen got error, Callflow ID: 10,使用 Null 无效
[E] 2013-04-12 20:32:01.792 (0x0FA8):ErrorCode[94]_Show Call flow on Screen got error, Callflow ID: 10,使用 Null 无效
[E] 2013-04-12 20:32:01.824 (0x0FA8):ErrorCode[94]_Show Call flow on Screen got error, Callflow ID: 10,使用 Null 无效
[E] 2013-04-12 20:32:01.872 (0x0FA8):ErrorCode[94]_Show Call flow on Screen got error, Callflow ID: 10,使用 Null 无效
[E] 2013-04-12 20:32:01.888 (0x0FA8):ErrorCode[94]_Show Call flow on Screen got error, Callflow ID: 10,使用 Null 无效
[E] 2013-04-12 20:32:01.968 (0x0FA8):ErrorCode[94]_Show Call flow on Screen got error, Callflow ID: 10,使用 Null 无效
[E] 2013-04-12 20:32:02.040 (0x0FA8):ErrorCode[94]_Show Call flow on Screen got error, Callflow ID: 10,使用 Null 无效
[E] 2013-04-12 20:32:02.056 (0x0FA8):ErrorCode[94]_Show Call flow on Screen got error, Callflow ID: 10,使用 Null 无效
[E] 2013-04-12 20:32:02.088 (0x0FA8):ErrorCode[94]_Show Call flow on Screen got error, Callflow ID: 10,使用 Null 无效
[E] 2013-04-12 20:32:02.104 (0x0FA8):ErrorCode[94]_Show Call flow on Screen got error, Callflow ID: 10,使用 Null 无效
[E] 2013-04-12 20:32:02.120 (0x0FA8):ErrorCode[94]_Show Call flow on Screen got error, Callflow ID: 10,使用 Null 无效
[E] 2013-04-12 20:32:02.136 (0x0FA8):ErrorCode[94]_Show Call flow on Screen got error, Callflow ID: 10,使用 Null 无效
[E] 2013-04-12 20:32:02.232 (0x0FA8):ErrorCode[94]_Show Call flow on Screen got error, Callflow ID: 10,使用 Null 无效
[E] 2013-04-12 20:32:02.336 (0x0FA8):ErrorCode[94]_Show Call flow on Screen got error, Callflow ID: 10,使用 Null 无效
[E] 2013-04-12 20:32:02.368 (0x0FA8):ErrorCode[94]_Show Call flow on Screen got error, Callflow ID: 10,使用 Null 无效
[E] 2013-04-12 20:32:02.416 (0x0FA8):ErrorCode[94]_Show Call flow on Screen got error, Callflow ID: 10,使用 Null 无效
[E] 2013-04-12 20:32:02.512 (0x0FA8):ErrorCode[94]_Show Call flow on Screen got error, Callflow ID: 10,使用 Null 无效
[E] 2013-04-12 20:32:02.608 (0x0FA8):ErrorCode[94]_Show Call flow on Screen got error, Callflow ID: 10,使用 Null 无效
[E] 2013-04-12 20:32:02.696 (0x0FA8):ErrorCode[94]_Show Call flow on Screen got error, Callflow ID: 10,使用 Null 无效
[E] 2013-04-12 20:32:02.824 (0x0FA8):ErrorCode[94]_Show Call flow on Screen got error, Callflow ID: 10,使用 Null 无效
[E] 2013-04-12 20:32:02.904 (0x0FA8):ErrorCode[94]_Show Call flow on Screen got error, Callflow ID: 10,使用 Null 无效
[E] 2013-04-12 20:32:02.936 (0x0FA8):ErrorCode[94]_Show Call flow on Screen got error, Callflow ID: 10,使用 Null 无效
[E] 2013-04-12 20:32:02.976 (0x0FA8):ErrorCode[94]_Show Call flow on Screen got error, Callflow ID: 10,使用 Null 无效
[E] 2013-04-12 20:32:02.992 (0x0FA8):ErrorCode[94]_Show Call flow on Screen got error, Callflow ID: 10,使用 Null 无效
[E] 2013-04-12 20:32:03.024 (0x0FA8):ErrorCode[94]_Show Call flow on Screen got error, Callflow ID: 10,使用 Null 无效
[E] 2013-04-12 20:32:03.056 (0x0FA8):ErrorCode[94]_Show Call flow on Screen got error, Callflow ID: 10,使用 Null 无效
[E] 2013-04-12 20:32:03.136 (0x0FA8):ErrorCode[94]_Show Call flow on Screen got error, Callflow ID: 10,使用 Null 无效
[E] 2013-04-12 20:32:03.200 (0x0FA8):ErrorCode[94]_Show Call flow on Screen got error, Callflow ID: 10,使用 Null 无效
[E] 2013-04-12 20:32:03.328 (0x0FA8):ErrorCode[94]_Show Call flow on Screen got error, Callflow ID: 10,使用 Null 无效
[E] 2013-04-12 20:32:03.400 (0x0FA8):ErrorCode[94]_Show Call flow on Screen got error, Callflow ID: 10,使用 Null 无效
[E] 2013-04-12 20:32:03.480 (0x0FA8):ErrorCode[94]_Show Call flow on Screen got error, Callflow ID: 10,使用 Null 无效
[E] 2013-04-12 20:32:03.544 (0x0FA8):ErrorCode[94]_Show Call flow on Screen got error, Callflow ID: 10,使用 Null 无效
[E] 2013-04-12 20:32:03.664 (0x0FA8):ErrorCode[94]_Show Call flow on Screen got error, Callflow ID: 10,使用 Null 无效
[E] 2013-04-12 20:32:03.760 (0x0FA8):ErrorCode[94]_Show Call flow on Screen got error, Callflow ID: 10,使用 Null 无效
[E] 2013-04-12 20:32:03.824 (0x0FA8):ErrorCode[94]_Show Call flow on Screen got error, Callflow ID: 10,使用 Null 无效
[E] 2013-04-12 20:32:03.888 (0x0FA8):ErrorCode[94]_Show Call flow on Screen got error, Callflow ID: 10,使用 Null 无效
[E] 2013-04-12 20:32:04.016 (0x0FA8):ErrorCode[94]_Show Call flow on Screen got error, Callflow ID: 10,使用 Null 无效
[E] 2013-04-12 20:32:04.024 (0x0FA8):ErrorCode[94]_Show Call flow on Screen got error, Callflow ID: 10,使用 Null 无效
[E] 2013-04-12 20:32:04.056 (0x0FA8):ErrorCode[94]_Show Call flow on Screen got error, Callflow ID: 10,使用 Null 无效
[I] 2013-04-12 21:16:25.184 (0x0FA8):ErrorCode[0]_Callflow Closed!,Callflow ID:10 Callflow Name:PCS_Demo
[I] 2013-04-12 21:16:25.328 (0x0FA8):ErrorCode[0]_Visual IVR Editor Shutdown....
